{"/home/ishmax/backend-blog-api/src/index.js":{"path":"/home/ishmax/backend-blog-api/src/index.js","statementMap":{"0":{"start":{"line":3,"column":30},"end":{"line":3,"column":86}},"1":{"start":{"line":5,"column":29},"end":{"line":5,"column":84}},"2":{"start":{"line":7,"column":0},"end":{"line":9,"column":3}},"3":{"start":{"line":10,"column":0},"end":{"line":10,"column":28}},"4":{"start":{"line":12,"column":15},"end":{"line":12,"column":57}},"5":{"start":{"line":14,"column":17},"end":{"line":14,"column":64}},"6":{"start":{"line":16,"column":18},"end":{"line":16,"column":64}},"7":{"start":{"line":18,"column":13},"end":{"line":18,"column":68}},"8":{"start":{"line":20,"column":13},"end":{"line":20,"column":68}},"9":{"start":{"line":22,"column":16},"end":{"line":22,"column":74}},"10":{"start":{"line":24,"column":20},"end":{"line":24,"column":83}},"11":{"start":{"line":26,"column":12},"end":{"line":26,"column":66}},"12":{"start":{"line":28,"column":12},"end":{"line":28,"column":66}},"13":{"start":{"line":30,"column":10},"end":{"line":30,"column":36}},"14":{"start":{"line":31,"column":11},"end":{"line":31,"column":35}},"15":{"start":{"line":33,"column":0},"end":{"line":33,"column":27}},"16":{"start":{"line":35,"column":0},"end":{"line":37,"column":4}},"17":{"start":{"line":38,"column":0},"end":{"line":43,"column":3}},"18":{"start":{"line":39,"column":2},"end":{"line":42,"column":5}},"19":{"start":{"line":44,"column":0},"end":{"line":44,"column":32}},"20":{"start":{"line":45,"column":0},"end":{"line":45,"column":32}},"21":{"start":{"line":46,"column":0},"end":{"line":46,"column":31}},"22":{"start":{"line":47,"column":0},"end":{"line":47,"column":35}},"23":{"start":{"line":48,"column":0},"end":{"line":48,"column":39}},"24":{"start":{"line":49,"column":0},"end":{"line":49,"column":31}},"25":{"start":{"line":50,"column":0},"end":{"line":52,"column":3}},"26":{"start":{"line":51,"column":2},"end":{"line":51,"column":63}},"27":{"start":{"line":53,"column":0},"end":{"line":57,"column":3}},"28":{"start":{"line":54,"column":2},"end":{"line":56,"column":5}},"29":{"start":{"line":58,"column":0},"end":{"line":60,"column":3}},"30":{"start":{"line":59,"column":2},"end":{"line":59,"column":68}},"31":{"start":{"line":61,"column":15},"end":{"line":61,"column":18}},"32":{"start":{"line":62,"column":0},"end":{"line":62,"column":30}}},"fnMap":{"0":{"name":"(anonymous_0)","decl":{"start":{"line":38,"column":13},"end":{"line":38,"column":14}},"loc":{"start":{"line":38,"column":33},"end":{"line":43,"column":1}},"line":38},"1":{"name":"(anonymous_1)","decl":{"start":{"line":50,"column":8},"end":{"line":50,"column":9}},"loc":{"start":{"line":50,"column":34},"end":{"line":52,"column":1}},"line":50},"2":{"name":"(anonymous_2)","decl":{"start":{"line":53,"column":8},"end":{"line":53,"column":9}},"loc":{"start":{"line":53,"column":39},"end":{"line":57,"column":1}},"line":53},"3":{"name":"(anonymous_3)","decl":{"start":{"line":58,"column":17},"end":{"line":58,"column":18}},"loc":{"start":{"line":58,"column":29},"end":{"line":60,"column":1}},"line":58}},"branchMap":{"0":{"loc":{"start":{"line":31,"column":11},"end":{"line":31,"column":35}},"type":"binary-expr","locations":[{"start":{"line":31,"column":11},"end":{"line":31,"column":27}},{"start":{"line":31,"column":31},"end":{"line":31,"column":35}}],"line":31},"1":{"loc":{"start":{"line":54,"column":13},"end":{"line":54,"column":30}},"type":"binary-expr","locations":[{"start":{"line":54,"column":13},"end":{"line":54,"column":23}},{"start":{"line":54,"column":27},"end":{"line":54,"column":30}}],"line":54}},"s":{"0":1,"1":1,"2":1,"3":1,"4":1,"5":1,"6":1,"7":1,"8":1,"9":1,"10":1,"11":1,"12":1,"13":1,"14":1,"15":1,"16":1,"17":1,"18":1,"19":1,"20":1,"21":1,"22":1,"23":1,"24":1,"25":1,"26":1,"27":1,"28":1,"29":1,"30":1,"31":1,"32":1},"f":{"0":1,"1":1,"2":1,"3":1},"b":{"0":[1,1],"1":[1,0]},"inputSourceMap":{"version":3,"sources":["index.js"],"names":["app","port","process","env","PORT","use","bodyParser","json","urlencoded","extended","get","req","res","status","message","users","posts","blog","messages","postComments","auth","next","err","listen","console","log"],"mappings":";;;;;;;;;;;AAAA;;AACA;;AACA;;AACA;;AACA;;AACA;;AACA;;AACA;;AACA;;AAEA,IAAMA,GAAG,GAAG,0BAAZ;AACA,IAAMC,IAAI,GAAGC,OAAO,CAACC,GAAR,CAAYC,IAAZ,IAAoB,IAAjC,C,CAEA;;AACAJ,GAAG,CAACK,GAAJ,CAAQC,UAAU,CAACC,IAAX,EAAR,E,CAEA;;AACAP,GAAG,CAACK,GAAJ,CAAQC,UAAU,CAACE,UAAX,CAAsB;AAAEC,EAAAA,QAAQ,EAAE;AAAZ,CAAtB,CAAR;AAEAT,GAAG,CAACU,GAAJ,CAAQ,GAAR,EAAa,UAACC,GAAD,EAAMC,GAAN,EAAc;AACvBA,EAAAA,GAAG,CAACC,MAAJ,CAAW,GAAX,EAAgBN,IAAhB,CAAqB;AACpBM,IAAAA,MAAM,EAAE,SADY;AAEjBC,IAAAA,OAAO,EAAE;AAFQ,GAArB;AAIH,CALD;AAOAd,GAAG,CAACK,GAAJ,CAAQ,GAAR,EAAaU,iBAAb;AACAf,GAAG,CAACK,GAAJ,CAAQ,GAAR,EAAaW,iBAAb;AACAhB,GAAG,CAACK,GAAJ,CAAQ,GAAR,EAAaY,gBAAb;AACAjB,GAAG,CAACK,GAAJ,CAAQ,GAAR,EAAaa,oBAAb;AACAlB,GAAG,CAACK,GAAJ,CAAQ,GAAR,EAAac,wBAAb;AACAnB,GAAG,CAACK,GAAJ,CAAQ,GAAR,EAAae,gBAAb;AAEApB,GAAG,CAACK,GAAJ,CAAQ,UAACM,GAAD,EAAMC,GAAN,EAAWS,IAAX,EAAoB;AACxBA,EAAAA,IAAI,CAAC,4BAAY,GAAZ,EAAiB,oBAAjB,CAAD,CAAJ;AACH,CAFD;AAIArB,GAAG,CAACK,GAAJ,CAAQ,UAACiB,GAAD,EAAMX,GAAN,EAAWC,GAAX,EAAgBS,IAAhB,EAAyB;AAC7BT,EAAAA,GAAG,CAACC,MAAJ,CAAWS,GAAG,CAACT,MAAJ,IAAc,GAAzB,EAA8BN,IAA9B,CAAmC;AAC/BO,IAAAA,OAAO,EAAEQ,GAAG,CAACR;AADkB,GAAnC;AAGH,CAJD;AAMAd,GAAG,CAACuB,MAAJ,CAAWtB,IAAX,EAAiB,YAAM;AACnBuB,EAAAA,OAAO,CAACC,GAAR,gDAAoDxB,IAApD;AACH,CAFD;eAIeD,G","sourceRoot":"/home/ishmax/backend-blog-api/src/","sourcesContent":["import express from 'express';\nimport * as bodyParser from 'body-parser';\nimport createError from 'http-errors';\nimport users from './routes/users.route';\nimport posts from './routes/posts.route';\nimport messages from './routes/messages.route';\nimport postComments from './routes/post-comments.route';\nimport auth from './routes/auth.route';\nimport blog from './routes/blog.route';\n\nconst app = express();\nconst port = process.env.PORT || 3000;\n\n// support parsing of application/json type post data\napp.use(bodyParser.json());\n\n//support parsing of application/x-www-form-urlencoded post data\napp.use(bodyParser.urlencoded({ extended: true }));\n\napp.get('/', (req, res) => {\n    res.status(200).json({\n    \tstatus: 'success',\n        message: \"Welcome to my blog's backend API\"\n    });\n});\n\napp.use('/', users);\napp.use('/', posts);\napp.use('/', blog);\napp.use('/', messages);\napp.use('/', postComments);\napp.use('/', auth);\n\napp.use((req, res, next) => {\n    next(createError(404, \"Resource Not Found\"));\n});\n\napp.use((err, req, res, next) => {\n    res.status(err.status || 404).json({\n        message: err.message\n    });\n});\n\napp.listen(port, () => {\n    console.log(`Server listening on http://localhost:${port}`);\n});\n\nexport default app;"]},"_coverageSchema":"1a1c01bbd47fc00a2c39e90264f33305004495a9","hash":"963648a53b6b076e02134af6468e195a50b422d6","contentHash":"75ddcc8f0863ccc0cdc1e9fa10cffe5450db397d8717bf7bcac38436ba47a4bb"},"/home/ishmax/backend-blog-api/src/routes/users.route.js":{"path":"/home/ishmax/backend-blog-api/src/routes/users.route.js","statementMap":{"0":{"start":{"line":3,"column":29},"end":{"line":3,"column":84}},"1":{"start":{"line":5,"column":0},"end":{"line":7,"column":3}},"2":{"start":{"line":8,"column":0},"end":{"line":8,"column":28}},"3":{"start":{"line":10,"column":15},"end":{"line":10,"column":57}},"4":{"start":{"line":12,"column":13},"end":{"line":12,"column":55}},"5":{"start":{"line":14,"column":12},"end":{"line":14,"column":40}},"6":{"start":{"line":18,"column":0},"end":{"line":20,"column":3}},"7":{"start":{"line":19,"column":2},"end":{"line":19,"column":43}},"8":{"start":{"line":21,"column":0},"end":{"line":23,"column":3}},"9":{"start":{"line":22,"column":2},"end":{"line":22,"column":40}},"10":{"start":{"line":24,"column":0},"end":{"line":26,"column":3}},"11":{"start":{"line":25,"column":2},"end":{"line":25,"column":42}},"12":{"start":{"line":27,"column":0},"end":{"line":29,"column":3}},"13":{"start":{"line":28,"column":2},"end":{"line":28,"column":39}},"14":{"start":{"line":30,"column":0},"end":{"line":32,"column":3}},"15":{"start":{"line":31,"column":2},"end":{"line":31,"column":42}},"16":{"start":{"line":33,"column":15},"end":{"line":33,"column":20}},"17":{"start":{"line":34,"column":0},"end":{"line":34,"column":30}}},"fnMap":{"0":{"name":"(anonymous_0)","decl":{"start":{"line":18,"column":24},"end":{"line":18,"column":25}},"loc":{"start":{"line":18,"column":44},"end":{"line":20,"column":1}},"line":18},"1":{"name":"(anonymous_1)","decl":{"start":{"line":21,"column":20},"end":{"line":21,"column":21}},"loc":{"start":{"line":21,"column":40},"end":{"line":23,"column":1}},"line":21},"2":{"name":"(anonymous_2)","decl":{"start":{"line":24,"column":20},"end":{"line":24,"column":21}},"loc":{"start":{"line":24,"column":40},"end":{"line":26,"column":1}},"line":24},"3":{"name":"(anonymous_3)","decl":{"start":{"line":27,"column":21},"end":{"line":27,"column":22}},"loc":{"start":{"line":27,"column":41},"end":{"line":29,"column":1}},"line":27},"4":{"name":"(anonymous_4)","decl":{"start":{"line":30,"column":30},"end":{"line":30,"column":31}},"loc":{"start":{"line":30,"column":50},"end":{"line":32,"column":1}},"line":30}},"branchMap":{},"s":{"0":1,"1":1,"2":1,"3":1,"4":1,"5":1,"6":1,"7":0,"8":1,"9":0,"10":1,"11":0,"12":1,"13":0,"14":1,"15":0,"16":1,"17":1},"f":{"0":0,"1":0,"2":0,"3":0,"4":0},"b":{},"inputSourceMap":{"version":3,"sources":["users.route.js"],"names":["route","express","Router","get","req","res","put","post"],"mappings":";;;;;;;;;AAAA;;AACA;;AAGA,IAAMA,KAAK,GAAGC,oBAAQC,MAAR,EAAd,C,CAEA;AACA;;;AAEAF,KAAK,CAACG,GAAN,CAAU,YAAV,EAAwB,UAACC,GAAD,EAAMC,GAAN;AAAA,SAAc,wBAAYD,GAAZ,EAAiBC,GAAjB,CAAd;AAAA,CAAxB;AAEAL,KAAK,CAACG,GAAN,CAAU,QAAV,EAAoB,UAACC,GAAD,EAAMC,GAAN;AAAA,SAAc,qBAASD,GAAT,EAAcC,GAAd,CAAd;AAAA,CAApB;AAEAL,KAAK,CAACM,GAAN,CAAU,QAAV,EAAoB,UAACF,GAAD,EAAMC,GAAN;AAAA,SAAc,uBAAWD,GAAX,EAAgBC,GAAhB,CAAd;AAAA,CAApB;AAEAL,KAAK,CAACO,IAAN,CAAW,QAAX,EAAqB,UAACH,GAAD,EAAMC,GAAN;AAAA,SAAc,oBAAQD,GAAR,EAAaC,GAAb,CAAd;AAAA,CAArB;AAEAL,KAAK,UAAL,CAAa,YAAb,EAA2B,UAACI,GAAD,EAAMC,GAAN;AAAA,SAAc,uBAAWD,GAAX,EAAgBC,GAAhB,CAAd;AAAA,CAA3B;eAGeL,K","sourceRoot":"/home/ishmax/backend-blog-api/src/routes/","sourcesContent":["import express from 'express';\nimport { getUsers, getUserById, addUser, deleteUser, updateUser } from '../controllers/users.controller';\n\n\nconst route = express.Router();\n\n//Verify if it is the admin logged in\n// const verifyToken = \n\nroute.get('/users/:id', (req, res) => getUserById(req, res));\n\nroute.get('/users', (req, res) => getUsers(req, res));\n\nroute.put('/users', (req, res) => updateUser(req, res));\n\nroute.post('/users', (req, res) => addUser(req, res));\n\nroute.delete('/users/:id', (req, res) => deleteUser(req, res));\n\n\nexport default route;\n\n\n"]},"_coverageSchema":"1a1c01bbd47fc00a2c39e90264f33305004495a9","hash":"5624ce68caabe9fff06fc32dbe358a235a09ab4f","contentHash":"2a6b56e438b24172b17d6a06db5e214390e740e00cce77481070882fcf3acbee"},"/home/ishmax/backend-blog-api/src/controllers/users.controller.js":{"path":"/home/ishmax/backend-blog-api/src/controllers/users.controller.js","statementMap":{"0":{"start":{"line":3,"column":29},"end":{"line":3,"column":84}},"1":{"start":{"line":5,"column":0},"end":{"line":7,"column":3}},"2":{"start":{"line":8,"column":0},"end":{"line":8,"column":90}},"3":{"start":{"line":10,"column":23},"end":{"line":10,"column":95}},"4":{"start":{"line":12,"column":16},"end":{"line":12,"column":75}},"5":{"start":{"line":14,"column":14},"end":{"line":14,"column":55}},"6":{"start":{"line":16,"column":54},"end":{"line":16,"column":73}},"7":{"start":{"line":16,"column":75},"end":{"line":16,"column":326}},"8":{"start":{"line":16,"column":125},"end":{"line":16,"column":161}},"9":{"start":{"line":16,"column":163},"end":{"line":16,"column":292}},"10":{"start":{"line":16,"column":183},"end":{"line":16,"column":292}},"11":{"start":{"line":16,"column":225},"end":{"line":16,"column":288}},"12":{"start":{"line":16,"column":293},"end":{"line":16,"column":324}},"13":{"start":{"line":16,"column":327},"end":{"line":16,"column":339}},"14":{"start":{"line":18,"column":33},"end":{"line":18,"column":534}},"15":{"start":{"line":18,"column":46},"end":{"line":18,"column":47}},"16":{"start":{"line":18,"column":91},"end":{"line":18,"column":131}},"17":{"start":{"line":18,"column":133},"end":{"line":18,"column":532}},"18":{"start":{"line":18,"column":146},"end":{"line":18,"column":264}},"19":{"start":{"line":18,"column":201},"end":{"line":18,"column":260}},"20":{"start":{"line":18,"column":272},"end":{"line":18,"column":532}},"21":{"start":{"line":18,"column":312},"end":{"line":18,"column":386}},"22":{"start":{"line":18,"column":396},"end":{"line":18,"column":530}},"23":{"start":{"line":18,"column":445},"end":{"line":18,"column":526}},"24":{"start":{"line":18,"column":535},"end":{"line":18,"column":549}},"25":{"start":{"line":20,"column":65},"end":{"line":20,"column":623}},"26":{"start":{"line":20,"column":132},"end":{"line":20,"column":463}},"27":{"start":{"line":20,"column":252},"end":{"line":20,"column":267}},"28":{"start":{"line":20,"column":260},"end":{"line":20,"column":267}},"29":{"start":{"line":20,"column":276},"end":{"line":20,"column":277}},"30":{"start":{"line":20,"column":287},"end":{"line":20,"column":302}},"31":{"start":{"line":20,"column":304},"end":{"line":20,"column":461}},"32":{"start":{"line":20,"column":337},"end":{"line":20,"column":378}},"33":{"start":{"line":20,"column":356},"end":{"line":20,"column":378}},"34":{"start":{"line":20,"column":379},"end":{"line":20,"column":417}},"35":{"start":{"line":20,"column":441},"end":{"line":20,"column":450}},"36":{"start":{"line":20,"column":464},"end":{"line":20,"column":621}},"37":{"start":{"line":20,"column":647},"end":{"line":20,"column":651}},"38":{"start":{"line":20,"column":662},"end":{"line":20,"column":667}},"39":{"start":{"line":20,"column":674},"end":{"line":20,"column":995}},"40":{"start":{"line":20,"column":701},"end":{"line":20,"column":727}},"41":{"start":{"line":20,"column":760},"end":{"line":20,"column":769}},"42":{"start":{"line":20,"column":771},"end":{"line":20,"column":800}},"43":{"start":{"line":20,"column":801},"end":{"line":20,"column":813}},"44":{"start":{"line":20,"column":838},"end":{"line":20,"column":852}},"45":{"start":{"line":20,"column":853},"end":{"line":20,"column":863}},"46":{"start":{"line":20,"column":885},"end":{"line":20,"column":990}},"47":{"start":{"line":20,"column":891},"end":{"line":20,"column":953}},"48":{"start":{"line":20,"column":938},"end":{"line":20,"column":953}},"49":{"start":{"line":20,"column":966},"end":{"line":20,"column":988}},"50":{"start":{"line":20,"column":978},"end":{"line":20,"column":988}},"51":{"start":{"line":22,"column":50},"end":{"line":22,"column":65}},"52":{"start":{"line":22,"column":58},"end":{"line":22,"column":65}},"53":{"start":{"line":22,"column":66},"end":{"line":22,"column":129}},"54":{"start":{"line":22,"column":93},"end":{"line":22,"column":129}},"55":{"start":{"line":22,"column":138},"end":{"line":22,"column":184}},"56":{"start":{"line":22,"column":186},"end":{"line":22,"column":246}},"57":{"start":{"line":22,"column":223},"end":{"line":22,"column":246}},"58":{"start":{"line":22,"column":247},"end":{"line":22,"column":300}},"59":{"start":{"line":22,"column":279},"end":{"line":22,"column":300}},"60":{"start":{"line":22,"column":301},"end":{"line":22,"column":414}},"61":{"start":{"line":22,"column":378},"end":{"line":22,"column":414}},"62":{"start":{"line":24,"column":39},"end":{"line":24,"column":93}},"63":{"start":{"line":24,"column":76},"end":{"line":24,"column":93}},"64":{"start":{"line":24,"column":94},"end":{"line":24,"column":168}},"65":{"start":{"line":24,"column":107},"end":{"line":24,"column":108}},"66":{"start":{"line":24,"column":117},"end":{"line":24,"column":131}},"67":{"start":{"line":24,"column":149},"end":{"line":24,"column":166}},"68":{"start":{"line":24,"column":169},"end":{"line":24,"column":181}},"69":{"start":{"line":30,"column":12},"end":{"line":30,"column":14}},"70":{"start":{"line":32,"column":16},"end":{"line":32,"column":64}},"71":{"start":{"line":35,"column":0},"end":{"line":47,"column":1}},"72":{"start":{"line":36,"column":2},"end":{"line":42,"column":3}},"73":{"start":{"line":37,"column":15},"end":{"line":37,"column":26}},"74":{"start":{"line":38,"column":4},"end":{"line":40,"column":13}},"75":{"start":{"line":41,"column":4},"end":{"line":41,"column":21}},"76":{"start":{"line":44,"column":2},"end":{"line":44,"column":19}},"77":{"start":{"line":46,"column":2},"end":{"line":46,"column":16}},"78":{"start":{"line":49,"column":15},"end":{"line":51,"column":1}},"79":{"start":{"line":50,"column":2},"end":{"line":50,"column":30}},"80":{"start":{"line":53,"column":0},"end":{"line":53,"column":28}},"81":{"start":{"line":55,"column":18},"end":{"line":67,"column":1}},"82":{"start":{"line":57,"column":2},"end":{"line":62,"column":5}},"83":{"start":{"line":58,"column":4},"end":{"line":61,"column":5}},"84":{"start":{"line":59,"column":6},"end":{"line":59,"column":33}},"85":{"start":{"line":60,"column":6},"end":{"line":60,"column":21}},"86":{"start":{"line":63,"column":2},"end":{"line":66,"column":5}},"87":{"start":{"line":63,"column":16},"end":{"line":66,"column":5}},"88":{"start":{"line":71,"column":0},"end":{"line":71,"column":34}},"89":{"start":{"line":73,"column":17},"end":{"line":92,"column":1}},"90":{"start":{"line":74,"column":16},"end":{"line":74,"column":21}},"91":{"start":{"line":76,"column":2},"end":{"line":91,"column":5}},"92":{"start":{"line":77,"column":4},"end":{"line":83,"column":7}},"93":{"start":{"line":78,"column":6},"end":{"line":82,"column":7}},"94":{"start":{"line":79,"column":8},"end":{"line":79,"column":31}},"95":{"start":{"line":80,"column":8},"end":{"line":80,"column":84}},"96":{"start":{"line":81,"column":8},"end":{"line":81,"column":23}},"97":{"start":{"line":84,"column":4},"end":{"line":87,"column":7}},"98":{"start":{"line":84,"column":17},"end":{"line":84,"column":45}},"99":{"start":{"line":84,"column":50},"end":{"line":87,"column":7}},"100":{"start":{"line":88,"column":9},"end":{"line":91,"column":5}},"101":{"start":{"line":94,"column":0},"end":{"line":94,"column":32}},"102":{"start":{"line":96,"column":17},"end":{"line":124,"column":1}},"103":{"start":{"line":97,"column":16},"end":{"line":97,"column":21}},"104":{"start":{"line":99,"column":2},"end":{"line":123,"column":5}},"105":{"start":{"line":100,"column":4},"end":{"line":119,"column":7}},"106":{"start":{"line":101,"column":6},"end":{"line":108,"column":9}},"107":{"start":{"line":102,"column":8},"end":{"line":107,"column":9}},"108":{"start":{"line":103,"column":10},"end":{"line":103,"column":62}},"109":{"start":{"line":104,"column":10},"end":{"line":104,"column":53}},"110":{"start":{"line":105,"column":10},"end":{"line":105,"column":62}},"111":{"start":{"line":106,"column":10},"end":{"line":106,"column":25}},"112":{"start":{"line":109,"column":6},"end":{"line":115,"column":9}},"113":{"start":{"line":109,"column":19},"end":{"line":112,"column":9}},"114":{"start":{"line":112,"column":14},"end":{"line":115,"column":9}},"115":{"start":{"line":116,"column":11},"end":{"line":119,"column":7}},"116":{"start":{"line":120,"column":9},"end":{"line":123,"column":5}},"117":{"start":{"line":126,"column":0},"end":{"line":126,"column":32}}},"fnMap":{"0":{"name":"ownKeys","decl":{"start":{"line":16,"column":9},"end":{"line":16,"column":16}},"loc":{"start":{"line":16,"column":41},"end":{"line":16,"column":341}},"line":16},"1":{"name":"(anonymous_1)","decl":{"start":{"line":16,"column":208},"end":{"line":16,"column":209}},"loc":{"start":{"line":16,"column":223},"end":{"line":16,"column":290}},"line":16},"2":{"name":"_objectSpread","decl":{"start":{"line":18,"column":9},"end":{"line":18,"column":22}},"loc":{"start":{"line":18,"column":31},"end":{"line":18,"column":551}},"line":18},"3":{"name":"(anonymous_3)","decl":{"start":{"line":18,"column":184},"end":{"line":18,"column":185}},"loc":{"start":{"line":18,"column":199},"end":{"line":18,"column":262}},"line":18},"4":{"name":"(anonymous_4)","decl":{"start":{"line":18,"column":428},"end":{"line":18,"column":429}},"loc":{"start":{"line":18,"column":443},"end":{"line":18,"column":528}},"line":18},"5":{"name":"_createForOfIteratorHelper","decl":{"start":{"line":20,"column":9},"end":{"line":20,"column":35}},"loc":{"start":{"line":20,"column":55},"end":{"line":20,"column":997}},"line":20},"6":{"name":"F","decl":{"start":{"line":20,"column":296},"end":{"line":20,"column":297}},"loc":{"start":{"line":20,"column":300},"end":{"line":20,"column":302}},"line":20},"7":{"name":"n","decl":{"start":{"line":20,"column":331},"end":{"line":20,"column":332}},"loc":{"start":{"line":20,"column":335},"end":{"line":20,"column":419}},"line":20},"8":{"name":"e","decl":{"start":{"line":20,"column":433},"end":{"line":20,"column":434}},"loc":{"start":{"line":20,"column":439},"end":{"line":20,"column":452}},"line":20},"9":{"name":"s","decl":{"start":{"line":20,"column":695},"end":{"line":20,"column":696}},"loc":{"start":{"line":20,"column":699},"end":{"line":20,"column":729}},"line":20},"10":{"name":"n","decl":{"start":{"line":20,"column":743},"end":{"line":20,"column":744}},"loc":{"start":{"line":20,"column":747},"end":{"line":20,"column":815}},"line":20},"11":{"name":"e","decl":{"start":{"line":20,"column":829},"end":{"line":20,"column":830}},"loc":{"start":{"line":20,"column":836},"end":{"line":20,"column":865}},"line":20},"12":{"name":"f","decl":{"start":{"line":20,"column":879},"end":{"line":20,"column":880}},"loc":{"start":{"line":20,"column":883},"end":{"line":20,"column":992}},"line":20},"13":{"name":"_unsupportedIterableToArray","decl":{"start":{"line":22,"column":9},"end":{"line":22,"column":36}},"loc":{"start":{"line":22,"column":48},"end":{"line":22,"column":416}},"line":22},"14":{"name":"_arrayLikeToArray","decl":{"start":{"line":24,"column":9},"end":{"line":24,"column":26}},"loc":{"start":{"line":24,"column":37},"end":{"line":24,"column":183}},"line":24},"15":{"name":"getUsers","decl":{"start":{"line":49,"column":24},"end":{"line":49,"column":32}},"loc":{"start":{"line":49,"column":43},"end":{"line":51,"column":1}},"line":49},"16":{"name":"getUserById","decl":{"start":{"line":55,"column":27},"end":{"line":55,"column":38}},"loc":{"start":{"line":55,"column":49},"end":{"line":67,"column":1}},"line":55},"17":{"name":"(anonymous_17)","decl":{"start":{"line":57,"column":16},"end":{"line":57,"column":17}},"loc":{"start":{"line":57,"column":32},"end":{"line":62,"column":3}},"line":57},"18":{"name":"deleteUser","decl":{"start":{"line":73,"column":26},"end":{"line":73,"column":36}},"loc":{"start":{"line":73,"column":47},"end":{"line":92,"column":1}},"line":73},"19":{"name":"(anonymous_19)","decl":{"start":{"line":77,"column":14},"end":{"line":77,"column":15}},"loc":{"start":{"line":77,"column":37},"end":{"line":83,"column":5}},"line":77},"20":{"name":"updateUser","decl":{"start":{"line":96,"column":26},"end":{"line":96,"column":36}},"loc":{"start":{"line":96,"column":47},"end":{"line":124,"column":1}},"line":96},"21":{"name":"(anonymous_21)","decl":{"start":{"line":101,"column":16},"end":{"line":101,"column":17}},"loc":{"start":{"line":101,"column":32},"end":{"line":108,"column":7}},"line":101}},"branchMap":{"0":{"loc":{"start":{"line":16,"column":75},"end":{"line":16,"column":326}},"type":"if","locations":[{"start":{"line":16,"column":75},"end":{"line":16,"column":326}},{"start":{"line":16,"column":75},"end":{"line":16,"column":326}}],"line":16},"1":{"loc":{"start":{"line":16,"column":163},"end":{"line":16,"column":292}},"type":"if","locations":[{"start":{"line":16,"column":163},"end":{"line":16,"column":292}},{"start":{"line":16,"column":163},"end":{"line":16,"column":292}}],"line":16},"2":{"loc":{"start":{"line":18,"column":91},"end":{"line":18,"column":131}},"type":"cond-expr","locations":[{"start":{"line":18,"column":114},"end":{"line":18,"column":126}},{"start":{"line":18,"column":129},"end":{"line":18,"column":131}}],"line":18},"3":{"loc":{"start":{"line":18,"column":133},"end":{"line":18,"column":532}},"type":"if","locations":[{"start":{"line":18,"column":133},"end":{"line":18,"column":532}},{"start":{"line":18,"column":133},"end":{"line":18,"column":532}}],"line":18},"4":{"loc":{"start":{"line":18,"column":272},"end":{"line":18,"column":532}},"type":"if","locations":[{"start":{"line":18,"column":272},"end":{"line":18,"column":532}},{"start":{"line":18,"column":272},"end":{"line":18,"column":532}}],"line":18},"5":{"loc":{"start":{"line":20,"column":65},"end":{"line":20,"column":623}},"type":"if","locations":[{"start":{"line":20,"column":65},"end":{"line":20,"column":623}},{"start":{"line":20,"column":65},"end":{"line":20,"column":623}}],"line":20},"6":{"loc":{"start":{"line":20,"column":69},"end":{"line":20,"column":128}},"type":"binary-expr","locations":[{"start":{"line":20,"column":69},"end":{"line":20,"column":98}},{"start":{"line":20,"column":102},"end":{"line":20,"column":128}}],"line":20},"7":{"loc":{"start":{"line":20,"column":132},"end":{"line":20,"column":463}},"type":"if","locations":[{"start":{"line":20,"column":132},"end":{"line":20,"column":463}},{"start":{"line":20,"column":132},"end":{"line":20,"column":463}}],"line":20},"8":{"loc":{"start":{"line":20,"column":136},"end":{"line":20,"column":248}},"type":"binary-expr","locations":[{"start":{"line":20,"column":136},"end":{"line":20,"column":152}},{"start":{"line":20,"column":157},"end":{"line":20,"column":192}},{"start":{"line":20,"column":197},"end":{"line":20,"column":211}},{"start":{"line":20,"column":215},"end":{"line":20,"column":216}},{"start":{"line":20,"column":220},"end":{"line":20,"column":248}}],"line":20},"9":{"loc":{"start":{"line":20,"column":252},"end":{"line":20,"column":267}},"type":"if","locations":[{"start":{"line":20,"column":252},"end":{"line":20,"column":267}},{"start":{"line":20,"column":252},"end":{"line":20,"column":267}}],"line":20},"10":{"loc":{"start":{"line":20,"column":337},"end":{"line":20,"column":378}},"type":"if","locations":[{"start":{"line":20,"column":337},"end":{"line":20,"column":378}},{"start":{"line":20,"column":337},"end":{"line":20,"column":378}}],"line":20},"11":{"loc":{"start":{"line":20,"column":891},"end":{"line":20,"column":953}},"type":"if","locations":[{"start":{"line":20,"column":891},"end":{"line":20,"column":953}},{"start":{"line":20,"column":891},"end":{"line":20,"column":953}}],"line":20},"12":{"loc":{"start":{"line":20,"column":895},"end":{"line":20,"column":936}},"type":"binary-expr","locations":[{"start":{"line":20,"column":895},"end":{"line":20,"column":912}},{"start":{"line":20,"column":916},"end":{"line":20,"column":936}}],"line":20},"13":{"loc":{"start":{"line":20,"column":966},"end":{"line":20,"column":988}},"type":"if","locations":[{"start":{"line":20,"column":966},"end":{"line":20,"column":988}},{"start":{"line":20,"column":966},"end":{"line":20,"column":988}}],"line":20},"14":{"loc":{"start":{"line":22,"column":50},"end":{"line":22,"column":65}},"type":"if","locations":[{"start":{"line":22,"column":50},"end":{"line":22,"column":65}},{"start":{"line":22,"column":50},"end":{"line":22,"column":65}}],"line":22},"15":{"loc":{"start":{"line":22,"column":66},"end":{"line":22,"column":129}},"type":"if","locations":[{"start":{"line":22,"column":66},"end":{"line":22,"column":129}},{"start":{"line":22,"column":66},"end":{"line":22,"column":129}}],"line":22},"16":{"loc":{"start":{"line":22,"column":186},"end":{"line":22,"column":246}},"type":"if","locations":[{"start":{"line":22,"column":186},"end":{"line":22,"column":246}},{"start":{"line":22,"column":186},"end":{"line":22,"column":246}}],"line":22},"17":{"loc":{"start":{"line":22,"column":190},"end":{"line":22,"column":221}},"type":"binary-expr","locations":[{"start":{"line":22,"column":190},"end":{"line":22,"column":204}},{"start":{"line":22,"column":208},"end":{"line":22,"column":221}}],"line":22},"18":{"loc":{"start":{"line":22,"column":247},"end":{"line":22,"column":300}},"type":"if","locations":[{"start":{"line":22,"column":247},"end":{"line":22,"column":300}},{"start":{"line":22,"column":247},"end":{"line":22,"column":300}}],"line":22},"19":{"loc":{"start":{"line":22,"column":251},"end":{"line":22,"column":277}},"type":"binary-expr","locations":[{"start":{"line":22,"column":251},"end":{"line":22,"column":262}},{"start":{"line":22,"column":266},"end":{"line":22,"column":277}}],"line":22},"20":{"loc":{"start":{"line":22,"column":301},"end":{"line":22,"column":414}},"type":"if","locations":[{"start":{"line":22,"column":301},"end":{"line":22,"column":414}},{"start":{"line":22,"column":301},"end":{"line":22,"column":414}}],"line":22},"21":{"loc":{"start":{"line":22,"column":305},"end":{"line":22,"column":376}},"type":"binary-expr","locations":[{"start":{"line":22,"column":305},"end":{"line":22,"column":322}},{"start":{"line":22,"column":326},"end":{"line":22,"column":376}}],"line":22},"22":{"loc":{"start":{"line":24,"column":39},"end":{"line":24,"column":93}},"type":"if","locations":[{"start":{"line":24,"column":39},"end":{"line":24,"column":93}},{"start":{"line":24,"column":39},"end":{"line":24,"column":93}}],"line":24},"23":{"loc":{"start":{"line":24,"column":43},"end":{"line":24,"column":74}},"type":"binary-expr","locations":[{"start":{"line":24,"column":43},"end":{"line":24,"column":54}},{"start":{"line":24,"column":58},"end":{"line":24,"column":74}}],"line":24},"24":{"loc":{"start":{"line":58,"column":4},"end":{"line":61,"column":5}},"type":"if","locations":[{"start":{"line":58,"column":4},"end":{"line":61,"column":5}},{"start":{"line":58,"column":4},"end":{"line":61,"column":5}}],"line":58},"25":{"loc":{"start":{"line":63,"column":2},"end":{"line":66,"column":5}},"type":"if","locations":[{"start":{"line":63,"column":2},"end":{"line":66,"column":5}},{"start":{"line":63,"column":2},"end":{"line":66,"column":5}}],"line":63},"26":{"loc":{"start":{"line":76,"column":2},"end":{"line":91,"column":5}},"type":"if","locations":[{"start":{"line":76,"column":2},"end":{"line":91,"column":5}},{"start":{"line":76,"column":2},"end":{"line":91,"column":5}}],"line":76},"27":{"loc":{"start":{"line":78,"column":6},"end":{"line":82,"column":7}},"type":"if","locations":[{"start":{"line":78,"column":6},"end":{"line":82,"column":7}},{"start":{"line":78,"column":6},"end":{"line":82,"column":7}}],"line":78},"28":{"loc":{"start":{"line":84,"column":4},"end":{"line":87,"column":7}},"type":"if","locations":[{"start":{"line":84,"column":4},"end":{"line":87,"column":7}},{"start":{"line":84,"column":4},"end":{"line":87,"column":7}}],"line":84},"29":{"loc":{"start":{"line":99,"column":2},"end":{"line":123,"column":5}},"type":"if","locations":[{"start":{"line":99,"column":2},"end":{"line":123,"column":5}},{"start":{"line":99,"column":2},"end":{"line":123,"column":5}}],"line":99},"30":{"loc":{"start":{"line":99,"column":6},"end":{"line":99,"column":83}},"type":"binary-expr","locations":[{"start":{"line":99,"column":6},"end":{"line":99,"column":42}},{"start":{"line":99,"column":46},"end":{"line":99,"column":83}}],"line":99},"31":{"loc":{"start":{"line":100,"column":4},"end":{"line":119,"column":7}},"type":"if","locations":[{"start":{"line":100,"column":4},"end":{"line":119,"column":7}},{"start":{"line":100,"column":4},"end":{"line":119,"column":7}}],"line":100},"32":{"loc":{"start":{"line":102,"column":8},"end":{"line":107,"column":9}},"type":"if","locations":[{"start":{"line":102,"column":8},"end":{"line":107,"column":9}},{"start":{"line":102,"column":8},"end":{"line":107,"column":9}}],"line":102},"33":{"loc":{"start":{"line":103,"column":26},"end":{"line":103,"column":61}},"type":"binary-expr","locations":[{"start":{"line":103,"column":26},"end":{"line":103,"column":44}},{"start":{"line":103,"column":48},"end":{"line":103,"column":61}}],"line":103},"34":{"loc":{"start":{"line":104,"column":23},"end":{"line":104,"column":52}},"type":"binary-expr","locations":[{"start":{"line":104,"column":23},"end":{"line":104,"column":38}},{"start":{"line":104,"column":42},"end":{"line":104,"column":52}}],"line":104},"35":{"loc":{"start":{"line":105,"column":26},"end":{"line":105,"column":61}},"type":"binary-expr","locations":[{"start":{"line":105,"column":26},"end":{"line":105,"column":44}},{"start":{"line":105,"column":48},"end":{"line":105,"column":61}}],"line":105},"36":{"loc":{"start":{"line":109,"column":6},"end":{"line":115,"column":9}},"type":"if","locations":[{"start":{"line":109,"column":6},"end":{"line":115,"column":9}},{"start":{"line":109,"column":6},"end":{"line":115,"column":9}}],"line":109}},"s":{"0":1,"1":1,"2":1,"3":1,"4":1,"5":1,"6":3,"7":3,"8":3,"9":3,"10":3,"11":0,"12":3,"13":3,"14":3,"15":3,"16":3,"17":3,"18":3,"19":15,"20":0,"21":0,"22":0,"23":0,"24":3,"25":1,"26":0,"27":0,"28":0,"29":0,"30":0,"31":0,"32":0,"33":0,"34":0,"35":0,"36":0,"37":1,"38":1,"39":1,"40":1,"41":4,"42":4,"43":4,"44":0,"45":0,"46":1,"47":1,"48":0,"49":1,"50":0,"51":0,"52":0,"53":0,"54":0,"55":0,"56":0,"57":0,"58":0,"59":0,"60":0,"61":0,"62":0,"63":0,"64":0,"65":0,"66":0,"67":0,"68":0,"69":1,"70":1,"71":1,"72":1,"73":3,"74":3,"75":3,"76":0,"77":1,"78":1,"79":0,"80":1,"81":1,"82":0,"83":0,"84":0,"85":0,"86":0,"87":0,"88":1,"89":1,"90":0,"91":0,"92":0,"93":0,"94":0,"95":0,"96":0,"97":0,"98":0,"99":0,"100":0,"101":1,"102":1,"103":0,"104":0,"105":0,"106":0,"107":0,"108":0,"109":0,"110":0,"111":0,"112":0,"113":0,"114":0,"115":0,"116":0,"117":1},"f":{"0":3,"1":0,"2":3,"3":15,"4":0,"5":1,"6":0,"7":0,"8":0,"9":1,"10":4,"11":0,"12":1,"13":0,"14":0,"15":0,"16":0,"17":0,"18":0,"19":0,"20":0,"21":0},"b":{"0":[3,0],"1":[3,0],"2":[3,0],"3":[3,0],"4":[0,0],"5":[0,1],"6":[1,1],"7":[0,0],"8":[0,0,0,0,0],"9":[0,0],"10":[0,0],"11":[0,1],"12":[1,0],"13":[0,1],"14":[0,0],"15":[0,0],"16":[0,0],"17":[0,0],"18":[0,0],"19":[0,0],"20":[0,0],"21":[0,0],"22":[0,0],"23":[0,0],"24":[0,0],"25":[0,0],"26":[0,0],"27":[0,0],"28":[0,0],"29":[0,0],"30":[0,0],"31":[0,0],"32":[0,0],"33":[0,0],"34":[0,0],"35":[0,0],"36":[0,0]},"inputSourceMap":{"version":3,"sources":["users.controller.js"],"names":["users","userData","user","id","push","getUsers","req","res","status","json","getUserById","reqUser","forEach","params","message","deleteUser","deleted","Object","values","length","map","index","splice","console","log","updateUser","updated","query","username","email","password","count"],"mappings":";;;;;;;;;;;AAAA;;AACA;;;;;;;;;;;;AACA;AACA;AAEA;AAEA;AAEA,IAAIA,KAAK,GAAG,EAAZ;;2CAEiBC,oB;;;;AAAjB,sDAA2B;AAAA,QAAlBC,IAAkB;AACvBA,IAAAA,IAAI;AAAKC,MAAAA,EAAE,EAAE,wBAAO,SAAP;AAAT,OAA+BD,IAA/B,CAAJ;AACAF,IAAAA,KAAK,CAACI,IAAN,CAAWF,IAAX;AACH;;;;;;;AAEM,IAAMG,QAAQ,GAAG,SAAXA,QAAW,CAACC,GAAD,EAAMC,GAAN,EAAc;AAClCA,EAAAA,GAAG,CAACC,MAAJ,CAAW,GAAX,EAAgBC,IAAhB,CAAqBT,KAArB;AACH,CAFM;;;;AAIA,IAAMU,WAAW,GAAG,SAAdA,WAAc,CAACJ,GAAD,EAAMC,GAAN,EAAc;AACrC,MAAII,OAAJ;AAEAX,EAAAA,KAAK,CAACY,OAAN,CAAc,UAAAV,IAAI,EAAI;AAClB,QAAGA,IAAI,CAACC,EAAL,KAAYG,GAAG,CAACO,MAAJ,CAAWV,EAA1B,EAA8B;AAC1BI,MAAAA,GAAG,CAACC,MAAJ,CAAW,GAAX,EAAgBC,IAAhB,CAAqBP,IAArB;AACAS,MAAAA,OAAO,GAAG,IAAV;AACH;AACJ,GALD;AAOA,MAAI,CAACA,OAAL,EAAcJ,GAAG,CAACC,MAAJ,CAAW,GAAX,EAAgBC,IAAhB,CAAqB;AAC/BD,IAAAA,MAAM,EAAE,GADuB;AAE/BM,IAAAA,OAAO,EAAE;AAFsB,GAArB;AAIjB,CAdM,C,CAgBP;AAEA;;;;;AAEO,IAAMC,UAAU,GAAG,SAAbA,UAAa,CAACT,GAAD,EAAMC,GAAN,EAAc;AACpC,MAAIS,OAAO,GAAG,KAAd;;AACA,MAAIC,MAAM,CAACC,MAAP,CAAcZ,GAAG,CAACO,MAAlB,EAA0BM,MAA1B,KAAqC,CAAzC,EAA4C;AACxCnB,IAAAA,KAAK,CAACoB,GAAN,CAAU,UAAClB,IAAD,EAAOmB,KAAP,EAAiB;AACvB,UAAInB,IAAI,CAACC,EAAL,KAAYG,GAAG,CAACO,MAAJ,CAAWV,EAA3B,EAA+B;AAC3BH,QAAAA,KAAK,CAACsB,MAAN,CAAaD,KAAb,EAAoB,CAApB;AACAE,QAAAA,OAAO,CAACC,GAAR,wBAA4BlB,GAAG,CAACO,MAAJ,CAAWV,EAAvC;AACAa,QAAAA,OAAO,GAAG,IAAV;AACH;AACJ,KAND;AAOA,QAAIA,OAAJ,EAAaT,GAAG,CAACC,MAAJ,CAAW,GAAX,EAAgBC,IAAhB,CAAqBT,KAArB,EAAb,KACKO,GAAG,CAACC,MAAJ,CAAW,GAAX,EAAgBC,IAAhB,CAAqB;AACtBD,MAAAA,MAAM,EAAE,GADc;AAEtBM,MAAAA,OAAO,EAAE;AAFa,KAArB;AAIR,GAbD,MAeKP,GAAG,CAACC,MAAJ,CAAW,GAAX,EAAgBC,IAAhB,CAAqB;AACtBD,IAAAA,MAAM,EAAE,GADc;AAEtBM,IAAAA,OAAO,EAAE;AAFa,GAArB;AAIR,CArBM;;;;AAuBA,IAAMW,UAAU,GAAG,SAAbA,UAAa,CAACnB,GAAD,EAAMC,GAAN,EAAc;AACpC,MAAImB,OAAO,GAAG,KAAd;;AACA,MAAIT,MAAM,CAACC,MAAP,CAAcZ,GAAG,CAACqB,KAAlB,EAAyBR,MAAzB,IAAmC,CAAnC,IAAwCF,MAAM,CAACC,MAAP,CAAcZ,GAAG,CAACqB,KAAlB,EAAyBR,MAAzB,KAAoC,CAAhF,EAAmF;AAC/E,QAAIb,GAAG,CAACqB,KAAJ,CAAUxB,EAAd,EAAkB;AACdH,MAAAA,KAAK,CAACoB,GAAN,CAAU,UAAAlB,IAAI,EAAI;AACd,YAAIA,IAAI,CAACC,EAAL,KAAYG,GAAG,CAACqB,KAAJ,CAAUxB,EAA1B,EAA8B;AAC1BD,UAAAA,IAAI,CAAC0B,QAAL,GAAgBtB,GAAG,CAACqB,KAAJ,CAAUC,QAAV,IAAsB1B,IAAI,CAAC0B,QAA3C;AACA1B,UAAAA,IAAI,CAAC2B,KAAL,GAAavB,GAAG,CAACqB,KAAJ,CAAUE,KAAV,IAAmB3B,IAAI,CAAC2B,KAArC;AACA3B,UAAAA,IAAI,CAAC4B,QAAL,GAAgBxB,GAAG,CAACqB,KAAJ,CAAUG,QAAV,IAAsB5B,IAAI,CAAC4B,QAA3C;AACAJ,UAAAA,OAAO,GAAG,IAAV;AACH;AACJ,OAPD;AAQA,UAAIA,OAAJ,EACInB,GAAG,CAACC,MAAJ,CAAW,GAAX,EAAgBC,IAAhB,CAAqB;AACjBsB,QAAAA,KAAK,EAAE/B,KAAK,CAACmB,MADI;AAEjBnB,QAAAA,KAAK,EAALA;AAFiB,OAArB,EADJ,KAMIO,GAAG,CAACC,MAAJ,CAAW,GAAX,EAAgBC,IAAhB,CAAqB;AACjBD,QAAAA,MAAM,EAAE,GADS;AAEjBM,QAAAA,OAAO,EAAE;AAFQ,OAArB;AAIP,KAnBD,MAoBIP,GAAG,CAACC,MAAJ,CAAW,GAAX,EAAgBC,IAAhB,CAAqB;AACjBD,MAAAA,MAAM,EAAE,GADS;AAEjBM,MAAAA,OAAO,EAAE;AAFQ,KAArB;AAIP,GAzBD,MA0BIP,GAAG,CAACC,MAAJ,CAAW,GAAX,EAAgBC,IAAhB,CAAqB;AACjBD,IAAAA,MAAM,EAAE,GADS;AAEjBM,IAAAA,OAAO,EAAE;AAFQ,GAArB;AAIP,CAhCM","sourceRoot":"/home/ishmax/backend-blog-api/src/controllers/","sourcesContent":["import userData from '../models/user-data.json';\nimport uniqid from 'uniqid';\n// import jwt from 'jsonwebtoken';\n// import dotEnv from 'dotenv';\n\n// dotEnv.config();\n\n// Assign each user a unique id\n\nlet users = [];\n\nfor (let user of userData) {\n    user = { id: uniqid('userid-'), ...user };\n    users.push(user);\n}\n\nexport const getUsers = (req, res) => {\n    res.status(200).json(users);\n}\n\nexport const getUserById = (req, res) => {\n    let reqUser;\n    \n    users.forEach(user => {\n        if(user.id === req.params.id) {\n            res.status(200).json(user);\n            reqUser = true;\n        }\n    })\n    \n    if (!reqUser) res.status(404).json({\n        status: 404,\n        message: \"User with the provided id not found\"\n    });\n}\n\n// export const addUser = (req, res) => {\n\n// }\n\nexport const deleteUser = (req, res) => {\n    let deleted = false;\n    if (Object.values(req.params).length === 1) {\n        users.map((user, index) => {\n            if (user.id === req.params.id) {\n                users.splice(index, 1);\n                console.log(`User with id ${req.params.id} successfully deleted`);\n                deleted = true;\n            }\n        });\n        if (deleted) res.status(200).json(users);\n        else res.status(404).json({\n            status: 404,\n            message: 'User with the provided id not found'\n        });\n    }\n    \n    else res.status(400).json({\n        status: 400,\n        message: 'Supply only the user id'\n    });\n}\n\nexport const updateUser = (req, res) => {\n    let updated = false;\n    if (Object.values(req.query).length <= 3 && Object.values(req.query).length !== 0) {\n        if (req.query.id) {\n            users.map(user => {\n                if (user.id === req.query.id) {\n                    user.username = req.query.username || user.username;\n                    user.email = req.query.email || user.email;\n                    user.password = req.query.password || user.password;\n                    updated = true;\n                }\n            });\n            if (updated) \n                res.status(200).json({\n                    count: users.length,\n                    users\n                });\n            else \n                res.status(404).json({\n                    status: 404,\n                    message: 'User with the provided id not found'\n                });\n        } else\n            res.status(400).json({\n                status: 400,\n                message: 'Please provide a user id'\n            });\n    } else\n        res.status(400).json({\n            status: 400,\n            message: 'Please, update at least one field: username, email or password'\n        });\n}"]},"_coverageSchema":"1a1c01bbd47fc00a2c39e90264f33305004495a9","hash":"1039941262d6daaa5bc847d021ed2214a641481d","contentHash":"eb96b3ec4c7b5e1a545abd5761d8fd8876a5ba8084d9b79b61c5d0fce77d8d5c"},"/home/ishmax/backend-blog-api/src/routes/posts.route.js":{"path":"/home/ishmax/backend-blog-api/src/routes/posts.route.js","statementMap":{"0":{"start":{"line":3,"column":29},"end":{"line":3,"column":84}},"1":{"start":{"line":5,"column":0},"end":{"line":7,"column":3}},"2":{"start":{"line":8,"column":0},"end":{"line":8,"column":28}},"3":{"start":{"line":10,"column":15},"end":{"line":10,"column":57}},"4":{"start":{"line":12,"column":13},"end":{"line":12,"column":55}},"5":{"start":{"line":14,"column":12},"end":{"line":14,"column":40}},"6":{"start":{"line":16,"column":0},"end":{"line":18,"column":3}},"7":{"start":{"line":17,"column":2},"end":{"line":17,"column":40}},"8":{"start":{"line":19,"column":0},"end":{"line":21,"column":3}},"9":{"start":{"line":20,"column":2},"end":{"line":20,"column":42}},"10":{"start":{"line":22,"column":0},"end":{"line":24,"column":3}},"11":{"start":{"line":23,"column":2},"end":{"line":23,"column":43}},"12":{"start":{"line":25,"column":0},"end":{"line":27,"column":3}},"13":{"start":{"line":26,"column":2},"end":{"line":26,"column":39}},"14":{"start":{"line":28,"column":0},"end":{"line":30,"column":3}},"15":{"start":{"line":29,"column":2},"end":{"line":29,"column":42}},"16":{"start":{"line":31,"column":15},"end":{"line":31,"column":20}},"17":{"start":{"line":32,"column":0},"end":{"line":32,"column":30}}},"fnMap":{"0":{"name":"(anonymous_0)","decl":{"start":{"line":16,"column":23},"end":{"line":16,"column":24}},"loc":{"start":{"line":16,"column":43},"end":{"line":18,"column":1}},"line":16},"1":{"name":"(anonymous_1)","decl":{"start":{"line":19,"column":25},"end":{"line":19,"column":26}},"loc":{"start":{"line":19,"column":45},"end":{"line":21,"column":1}},"line":19},"2":{"name":"(anonymous_2)","decl":{"start":{"line":22,"column":23},"end":{"line":22,"column":24}},"loc":{"start":{"line":22,"column":43},"end":{"line":24,"column":1}},"line":22},"3":{"name":"(anonymous_3)","decl":{"start":{"line":25,"column":23},"end":{"line":25,"column":24}},"loc":{"start":{"line":25,"column":43},"end":{"line":27,"column":1}},"line":25},"4":{"name":"(anonymous_4)","decl":{"start":{"line":28,"column":31},"end":{"line":28,"column":32}},"loc":{"start":{"line":28,"column":51},"end":{"line":30,"column":1}},"line":28}},"branchMap":{},"s":{"0":1,"1":1,"2":1,"3":1,"4":1,"5":1,"6":1,"7":5,"8":1,"9":0,"10":1,"11":8,"12":1,"13":7,"14":1,"15":0,"16":1,"17":1},"f":{"0":5,"1":0,"2":8,"3":7,"4":0},"b":{},"inputSourceMap":{"version":3,"sources":["posts.route.js"],"names":["route","express","Router","get","req","res","put","post"],"mappings":";;;;;;;;;AAAA;;AACA;;AAGA,IAAMA,KAAK,GAAGC,oBAAQC,MAAR,EAAd;;AAGAF,KAAK,CAACG,GAAN,CAAU,WAAV,EAAuB,UAACC,GAAD,EAAMC,GAAN;AAAA,SAAc,qBAASD,GAAT,EAAcC,GAAd,CAAd;AAAA,CAAvB;AAEAL,KAAK,CAACM,GAAN,CAAU,aAAV,EAAyB,UAACF,GAAD,EAAMC,GAAN;AAAA,SAAc,uBAAWD,GAAX,EAAgBC,GAAhB,CAAd;AAAA,CAAzB;AAEAL,KAAK,CAACG,GAAN,CAAU,WAAV,EAAuB,UAACC,GAAD,EAAMC,GAAN;AAAA,SAAc,wBAAYD,GAAZ,EAAiBC,GAAjB,CAAd;AAAA,CAAvB;AAEAL,KAAK,CAACO,IAAN,CAAW,UAAX,EAAuB,UAACH,GAAD,EAAMC,GAAN;AAAA,SAAc,oBAAQD,GAAR,EAAaC,GAAb,CAAd;AAAA,CAAvB;AAEAL,KAAK,UAAL,CAAa,aAAb,EAA4B,UAACI,GAAD,EAAMC,GAAN;AAAA,SAAc,uBAAWD,GAAX,EAAgBC,GAAhB,CAAd;AAAA,CAA5B;eAGeL,K","sourceRoot":"/home/ishmax/backend-blog-api/src/routes/","sourcesContent":["import express from 'express';\nimport {getPosts, getPostById, addPost, deletePost, updatePost} from '../controllers/posts.controller';\n\n\nconst route = express.Router();\n\n\nroute.get('/getPosts', (req, res) => getPosts(req, res));\n\nroute.put('/updatePost', (req, res) => updatePost(req, res));\n\nroute.get('/blogPost', (req, res) => getPostById(req, res));\n\nroute.post('/addPost', (req, res) => addPost(req, res));\n\nroute.delete('/deletePost', (req, res) => deletePost(req, res));\n\n\nexport default route;"]},"_coverageSchema":"1a1c01bbd47fc00a2c39e90264f33305004495a9","hash":"e15dc23ad02331f8f34ebba32f210f30c8077ff5","contentHash":"c280feab78a80ade326dcaf9073ec607215d6df3544606b13dc55f16e8777f16"},"/home/ishmax/backend-blog-api/src/controllers/posts.controller.js":{"path":"/home/ishmax/backend-blog-api/src/controllers/posts.controller.js","statementMap":{"0":{"start":{"line":3,"column":29},"end":{"line":3,"column":84}},"1":{"start":{"line":5,"column":0},"end":{"line":7,"column":3}},"2":{"start":{"line":8,"column":0},"end":{"line":8,"column":108}},"3":{"start":{"line":10,"column":23},"end":{"line":10,"column":95}},"4":{"start":{"line":12,"column":15},"end":{"line":12,"column":79}},"5":{"start":{"line":14,"column":16},"end":{"line":14,"column":75}},"6":{"start":{"line":16,"column":16},"end":{"line":16,"column":75}},"7":{"start":{"line":18,"column":19},"end":{"line":18,"column":81}},"8":{"start":{"line":20,"column":20},"end":{"line":20,"column":67}},"9":{"start":{"line":22,"column":14},"end":{"line":22,"column":55}},"10":{"start":{"line":24,"column":54},"end":{"line":24,"column":73}},"11":{"start":{"line":24,"column":75},"end":{"line":24,"column":326}},"12":{"start":{"line":24,"column":125},"end":{"line":24,"column":161}},"13":{"start":{"line":24,"column":163},"end":{"line":24,"column":292}},"14":{"start":{"line":24,"column":183},"end":{"line":24,"column":292}},"15":{"start":{"line":24,"column":225},"end":{"line":24,"column":288}},"16":{"start":{"line":24,"column":293},"end":{"line":24,"column":324}},"17":{"start":{"line":24,"column":327},"end":{"line":24,"column":339}},"18":{"start":{"line":26,"column":33},"end":{"line":26,"column":534}},"19":{"start":{"line":26,"column":46},"end":{"line":26,"column":47}},"20":{"start":{"line":26,"column":91},"end":{"line":26,"column":131}},"21":{"start":{"line":26,"column":133},"end":{"line":26,"column":532}},"22":{"start":{"line":26,"column":146},"end":{"line":26,"column":264}},"23":{"start":{"line":26,"column":201},"end":{"line":26,"column":260}},"24":{"start":{"line":26,"column":272},"end":{"line":26,"column":532}},"25":{"start":{"line":26,"column":312},"end":{"line":26,"column":386}},"26":{"start":{"line":26,"column":396},"end":{"line":26,"column":530}},"27":{"start":{"line":26,"column":445},"end":{"line":26,"column":526}},"28":{"start":{"line":26,"column":535},"end":{"line":26,"column":549}},"29":{"start":{"line":28,"column":65},"end":{"line":28,"column":623}},"30":{"start":{"line":28,"column":132},"end":{"line":28,"column":463}},"31":{"start":{"line":28,"column":252},"end":{"line":28,"column":267}},"32":{"start":{"line":28,"column":260},"end":{"line":28,"column":267}},"33":{"start":{"line":28,"column":276},"end":{"line":28,"column":277}},"34":{"start":{"line":28,"column":287},"end":{"line":28,"column":302}},"35":{"start":{"line":28,"column":304},"end":{"line":28,"column":461}},"36":{"start":{"line":28,"column":337},"end":{"line":28,"column":378}},"37":{"start":{"line":28,"column":356},"end":{"line":28,"column":378}},"38":{"start":{"line":28,"column":379},"end":{"line":28,"column":417}},"39":{"start":{"line":28,"column":441},"end":{"line":28,"column":450}},"40":{"start":{"line":28,"column":464},"end":{"line":28,"column":621}},"41":{"start":{"line":28,"column":647},"end":{"line":28,"column":651}},"42":{"start":{"line":28,"column":662},"end":{"line":28,"column":667}},"43":{"start":{"line":28,"column":674},"end":{"line":28,"column":995}},"44":{"start":{"line":28,"column":701},"end":{"line":28,"column":727}},"45":{"start":{"line":28,"column":760},"end":{"line":28,"column":769}},"46":{"start":{"line":28,"column":771},"end":{"line":28,"column":800}},"47":{"start":{"line":28,"column":801},"end":{"line":28,"column":813}},"48":{"start":{"line":28,"column":838},"end":{"line":28,"column":852}},"49":{"start":{"line":28,"column":853},"end":{"line":28,"column":863}},"50":{"start":{"line":28,"column":885},"end":{"line":28,"column":990}},"51":{"start":{"line":28,"column":891},"end":{"line":28,"column":953}},"52":{"start":{"line":28,"column":938},"end":{"line":28,"column":953}},"53":{"start":{"line":28,"column":966},"end":{"line":28,"column":988}},"54":{"start":{"line":28,"column":978},"end":{"line":28,"column":988}},"55":{"start":{"line":30,"column":50},"end":{"line":30,"column":65}},"56":{"start":{"line":30,"column":58},"end":{"line":30,"column":65}},"57":{"start":{"line":30,"column":66},"end":{"line":30,"column":129}},"58":{"start":{"line":30,"column":93},"end":{"line":30,"column":129}},"59":{"start":{"line":30,"column":138},"end":{"line":30,"column":184}},"60":{"start":{"line":30,"column":186},"end":{"line":30,"column":246}},"61":{"start":{"line":30,"column":223},"end":{"line":30,"column":246}},"62":{"start":{"line":30,"column":247},"end":{"line":30,"column":300}},"63":{"start":{"line":30,"column":279},"end":{"line":30,"column":300}},"64":{"start":{"line":30,"column":301},"end":{"line":30,"column":414}},"65":{"start":{"line":30,"column":378},"end":{"line":30,"column":414}},"66":{"start":{"line":32,"column":39},"end":{"line":32,"column":93}},"67":{"start":{"line":32,"column":76},"end":{"line":32,"column":93}},"68":{"start":{"line":32,"column":94},"end":{"line":32,"column":168}},"69":{"start":{"line":32,"column":107},"end":{"line":32,"column":108}},"70":{"start":{"line":32,"column":117},"end":{"line":32,"column":131}},"71":{"start":{"line":32,"column":149},"end":{"line":32,"column":166}},"72":{"start":{"line":32,"column":169},"end":{"line":32,"column":181}},"73":{"start":{"line":34,"column":0},"end":{"line":34,"column":28}},"74":{"start":{"line":36,"column":12},"end":{"line":36,"column":14}},"75":{"start":{"line":37,"column":12},"end":{"line":37,"column":14}},"76":{"start":{"line":39,"column":16},"end":{"line":39,"column":64}},"77":{"start":{"line":42,"column":0},"end":{"line":81,"column":1}},"78":{"start":{"line":43,"column":15},"end":{"line":71,"column":3}},"79":{"start":{"line":44,"column":15},"end":{"line":44,"column":26}},"80":{"start":{"line":46,"column":4},"end":{"line":58,"column":7}},"81":{"start":{"line":47,"column":6},"end":{"line":50,"column":9}},"82":{"start":{"line":47,"column":15},"end":{"line":50,"column":9}},"83":{"start":{"line":52,"column":6},"end":{"line":57,"column":7}},"84":{"start":{"line":53,"column":8},"end":{"line":55,"column":17}},"85":{"start":{"line":56,"column":8},"end":{"line":56,"column":25}},"86":{"start":{"line":62,"column":4},"end":{"line":70,"column":7}},"87":{"start":{"line":63,"column":6},"end":{"line":69,"column":9}},"88":{"start":{"line":64,"column":8},"end":{"line":66,"column":9}},"89":{"start":{"line":65,"column":10},"end":{"line":65,"column":29}},"90":{"start":{"line":73,"column":2},"end":{"line":75,"column":3}},"91":{"start":{"line":74,"column":4},"end":{"line":74,"column":13}},"92":{"start":{"line":78,"column":2},"end":{"line":78,"column":19}},"93":{"start":{"line":80,"column":2},"end":{"line":80,"column":16}},"94":{"start":{"line":83,"column":17},"end":{"line":83,"column":65}},"95":{"start":{"line":86,"column":0},"end":{"line":112,"column":1}},"96":{"start":{"line":87,"column":15},"end":{"line":103,"column":3}},"97":{"start":{"line":88,"column":15},"end":{"line":88,"column":27}},"98":{"start":{"line":90,"column":4},"end":{"line":102,"column":7}},"99":{"start":{"line":91,"column":6},"end":{"line":94,"column":9}},"100":{"start":{"line":91,"column":15},"end":{"line":94,"column":9}},"101":{"start":{"line":96,"column":6},"end":{"line":101,"column":7}},"102":{"start":{"line":97,"column":8},"end":{"line":99,"column":17}},"103":{"start":{"line":100,"column":8},"end":{"line":100,"column":25}},"104":{"start":{"line":105,"column":2},"end":{"line":107,"column":3}},"105":{"start":{"line":106,"column":4},"end":{"line":106,"column":13}},"106":{"start":{"line":109,"column":2},"end":{"line":109,"column":20}},"107":{"start":{"line":111,"column":2},"end":{"line":111,"column":17}},"108":{"start":{"line":114,"column":15},"end":{"line":144,"column":1}},"109":{"start":{"line":115,"column":18},"end":{"line":115,"column":39}},"110":{"start":{"line":117,"column":2},"end":{"line":143,"column":5}},"111":{"start":{"line":118,"column":4},"end":{"line":121,"column":7}},"112":{"start":{"line":118,"column":13},"end":{"line":121,"column":7}},"113":{"start":{"line":122,"column":4},"end":{"line":142,"column":5}},"114":{"start":{"line":122,"column":35},"end":{"line":125,"column":7}},"115":{"start":{"line":125,"column":12},"end":{"line":142,"column":5}},"116":{"start":{"line":128,"column":6},"end":{"line":136,"column":9}},"117":{"start":{"line":129,"column":8},"end":{"line":135,"column":11}},"118":{"start":{"line":130,"column":10},"end":{"line":132,"column":11}},"119":{"start":{"line":131,"column":12},"end":{"line":131,"column":31}},"120":{"start":{"line":137,"column":6},"end":{"line":141,"column":9}},"121":{"start":{"line":146,"column":0},"end":{"line":146,"column":28}},"122":{"start":{"line":148,"column":18},"end":{"line":359,"column":1}},"123":{"start":{"line":149,"column":21},"end":{"line":149,"column":32}},"124":{"start":{"line":150,"column":18},"end":{"line":150,"column":40}},"125":{"start":{"line":151,"column":18},"end":{"line":151,"column":40}},"126":{"start":{"line":152,"column":22},"end":{"line":152,"column":27}},"127":{"start":{"line":154,"column":2},"end":{"line":356,"column":3}},"128":{"start":{"line":155,"column":4},"end":{"line":349,"column":7}},"129":{"start":{"line":156,"column":6},"end":{"line":161,"column":7}},"130":{"start":{"line":157,"column":8},"end":{"line":160,"column":11}},"131":{"start":{"line":164,"column":6},"end":{"line":348,"column":7}},"132":{"start":{"line":165,"column":8},"end":{"line":347,"column":9}},"133":{"start":{"line":167,"column":10},"end":{"line":288,"column":13}},"134":{"start":{"line":168,"column":12},"end":{"line":174,"column":13}},"135":{"start":{"line":170,"column":14},"end":{"line":173,"column":17}},"136":{"start":{"line":176,"column":12},"end":{"line":287,"column":13}},"137":{"start":{"line":178,"column":14},"end":{"line":231,"column":15}},"138":{"start":{"line":179,"column":33},"end":{"line":179,"column":66}},"139":{"start":{"line":182,"column":16},"end":{"line":223,"column":17}},"140":{"start":{"line":183,"column":30},"end":{"line":211,"column":19}},"141":{"start":{"line":184,"column":31},"end":{"line":184,"column":43}},"142":{"start":{"line":186,"column":20},"end":{"line":210,"column":21}},"143":{"start":{"line":187,"column":22},"end":{"line":187,"column":43}},"144":{"start":{"line":188,"column":37},"end":{"line":188,"column":39}},"145":{"start":{"line":191,"column":22},"end":{"line":197,"column":25}},"146":{"start":{"line":192,"column":24},"end":{"line":194,"column":25}},"147":{"start":{"line":193,"column":26},"end":{"line":193,"column":49}},"148":{"start":{"line":199,"column":22},"end":{"line":208,"column":24}},"149":{"start":{"line":209,"column":22},"end":{"line":209,"column":37}},"150":{"start":{"line":213,"column":18},"end":{"line":218,"column":19}},"151":{"start":{"line":214,"column":31},"end":{"line":214,"column":38}},"152":{"start":{"line":216,"column":20},"end":{"line":216,"column":48}},"153":{"start":{"line":216,"column":42},"end":{"line":216,"column":48}},"154":{"start":{"line":217,"column":20},"end":{"line":217,"column":83}},"155":{"start":{"line":217,"column":69},"end":{"line":217,"column":83}},"156":{"start":{"line":220,"column":18},"end":{"line":220,"column":36}},"157":{"start":{"line":222,"column":18},"end":{"line":222,"column":33}},"158":{"start":{"line":225,"column":16},"end":{"line":230,"column":19}},"159":{"start":{"line":225,"column":36},"end":{"line":230,"column":19}},"160":{"start":{"line":233,"column":14},"end":{"line":286,"column":15}},"161":{"start":{"line":234,"column":33},"end":{"line":234,"column":66}},"162":{"start":{"line":237,"column":16},"end":{"line":278,"column":17}},"163":{"start":{"line":238,"column":31},"end":{"line":266,"column":19}},"164":{"start":{"line":239,"column":31},"end":{"line":239,"column":43}},"165":{"start":{"line":241,"column":20},"end":{"line":265,"column":21}},"166":{"start":{"line":242,"column":22},"end":{"line":242,"column":43}},"167":{"start":{"line":243,"column":37},"end":{"line":243,"column":39}},"168":{"start":{"line":246,"column":22},"end":{"line":252,"column":25}},"169":{"start":{"line":247,"column":24},"end":{"line":249,"column":25}},"170":{"start":{"line":248,"column":26},"end":{"line":248,"column":49}},"171":{"start":{"line":254,"column":22},"end":{"line":263,"column":24}},"172":{"start":{"line":264,"column":22},"end":{"line":264,"column":37}},"173":{"start":{"line":268,"column":18},"end":{"line":273,"column":19}},"174":{"start":{"line":269,"column":32},"end":{"line":269,"column":40}},"175":{"start":{"line":271,"column":20},"end":{"line":271,"column":49}},"176":{"start":{"line":271,"column":43},"end":{"line":271,"column":49}},"177":{"start":{"line":272,"column":20},"end":{"line":272,"column":85}},"178":{"start":{"line":272,"column":70},"end":{"line":272,"column":85}},"179":{"start":{"line":275,"column":18},"end":{"line":275,"column":36}},"180":{"start":{"line":277,"column":18},"end":{"line":277,"column":33}},"181":{"start":{"line":280,"column":16},"end":{"line":285,"column":19}},"182":{"start":{"line":280,"column":36},"end":{"line":285,"column":19}},"183":{"start":{"line":292,"column":27},"end":{"line":292,"column":60}},"184":{"start":{"line":295,"column":10},"end":{"line":339,"column":11}},"185":{"start":{"line":296,"column":25},"end":{"line":326,"column":13}},"186":{"start":{"line":297,"column":25},"end":{"line":297,"column":37}},"187":{"start":{"line":299,"column":14},"end":{"line":323,"column":15}},"188":{"start":{"line":300,"column":16},"end":{"line":300,"column":37}},"189":{"start":{"line":301,"column":31},"end":{"line":301,"column":33}},"190":{"start":{"line":304,"column":16},"end":{"line":310,"column":19}},"191":{"start":{"line":305,"column":18},"end":{"line":307,"column":19}},"192":{"start":{"line":306,"column":20},"end":{"line":306,"column":43}},"193":{"start":{"line":312,"column":16},"end":{"line":321,"column":18}},"194":{"start":{"line":322,"column":16},"end":{"line":322,"column":31}},"195":{"start":{"line":328,"column":12},"end":{"line":333,"column":13}},"196":{"start":{"line":329,"column":26},"end":{"line":329,"column":34}},"197":{"start":{"line":331,"column":14},"end":{"line":331,"column":43}},"198":{"start":{"line":331,"column":37},"end":{"line":331,"column":43}},"199":{"start":{"line":332,"column":14},"end":{"line":332,"column":79}},"200":{"start":{"line":332,"column":64},"end":{"line":332,"column":79}},"201":{"start":{"line":336,"column":12},"end":{"line":336,"column":30}},"202":{"start":{"line":338,"column":12},"end":{"line":338,"column":27}},"203":{"start":{"line":341,"column":10},"end":{"line":346,"column":13}},"204":{"start":{"line":341,"column":30},"end":{"line":346,"column":13}},"205":{"start":{"line":352,"column":4},"end":{"line":355,"column":7}},"206":{"start":{"line":361,"column":0},"end":{"line":361,"column":34}},"207":{"start":{"line":363,"column":14},"end":{"line":412,"column":1}},"208":{"start":{"line":364,"column":22},"end":{"line":364,"column":33}},"209":{"start":{"line":365,"column":18},"end":{"line":365,"column":41}},"210":{"start":{"line":366,"column":14},"end":{"line":366,"column":33}},"211":{"start":{"line":367,"column":19},"end":{"line":367,"column":43}},"212":{"start":{"line":369,"column":2},"end":{"line":411,"column":5}},"213":{"start":{"line":370,"column":4},"end":{"line":407,"column":7}},"214":{"start":{"line":371,"column":6},"end":{"line":376,"column":7}},"215":{"start":{"line":372,"column":8},"end":{"line":375,"column":11}},"216":{"start":{"line":378,"column":6},"end":{"line":383,"column":7}},"217":{"start":{"line":379,"column":8},"end":{"line":382,"column":11}},"218":{"start":{"line":385,"column":6},"end":{"line":404,"column":7}},"219":{"start":{"line":386,"column":25},"end":{"line":386,"column":37}},"220":{"start":{"line":387,"column":19},"end":{"line":393,"column":9}},"221":{"start":{"line":395,"column":8},"end":{"line":403,"column":11}},"222":{"start":{"line":396,"column":10},"end":{"line":398,"column":20}},"223":{"start":{"line":399,"column":10},"end":{"line":402,"column":13}},"224":{"start":{"line":408,"column":9},"end":{"line":411,"column":5}},"225":{"start":{"line":414,"column":0},"end":{"line":414,"column":26}},"226":{"start":{"line":416,"column":17},"end":{"line":489,"column":1}},"227":{"start":{"line":417,"column":16},"end":{"line":417,"column":21}},"228":{"start":{"line":418,"column":22},"end":{"line":418,"column":33}},"229":{"start":{"line":419,"column":18},"end":{"line":419,"column":41}},"230":{"start":{"line":420,"column":18},"end":{"line":420,"column":41}},"231":{"start":{"line":422,"column":2},"end":{"line":488,"column":5}},"232":{"start":{"line":423,"column":4},"end":{"line":479,"column":7}},"233":{"start":{"line":424,"column":6},"end":{"line":429,"column":7}},"234":{"start":{"line":425,"column":8},"end":{"line":428,"column":11}},"235":{"start":{"line":431,"column":6},"end":{"line":436,"column":7}},"236":{"start":{"line":432,"column":8},"end":{"line":435,"column":11}},"237":{"start":{"line":438,"column":6},"end":{"line":478,"column":7}},"238":{"start":{"line":439,"column":8},"end":{"line":477,"column":11}},"239":{"start":{"line":440,"column":10},"end":{"line":445,"column":11}},"240":{"start":{"line":441,"column":12},"end":{"line":444,"column":15}},"241":{"start":{"line":447,"column":10},"end":{"line":476,"column":11}},"242":{"start":{"line":448,"column":24},"end":{"line":448,"column":25}},"243":{"start":{"line":450,"column":29},"end":{"line":450,"column":62}},"244":{"start":{"line":453,"column":12},"end":{"line":473,"column":13}},"245":{"start":{"line":454,"column":14},"end":{"line":468,"column":15}},"246":{"start":{"line":455,"column":27},"end":{"line":455,"column":39}},"247":{"start":{"line":457,"column":16},"end":{"line":465,"column":17}},"248":{"start":{"line":458,"column":18},"end":{"line":458,"column":41}},"249":{"start":{"line":459,"column":18},"end":{"line":459,"column":33}},"250":{"start":{"line":460,"column":18},"end":{"line":463,"column":21}},"251":{"start":{"line":464,"column":18},"end":{"line":464,"column":24}},"252":{"start":{"line":467,"column":16},"end":{"line":467,"column":24}},"253":{"start":{"line":470,"column":14},"end":{"line":470,"column":32}},"254":{"start":{"line":472,"column":14},"end":{"line":472,"column":29}},"255":{"start":{"line":481,"column":4},"end":{"line":484,"column":7}},"256":{"start":{"line":481,"column":18},"end":{"line":484,"column":7}},"257":{"start":{"line":485,"column":9},"end":{"line":488,"column":5}},"258":{"start":{"line":491,"column":0},"end":{"line":491,"column":32}},"259":{"start":{"line":493,"column":17},"end":{"line":574,"column":1}},"260":{"start":{"line":494,"column":16},"end":{"line":494,"column":21}},"261":{"start":{"line":495,"column":22},"end":{"line":495,"column":33}},"262":{"start":{"line":496,"column":18},"end":{"line":496,"column":41}},"263":{"start":{"line":497,"column":18},"end":{"line":497,"column":41}},"264":{"start":{"line":498,"column":14},"end":{"line":498,"column":33}},"265":{"start":{"line":499,"column":19},"end":{"line":499,"column":43}},"266":{"start":{"line":501,"column":2},"end":{"line":573,"column":5}},"267":{"start":{"line":502,"column":4},"end":{"line":569,"column":7}},"268":{"start":{"line":503,"column":6},"end":{"line":508,"column":7}},"269":{"start":{"line":504,"column":8},"end":{"line":507,"column":11}},"270":{"start":{"line":512,"column":6},"end":{"line":517,"column":7}},"271":{"start":{"line":513,"column":8},"end":{"line":516,"column":11}},"272":{"start":{"line":519,"column":6},"end":{"line":568,"column":7}},"273":{"start":{"line":520,"column":8},"end":{"line":567,"column":11}},"274":{"start":{"line":521,"column":10},"end":{"line":526,"column":11}},"275":{"start":{"line":522,"column":12},"end":{"line":525,"column":15}},"276":{"start":{"line":528,"column":10},"end":{"line":564,"column":11}},"277":{"start":{"line":529,"column":12},"end":{"line":561,"column":13}},"278":{"start":{"line":530,"column":26},"end":{"line":530,"column":27}},"279":{"start":{"line":532,"column":31},"end":{"line":532,"column":64}},"280":{"start":{"line":535,"column":14},"end":{"line":555,"column":15}},"281":{"start":{"line":536,"column":16},"end":{"line":550,"column":17}},"282":{"start":{"line":537,"column":29},"end":{"line":537,"column":41}},"283":{"start":{"line":539,"column":18},"end":{"line":547,"column":19}},"284":{"start":{"line":540,"column":20},"end":{"line":540,"column":61}},"285":{"start":{"line":541,"column":20},"end":{"line":541,"column":76}},"286":{"start":{"line":542,"column":20},"end":{"line":545,"column":23}},"287":{"start":{"line":546,"column":20},"end":{"line":546,"column":26}},"288":{"start":{"line":549,"column":18},"end":{"line":549,"column":26}},"289":{"start":{"line":552,"column":16},"end":{"line":552,"column":34}},"290":{"start":{"line":554,"column":16},"end":{"line":554,"column":31}},"291":{"start":{"line":557,"column":14},"end":{"line":560,"column":17}},"292":{"start":{"line":570,"column":9},"end":{"line":573,"column":5}},"293":{"start":{"line":576,"column":0},"end":{"line":576,"column":32}}},"fnMap":{"0":{"name":"ownKeys","decl":{"start":{"line":24,"column":9},"end":{"line":24,"column":16}},"loc":{"start":{"line":24,"column":41},"end":{"line":24,"column":341}},"line":24},"1":{"name":"(anonymous_1)","decl":{"start":{"line":24,"column":208},"end":{"line":24,"column":209}},"loc":{"start":{"line":24,"column":223},"end":{"line":24,"column":290}},"line":24},"2":{"name":"_objectSpread","decl":{"start":{"line":26,"column":9},"end":{"line":26,"column":22}},"loc":{"start":{"line":26,"column":31},"end":{"line":26,"column":551}},"line":26},"3":{"name":"(anonymous_3)","decl":{"start":{"line":26,"column":184},"end":{"line":26,"column":185}},"loc":{"start":{"line":26,"column":199},"end":{"line":26,"column":262}},"line":26},"4":{"name":"(anonymous_4)","decl":{"start":{"line":26,"column":428},"end":{"line":26,"column":429}},"loc":{"start":{"line":26,"column":443},"end":{"line":26,"column":528}},"line":26},"5":{"name":"_createForOfIteratorHelper","decl":{"start":{"line":28,"column":9},"end":{"line":28,"column":35}},"loc":{"start":{"line":28,"column":55},"end":{"line":28,"column":997}},"line":28},"6":{"name":"F","decl":{"start":{"line":28,"column":296},"end":{"line":28,"column":297}},"loc":{"start":{"line":28,"column":300},"end":{"line":28,"column":302}},"line":28},"7":{"name":"n","decl":{"start":{"line":28,"column":331},"end":{"line":28,"column":332}},"loc":{"start":{"line":28,"column":335},"end":{"line":28,"column":419}},"line":28},"8":{"name":"e","decl":{"start":{"line":28,"column":433},"end":{"line":28,"column":434}},"loc":{"start":{"line":28,"column":439},"end":{"line":28,"column":452}},"line":28},"9":{"name":"s","decl":{"start":{"line":28,"column":695},"end":{"line":28,"column":696}},"loc":{"start":{"line":28,"column":699},"end":{"line":28,"column":729}},"line":28},"10":{"name":"n","decl":{"start":{"line":28,"column":743},"end":{"line":28,"column":744}},"loc":{"start":{"line":28,"column":747},"end":{"line":28,"column":815}},"line":28},"11":{"name":"e","decl":{"start":{"line":28,"column":829},"end":{"line":28,"column":830}},"loc":{"start":{"line":28,"column":836},"end":{"line":28,"column":865}},"line":28},"12":{"name":"f","decl":{"start":{"line":28,"column":879},"end":{"line":28,"column":880}},"loc":{"start":{"line":28,"column":883},"end":{"line":28,"column":992}},"line":28},"13":{"name":"_unsupportedIterableToArray","decl":{"start":{"line":30,"column":9},"end":{"line":30,"column":36}},"loc":{"start":{"line":30,"column":48},"end":{"line":30,"column":416}},"line":30},"14":{"name":"_arrayLikeToArray","decl":{"start":{"line":32,"column":9},"end":{"line":32,"column":26}},"loc":{"start":{"line":32,"column":37},"end":{"line":32,"column":183}},"line":32},"15":{"name":"_loop4","decl":{"start":{"line":43,"column":24},"end":{"line":43,"column":30}},"loc":{"start":{"line":43,"column":33},"end":{"line":71,"column":3}},"line":43},"16":{"name":"(anonymous_16)","decl":{"start":{"line":46,"column":64},"end":{"line":46,"column":65}},"loc":{"start":{"line":46,"column":86},"end":{"line":58,"column":5}},"line":46},"17":{"name":"(anonymous_17)","decl":{"start":{"line":62,"column":14},"end":{"line":62,"column":15}},"loc":{"start":{"line":62,"column":30},"end":{"line":70,"column":5}},"line":62},"18":{"name":"(anonymous_18)","decl":{"start":{"line":63,"column":38},"end":{"line":63,"column":39}},"loc":{"start":{"line":63,"column":57},"end":{"line":69,"column":7}},"line":63},"19":{"name":"_loop5","decl":{"start":{"line":87,"column":24},"end":{"line":87,"column":30}},"loc":{"start":{"line":87,"column":33},"end":{"line":103,"column":3}},"line":87},"20":{"name":"(anonymous_20)","decl":{"start":{"line":90,"column":64},"end":{"line":90,"column":65}},"loc":{"start":{"line":90,"column":86},"end":{"line":102,"column":5}},"line":90},"21":{"name":"getPosts","decl":{"start":{"line":114,"column":24},"end":{"line":114,"column":32}},"loc":{"start":{"line":114,"column":43},"end":{"line":144,"column":1}},"line":114},"22":{"name":"(anonymous_22)","decl":{"start":{"line":117,"column":69},"end":{"line":117,"column":70}},"loc":{"start":{"line":117,"column":94},"end":{"line":143,"column":3}},"line":117},"23":{"name":"(anonymous_23)","decl":{"start":{"line":128,"column":16},"end":{"line":128,"column":17}},"loc":{"start":{"line":128,"column":32},"end":{"line":136,"column":7}},"line":128},"24":{"name":"(anonymous_24)","decl":{"start":{"line":129,"column":40},"end":{"line":129,"column":41}},"loc":{"start":{"line":129,"column":59},"end":{"line":135,"column":9}},"line":129},"25":{"name":"getPostById","decl":{"start":{"line":148,"column":27},"end":{"line":148,"column":38}},"loc":{"start":{"line":148,"column":49},"end":{"line":359,"column":1}},"line":148},"26":{"name":"(anonymous_26)","decl":{"start":{"line":155,"column":71},"end":{"line":155,"column":72}},"loc":{"start":{"line":155,"column":96},"end":{"line":349,"column":5}},"line":155},"27":{"name":"(anonymous_27)","decl":{"start":{"line":167,"column":77},"end":{"line":167,"column":78}},"loc":{"start":{"line":167,"column":102},"end":{"line":288,"column":11}},"line":167},"28":{"name":"_loop","decl":{"start":{"line":183,"column":39},"end":{"line":183,"column":44}},"loc":{"start":{"line":183,"column":47},"end":{"line":211,"column":19}},"line":183},"29":{"name":"(anonymous_29)","decl":{"start":{"line":191,"column":54},"end":{"line":191,"column":55}},"loc":{"start":{"line":191,"column":73},"end":{"line":197,"column":23}},"line":191},"30":{"name":"_loop2","decl":{"start":{"line":238,"column":40},"end":{"line":238,"column":46}},"loc":{"start":{"line":238,"column":49},"end":{"line":266,"column":19}},"line":238},"31":{"name":"(anonymous_31)","decl":{"start":{"line":246,"column":54},"end":{"line":246,"column":55}},"loc":{"start":{"line":246,"column":73},"end":{"line":252,"column":23}},"line":246},"32":{"name":"_loop3","decl":{"start":{"line":296,"column":34},"end":{"line":296,"column":40}},"loc":{"start":{"line":296,"column":43},"end":{"line":326,"column":13}},"line":296},"33":{"name":"(anonymous_33)","decl":{"start":{"line":304,"column":48},"end":{"line":304,"column":49}},"loc":{"start":{"line":304,"column":67},"end":{"line":310,"column":17}},"line":304},"34":{"name":"addPost","decl":{"start":{"line":363,"column":23},"end":{"line":363,"column":30}},"loc":{"start":{"line":363,"column":41},"end":{"line":412,"column":1}},"line":363},"35":{"name":"(anonymous_35)","decl":{"start":{"line":370,"column":71},"end":{"line":370,"column":72}},"loc":{"start":{"line":370,"column":96},"end":{"line":407,"column":5}},"line":370},"36":{"name":"(anonymous_36)","decl":{"start":{"line":395,"column":68},"end":{"line":395,"column":69}},"loc":{"start":{"line":395,"column":94},"end":{"line":403,"column":9}},"line":395},"37":{"name":"deletePost","decl":{"start":{"line":416,"column":26},"end":{"line":416,"column":36}},"loc":{"start":{"line":416,"column":47},"end":{"line":489,"column":1}},"line":416},"38":{"name":"(anonymous_38)","decl":{"start":{"line":423,"column":71},"end":{"line":423,"column":72}},"loc":{"start":{"line":423,"column":96},"end":{"line":479,"column":5}},"line":423},"39":{"name":"(anonymous_39)","decl":{"start":{"line":439,"column":75},"end":{"line":439,"column":76}},"loc":{"start":{"line":439,"column":100},"end":{"line":477,"column":9}},"line":439},"40":{"name":"updatePost","decl":{"start":{"line":493,"column":26},"end":{"line":493,"column":36}},"loc":{"start":{"line":493,"column":47},"end":{"line":574,"column":1}},"line":493},"41":{"name":"(anonymous_41)","decl":{"start":{"line":502,"column":71},"end":{"line":502,"column":72}},"loc":{"start":{"line":502,"column":96},"end":{"line":569,"column":5}},"line":502},"42":{"name":"(anonymous_42)","decl":{"start":{"line":520,"column":75},"end":{"line":520,"column":76}},"loc":{"start":{"line":520,"column":100},"end":{"line":567,"column":9}},"line":520}},"branchMap":{"0":{"loc":{"start":{"line":24,"column":75},"end":{"line":24,"column":326}},"type":"if","locations":[{"start":{"line":24,"column":75},"end":{"line":24,"column":326}},{"start":{"line":24,"column":75},"end":{"line":24,"column":326}}],"line":24},"1":{"loc":{"start":{"line":24,"column":163},"end":{"line":24,"column":292}},"type":"if","locations":[{"start":{"line":24,"column":163},"end":{"line":24,"column":292}},{"start":{"line":24,"column":163},"end":{"line":24,"column":292}}],"line":24},"2":{"loc":{"start":{"line":26,"column":91},"end":{"line":26,"column":131}},"type":"cond-expr","locations":[{"start":{"line":26,"column":114},"end":{"line":26,"column":126}},{"start":{"line":26,"column":129},"end":{"line":26,"column":131}}],"line":26},"3":{"loc":{"start":{"line":26,"column":133},"end":{"line":26,"column":532}},"type":"if","locations":[{"start":{"line":26,"column":133},"end":{"line":26,"column":532}},{"start":{"line":26,"column":133},"end":{"line":26,"column":532}}],"line":26},"4":{"loc":{"start":{"line":26,"column":272},"end":{"line":26,"column":532}},"type":"if","locations":[{"start":{"line":26,"column":272},"end":{"line":26,"column":532}},{"start":{"line":26,"column":272},"end":{"line":26,"column":532}}],"line":26},"5":{"loc":{"start":{"line":28,"column":65},"end":{"line":28,"column":623}},"type":"if","locations":[{"start":{"line":28,"column":65},"end":{"line":28,"column":623}},{"start":{"line":28,"column":65},"end":{"line":28,"column":623}}],"line":28},"6":{"loc":{"start":{"line":28,"column":69},"end":{"line":28,"column":128}},"type":"binary-expr","locations":[{"start":{"line":28,"column":69},"end":{"line":28,"column":98}},{"start":{"line":28,"column":102},"end":{"line":28,"column":128}}],"line":28},"7":{"loc":{"start":{"line":28,"column":132},"end":{"line":28,"column":463}},"type":"if","locations":[{"start":{"line":28,"column":132},"end":{"line":28,"column":463}},{"start":{"line":28,"column":132},"end":{"line":28,"column":463}}],"line":28},"8":{"loc":{"start":{"line":28,"column":136},"end":{"line":28,"column":248}},"type":"binary-expr","locations":[{"start":{"line":28,"column":136},"end":{"line":28,"column":152}},{"start":{"line":28,"column":157},"end":{"line":28,"column":192}},{"start":{"line":28,"column":197},"end":{"line":28,"column":211}},{"start":{"line":28,"column":215},"end":{"line":28,"column":216}},{"start":{"line":28,"column":220},"end":{"line":28,"column":248}}],"line":28},"9":{"loc":{"start":{"line":28,"column":252},"end":{"line":28,"column":267}},"type":"if","locations":[{"start":{"line":28,"column":252},"end":{"line":28,"column":267}},{"start":{"line":28,"column":252},"end":{"line":28,"column":267}}],"line":28},"10":{"loc":{"start":{"line":28,"column":337},"end":{"line":28,"column":378}},"type":"if","locations":[{"start":{"line":28,"column":337},"end":{"line":28,"column":378}},{"start":{"line":28,"column":337},"end":{"line":28,"column":378}}],"line":28},"11":{"loc":{"start":{"line":28,"column":891},"end":{"line":28,"column":953}},"type":"if","locations":[{"start":{"line":28,"column":891},"end":{"line":28,"column":953}},{"start":{"line":28,"column":891},"end":{"line":28,"column":953}}],"line":28},"12":{"loc":{"start":{"line":28,"column":895},"end":{"line":28,"column":936}},"type":"binary-expr","locations":[{"start":{"line":28,"column":895},"end":{"line":28,"column":912}},{"start":{"line":28,"column":916},"end":{"line":28,"column":936}}],"line":28},"13":{"loc":{"start":{"line":28,"column":966},"end":{"line":28,"column":988}},"type":"if","locations":[{"start":{"line":28,"column":966},"end":{"line":28,"column":988}},{"start":{"line":28,"column":966},"end":{"line":28,"column":988}}],"line":28},"14":{"loc":{"start":{"line":30,"column":50},"end":{"line":30,"column":65}},"type":"if","locations":[{"start":{"line":30,"column":50},"end":{"line":30,"column":65}},{"start":{"line":30,"column":50},"end":{"line":30,"column":65}}],"line":30},"15":{"loc":{"start":{"line":30,"column":66},"end":{"line":30,"column":129}},"type":"if","locations":[{"start":{"line":30,"column":66},"end":{"line":30,"column":129}},{"start":{"line":30,"column":66},"end":{"line":30,"column":129}}],"line":30},"16":{"loc":{"start":{"line":30,"column":186},"end":{"line":30,"column":246}},"type":"if","locations":[{"start":{"line":30,"column":186},"end":{"line":30,"column":246}},{"start":{"line":30,"column":186},"end":{"line":30,"column":246}}],"line":30},"17":{"loc":{"start":{"line":30,"column":190},"end":{"line":30,"column":221}},"type":"binary-expr","locations":[{"start":{"line":30,"column":190},"end":{"line":30,"column":204}},{"start":{"line":30,"column":208},"end":{"line":30,"column":221}}],"line":30},"18":{"loc":{"start":{"line":30,"column":247},"end":{"line":30,"column":300}},"type":"if","locations":[{"start":{"line":30,"column":247},"end":{"line":30,"column":300}},{"start":{"line":30,"column":247},"end":{"line":30,"column":300}}],"line":30},"19":{"loc":{"start":{"line":30,"column":251},"end":{"line":30,"column":277}},"type":"binary-expr","locations":[{"start":{"line":30,"column":251},"end":{"line":30,"column":262}},{"start":{"line":30,"column":266},"end":{"line":30,"column":277}}],"line":30},"20":{"loc":{"start":{"line":30,"column":301},"end":{"line":30,"column":414}},"type":"if","locations":[{"start":{"line":30,"column":301},"end":{"line":30,"column":414}},{"start":{"line":30,"column":301},"end":{"line":30,"column":414}}],"line":30},"21":{"loc":{"start":{"line":30,"column":305},"end":{"line":30,"column":376}},"type":"binary-expr","locations":[{"start":{"line":30,"column":305},"end":{"line":30,"column":322}},{"start":{"line":30,"column":326},"end":{"line":30,"column":376}}],"line":30},"22":{"loc":{"start":{"line":32,"column":39},"end":{"line":32,"column":93}},"type":"if","locations":[{"start":{"line":32,"column":39},"end":{"line":32,"column":93}},{"start":{"line":32,"column":39},"end":{"line":32,"column":93}}],"line":32},"23":{"loc":{"start":{"line":32,"column":43},"end":{"line":32,"column":74}},"type":"binary-expr","locations":[{"start":{"line":32,"column":43},"end":{"line":32,"column":54}},{"start":{"line":32,"column":58},"end":{"line":32,"column":74}}],"line":32},"24":{"loc":{"start":{"line":47,"column":6},"end":{"line":50,"column":9}},"type":"if","locations":[{"start":{"line":47,"column":6},"end":{"line":50,"column":9}},{"start":{"line":47,"column":6},"end":{"line":50,"column":9}}],"line":47},"25":{"loc":{"start":{"line":52,"column":6},"end":{"line":57,"column":7}},"type":"if","locations":[{"start":{"line":52,"column":6},"end":{"line":57,"column":7}},{"start":{"line":52,"column":6},"end":{"line":57,"column":7}}],"line":52},"26":{"loc":{"start":{"line":64,"column":8},"end":{"line":66,"column":9}},"type":"if","locations":[{"start":{"line":64,"column":8},"end":{"line":66,"column":9}},{"start":{"line":64,"column":8},"end"
[...]
{"line":32,"column":39},"end":{"line":32,"column":93}},"67":{"start":{"line":32,"column":76},"end":{"line":32,"column":93}},"68":{"start":{"line":32,"column":94},"end":{"line":32,"column":168}},"69":{"start":{"line":32,"column":107},"end":{"line":32,"column":108}},"70":{"start":{"line":32,"column":117},"end":{"line":32,"column":131}},"71":{"start":{"line":32,"column":149},"end":{"line":32,"column":166}},"72":{"start":{"line":32,"column":169},"end":{"line":32,"column":181}},"73":{"start":{"line":34,"column":0},"end":{"line":34,"column":28}},"74":{"start":{"line":36,"column":12},"end":{"line":36,"column":40}},"75":{"start":{"line":39,"column":12},"end":{"line":39,"column":14}},"76":{"start":{"line":41,"column":16},"end":{"line":41,"column":64}},"77":{"start":{"line":44,"column":0},"end":{"line":73,"column":1}},"78":{"start":{"line":45,"column":14},"end":{"line":64,"column":3}},"79":{"start":{"line":46,"column":15},"end":{"line":46,"column":26}},"80":{"start":{"line":47,"column":4},"end":{"line":49,"column":13}},"81":{"start":{"line":51,"column":4},"end":{"line":63,"column":7}},"82":{"start":{"line":52,"column":6},"end":{"line":55,"column":9}},"83":{"start":{"line":52,"column":15},"end":{"line":55,"column":9}},"84":{"start":{"line":57,"column":6},"end":{"line":62,"column":7}},"85":{"start":{"line":58,"column":8},"end":{"line":60,"column":17}},"86":{"start":{"line":61,"column":8},"end":{"line":61,"column":25}},"87":{"start":{"line":66,"column":2},"end":{"line":68,"column":3}},"88":{"start":{"line":67,"column":4},"end":{"line":67,"column":12}},"89":{"start":{"line":70,"column":2},"end":{"line":70,"column":19}},"90":{"start":{"line":72,"column":2},"end":{"line":72,"column":16}},"91":{"start":{"line":76,"column":0},"end":{"line":114,"column":3}},"92":{"start":{"line":77,"column":21},"end":{"line":77,"column":23}},"93":{"start":{"line":79,"column":2},"end":{"line":81,"column":3}},"94":{"start":{"line":79,"column":15},"end":{"line":79,"column":16}},"95":{"start":{"line":80,"column":4},"end":{"line":80,"column":32}},"96":{"start":{"line":83,"column":2},"end":{"line":111,"column":3}},"97":{"start":{"line":84,"column":4},"end":{"line":103,"column":7}},"98":{"start":{"line":85,"column":6},"end":{"line":90,"column":9}},"99":{"start":{"line":85,"column":15},"end":{"line":90,"column":9}},"100":{"start":{"line":91,"column":6},"end":{"line":96,"column":9}},"101":{"start":{"line":91,"column":37},"end":{"line":96,"column":9}},"102":{"start":{"line":97,"column":6},"end":{"line":102,"column":9}},"103":{"start":{"line":97,"column":36},"end":{"line":102,"column":9}},"104":{"start":{"line":105,"column":4},"end":{"line":110,"column":7}},"105":{"start":{"line":115,"column":15},"end":{"line":115,"column":20}},"106":{"start":{"line":116,"column":0},"end":{"line":116,"column":30}}},"fnMap":{"0":{"name":"ownKeys","decl":{"start":{"line":24,"column":9},"end":{"line":24,"column":16}},"loc":{"start":{"line":24,"column":41},"end":{"line":24,"column":341}},"line":24},"1":{"name":"(anonymous_1)","decl":{"start":{"line":24,"column":208},"end":{"line":24,"column":209}},"loc":{"start":{"line":24,"column":223},"end":{"line":24,"column":290}},"line":24},"2":{"name":"_objectSpread","decl":{"start":{"line":26,"column":9},"end":{"line":26,"column":22}},"loc":{"start":{"line":26,"column":31},"end":{"line":26,"column":551}},"line":26},"3":{"name":"(anonymous_3)","decl":{"start":{"line":26,"column":184},"end":{"line":26,"column":185}},"loc":{"start":{"line":26,"column":199},"end":{"line":26,"column":262}},"line":26},"4":{"name":"(anonymous_4)","decl":{"start":{"line":26,"column":428},"end":{"line":26,"column":429}},"loc":{"start":{"line":26,"column":443},"end":{"line":26,"column":528}},"line":26},"5":{"name":"_createForOfIteratorHelper","decl":{"start":{"line":28,"column":9},"end":{"line":28,"column":35}},"loc":{"start":{"line":28,"column":55},"end":{"line":28,"column":997}},"line":28},"6":{"name":"F","decl":{"start":{"line":28,"column":296},"end":{"line":28,"column":297}},"loc":{"start":{"line":28,"column":300},"end":{"line":28,"column":302}},"line":28},"7":{"name":"n","decl":{"start":{"line":28,"column":331},"end":{"line":28,"column":332}},"loc":{"start":{"line":28,"column":335},"end":{"line":28,"column":419}},"line":28},"8":{"name":"e","decl":{"start":{"line":28,"column":433},"end":{"line":28,"column":434}},"loc":{"start":{"line":28,"column":439},"end":{"line":28,"column":452}},"line":28},"9":{"name":"s","decl":{"start":{"line":28,"column":695},"end":{"line":28,"column":696}},"loc":{"start":{"line":28,"column":699},"end":{"line":28,"column":729}},"line":28},"10":{"name":"n","decl":{"start":{"line":28,"column":743},"end":{"line":28,"column":744}},"loc":{"start":{"line":28,"column":747},"end":{"line":28,"column":815}},"line":28},"11":{"name":"e","decl":{"start":{"line":28,"column":829},"end":{"line":28,"column":830}},"loc":{"start":{"line":28,"column":836},"end":{"line":28,"column":865}},"line":28},"12":{"name":"f","decl":{"start":{"line":28,"column":879},"end":{"line":28,"column":880}},"loc":{"start":{"line":28,"column":883},"end":{"line":28,"column":992}},"line":28},"13":{"name":"_unsupportedIterableToArray","decl":{"start":{"line":30,"column":9},"end":{"line":30,"column":36}},"loc":{"start":{"line":30,"column":48},"end":{"line":30,"column":416}},"line":30},"14":{"name":"_arrayLikeToArray","decl":{"start":{"line":32,"column":9},"end":{"line":32,"column":26}},"loc":{"start":{"line":32,"column":37},"end":{"line":32,"column":183}},"line":32},"15":{"name":"_loop","decl":{"start":{"line":45,"column":23},"end":{"line":45,"column":28}},"loc":{"start":{"line":45,"column":31},"end":{"line":64,"column":3}},"line":45},"16":{"name":"(anonymous_16)","decl":{"start":{"line":51,"column":64},"end":{"line":51,"column":65}},"loc":{"start":{"line":51,"column":86},"end":{"line":63,"column":5}},"line":51},"17":{"name":"(anonymous_17)","decl":{"start":{"line":76,"column":40},"end":{"line":76,"column":41}},"loc":{"start":{"line":76,"column":60},"end":{"line":114,"column":1}},"line":76},"18":{"name":"(anonymous_18)","decl":{"start":{"line":84,"column":71},"end":{"line":84,"column":72}},"loc":{"start":{"line":84,"column":96},"end":{"line":103,"column":5}},"line":84}},"branchMap":{"0":{"loc":{"start":{"line":24,"column":75},"end":{"line":24,"column":326}},"type":"if","locations":[{"start":{"line":24,"column":75},"end":{"line":24,"column":326}},{"start":{"line":24,"column":75},"end":{"line":24,"column":326}}],"line":24},"1":{"loc":{"start":{"line":24,"column":163},"end":{"line":24,"column":292}},"type":"if","locations":[{"start":{"line":24,"column":163},"end":{"line":24,"column":292}},{"start":{"line":24,"column":163},"end":{"line":24,"column":292}}],"line":24},"2":{"loc":{"start":{"line":26,"column":91},"end":{"line":26,"column":131}},"type":"cond-expr","locations":[{"start":{"line":26,"column":114},"end":{"line":26,"column":126}},{"start":{"line":26,"column":129},"end":{"line":26,"column":131}}],"line":26},"3":{"loc":{"start":{"line":26,"column":133},"end":{"line":26,"column":532}},"type":"if","locations":[{"start":{"line":26,"column":133},"end":{"line":26,"column":532}},{"start":{"line":26,"column":133},"end":{"line":26,"column":532}}],"line":26},"4":{"loc":{"start":{"line":26,"column":272},"end":{"line":26,"column":532}},"type":"if","locations":[{"start":{"line":26,"column":272},"end":{"line":26,"column":532}},{"start":{"line":26,"column":272},"end":{"line":26,"column":532}}],"line":26},"5":{"loc":{"start":{"line":28,"column":65},"end":{"line":28,"column":623}},"type":"if","locations":[{"start":{"line":28,"column":65},"end":{"line":28,"column":623}},{"start":{"line":28,"column":65},"end":{"line":28,"column":623}}],"line":28},"6":{"loc":{"start":{"line":28,"column":69},"end":{"line":28,"column":128}},"type":"binary-expr","locations":[{"start":{"line":28,"column":69},"end":{"line":28,"column":98}},{"start":{"line":28,"column":102},"end":{"line":28,"column":128}}],"line":28},"7":{"loc":{"start":{"line":28,"column":132},"end":{"line":28,"column":463}},"type":"if","locations":[{"start":{"line":28,"column":132},"end":{"line":28,"column":463}},{"start":{"line":28,"column":132},"end":{"line":28,"column":463}}],"line":28},"8":{"loc":{"start":{"line":28,"column":136},"end":{"line":28,"column":248}},"type":"binary-expr","locations":[{"start":{"line":28,"column":136},"end":{"line":28,"column":152}},{"start":{"line":28,"column":157},"end":{"line":28,"column":192}},{"start":{"line":28,"column":197},"end":{"line":28,"column":211}},{"start":{"line":28,"column":215},"end":{"line":28,"column":216}},{"start":{"line":28,"column":220},"end":{"line":28,"column":248}}],"line":28},"9":{"loc":{"start":{"line":28,"column":252},"end":{"line":28,"column":267}},"type":"if","locations":[{"start":{"line":28,"column":252},"end":{"line":28,"column":267}},{"start":{"line":28,"column":252},"end":{"line":28,"column":267}}],"line":28},"10":{"loc":{"start":{"line":28,"column":337},"end":{"line":28,"column":378}},"type":"if","locations":[{"start":{"line":28,"column":337},"end":{"line":28,"column":378}},{"start":{"line":28,"column":337},"end":{"line":28,"column":378}}],"line":28},"11":{"loc":{"start":{"line":28,"column":891},"end":{"line":28,"column":953}},"type":"if","locations":[{"start":{"line":28,"column":891},"end":{"line":28,"column":953}},{"start":{"line":28,"column":891},"end":{"line":28,"column":953}}],"line":28},"12":{"loc":{"start":{"line":28,"column":895},"end":{"line":28,"column":936}},"type":"binary-expr","locations":[{"start":{"line":28,"column":895},"end":{"line":28,"column":912}},{"start":{"line":28,"column":916},"end":{"line":28,"column":936}}],"line":28},"13":{"loc":{"start":{"line":28,"column":966},"end":{"line":28,"column":988}},"type":"if","locations":[{"start":{"line":28,"column":966},"end":{"line":28,"column":988}},{"start":{"line":28,"column":966},"end":{"line":28,"column":988}}],"line":28},"14":{"loc":{"start":{"line":30,"column":50},"end":{"line":30,"column":65}},"type":"if","locations":[{"start":{"line":30,"column":50},"end":{"line":30,"column":65}},{"start":{"line":30,"column":50},"end":{"line":30,"column":65}}],"line":30},"15":{"loc":{"start":{"line":30,"column":66},"end":{"line":30,"column":129}},"type":"if","locations":[{"start":{"line":30,"column":66},"end":{"line":30,"column":129}},{"start":{"line":30,"column":66},"end":{"line":30,"column":129}}],"line":30},"16":{"loc":{"start":{"line":30,"column":186},"end":{"line":30,"column":246}},"type":"if","locations":[{"start":{"line":30,"column":186},"end":{"line":30,"column":246}},{"start":{"line":30,"column":186},"end":{"line":30,"column":246}}],"line":30},"17":{"loc":{"start":{"line":30,"column":190},"end":{"line":30,"column":221}},"type":"binary-expr","locations":[{"start":{"line":30,"column":190},"end":{"line":30,"column":204}},{"start":{"line":30,"column":208},"end":{"line":30,"column":221}}],"line":30},"18":{"loc":{"start":{"line":30,"column":247},"end":{"line":30,"column":300}},"type":"if","locations":[{"start":{"line":30,"column":247},"end":{"line":30,"column":300}},{"start":{"line":30,"column":247},"end":{"line":30,"column":300}}],"line":30},"19":{"loc":{"start":{"line":30,"column":251},"end":{"line":30,"column":277}},"type":"binary-expr","locations":[{"start":{"line":30,"column":251},"end":{"line":30,"column":262}},{"start":{"line":30,"column":266},"end":{"line":30,"column":277}}],"line":30},"20":{"loc":{"start":{"line":30,"column":301},"end":{"line":30,"column":414}},"type":"if","locations":[{"start":{"line":30,"column":301},"end":{"line":30,"column":414}},{"start":{"line":30,"column":301},"end":{"line":30,"column":414}}],"line":30},"21":{"loc":{"start":{"line":30,"column":305},"end":{"line":30,"column":376}},"type":"binary-expr","locations":[{"start":{"line":30,"column":305},"end":{"line":30,"column":322}},{"start":{"line":30,"column":326},"end":{"line":30,"column":376}}],"line":30},"22":{"loc":{"start":{"line":32,"column":39},"end":{"line":32,"column":93}},"type":"if","locations":[{"start":{"line":32,"column":39},"end":{"line":32,"column":93}},{"start":{"line":32,"column":39},"end":{"line":32,"column":93}}],"line":32},"23":{"loc":{"start":{"line":32,"column":43},"end":{"line":32,"column":74}},"type":"binary-expr","locations":[{"start":{"line":32,"column":43},"end":{"line":32,"column":54}},{"start":{"line":32,"column":58},"end":{"line":32,"column":74}}],"line":32},"24":{"loc":{"start":{"line":52,"column":6},"end":{"line":55,"column":9}},"type":"if","locations":[{"start":{"line":52,"column":6},"end":{"line":55,"column":9}},{"start":{"line":52,"column":6},"end":{"line":55,"column":9}}],"line":52},"25":{"loc":{"start":{"line":57,"column":6},"end":{"line":62,"column":7}},"type":"if","locations":[{"start":{"line":57,"column":6},"end":{"line":62,"column":7}},{"start":{"line":57,"column":6},"end":{"line":62,"column":7}}],"line":57},"26":{"loc":{"start":{"line":85,"column":6},"end":{"line":90,"column":9}},"type":"if","locations":[{"start":{"line":85,"column":6},"end":{"line":90,"column":9}},{"start":{"line":85,"column":6},"end":{"line":90,"column":9}}],"line":85},"27":{"loc":{"start":{"line":91,"column":6},"end":{"line":96,"column":9}},"type":"if","locations":[{"start":{"line":91,"column":6},"end":{"line":96,"column":9}},{"start":{"line":91,"column":6},"end":{"line":96,"column":9}}],"line":91},"28":{"loc":{"start":{"line":94,"column":19},"end":{"line":94,"column":36}},"type":"binary-expr","locations":[{"start":{"line":94,"column":19},"end":{"line":94,"column":28}},{"start":{"line":94,"column":32},"end":{"line":94,"column":36}}],"line":94},"29":{"loc":{"start":{"line":97,"column":6},"end":{"line":102,"column":9}},"type":"if","locations":[{"start":{"line":97,"column":6},"end":{"line":102,"column":9}},{"start":{"line":97,"column":6},"end":{"line":102,"column":9}}],"line":97},"30":{"loc":{"start":{"line":100,"column":19},"end":{"line":100,"column":36}},"type":"binary-expr","locations":[{"start":{"line":100,"column":19},"end":{"line":100,"column":28}},{"start":{"line":100,"column":32},"end":{"line":100,"column":36}}],"line":100}},"s":{"0":1,"1":1,"2":1,"3":1,"4":1,"5":1,"6":1,"7":1,"8":1,"9":1,"10":6,"11":6,"12":6,"13":6,"14":6,"15":0,"16":6,"17":6,"18":6,"19":6,"20":6,"21":6,"22":6,"23":30,"24":0,"25":0,"26":0,"27":0,"28":6,"29":1,"30":0,"31":0,"32":0,"33":0,"34":0,"35":0,"36":0,"37":0,"38":0,"39":0,"40":0,"41":1,"42":1,"43":1,"44":1,"45":4,"46":4,"47":4,"48":0,"49":0,"50":1,"51":1,"52":0,"53":1,"54":0,"55":0,"56":0,"57":0,"58":0,"59":0,"60":0,"61":0,"62":0,"63":0,"64":0,"65":0,"66":0,"67":0,"68":0,"69":0,"70":0,"71":0,"72":0,"73":1,"74":1,"75":1,"76":1,"77":1,"78":1,"79":3,"80":3,"81":3,"82":3,"83":0,"84":3,"85":3,"86":3,"87":1,"88":3,"89":0,"90":1,"91":1,"92":0,"93":0,"94":0,"95":0,"96":0,"97":0,"98":0,"99":0,"100":0,"101":0,"102":0,"103":0,"104":0,"105":1,"106":1},"f":{"0":6,"1":0,"2":6,"3":30,"4":0,"5":1,"6":0,"7":0,"8":0,"9":1,"10":4,"11":0,"12":1,"13":0,"14":0,"15":3,"16":3,"17":0,"18":0},"b":{"0":[6,0],"1":[6,0],"2":[6,0],"3":[6,0],"4":[0,0],"5":[0,1],"6":[1,1],"7":[0,0],"8":[0,0,0,0,0],"9":[0,0],"10":[0,0],"11":[0,1],"12":[1,0],"13":[0,1],"14":[0,0],"15":[0,0],"16":[0,0],"17":[0,0],"18":[0,0],"19":[0,0],"20":[0,0],"21":[0,0],"22":[0,0],"23":[0,0],"24":[0,3],"25":[3,0],"26":[0,0],"27":[0,0],"28":[0,0],"29":[0,0],"30":[0,0]},"inputSourceMap":{"version":3,"sources":["blog.route.js"],"names":["dotEnv","config","route","express","Router","posts","postData","post","id","jwt","sign","process","env","SECRET_KEY","err","token","res","status","json","message","postToken","push","getToken","req","previewPosts","i","verify","authUser","role","userToken"],"mappings":";;;;;;;;;;;AAAA;;AACA;;AACA;;AACA;;AACA;;AAEA;;;;;;;;;;;;AAGAA,mBAAOC,MAAP;;AAGA,IAAMC,KAAK,GAAGC,oBAAQC,MAAR,EAAd,C,CAEA;;;AAEA,IAAIC,KAAK,GAAG,EAAZ;;2CAEiBC,oB;;;;;QAARC,I;AACLA,IAAAA,IAAI;AAAKC,MAAAA,EAAE,EAAE,wBAAO,SAAP;AAAT,OAA+BD,IAA/B,CAAJ;;AACAE,6BAAIC,IAAJ,CAASH,IAAT,EAAeI,OAAO,CAACC,GAAR,CAAYC,UAA3B,EAAuC,UAACC,GAAD,EAAMC,KAAN,EAAgB;AACtD,UAAID,GAAJ,EACC,OAAOE,GAAG,CAACC,MAAJ,CAAW,GAAX,EAAgBC,IAAhB,CAAqB;AAC3BD,QAAAA,MAAM,EAAE,uBADmB;AAE3BE,QAAAA,OAAO,EAAE;AAFkB,OAArB,CAAP;;AAID,UAAIJ,KAAJ,EAAW;AACVR,QAAAA,IAAI;AAAIa,UAAAA,SAAS,EAAEL;AAAf,WAAyBR,IAAzB,CAAJ;AACAF,QAAAA,KAAK,CAACgB,IAAN,CAAWd,IAAX;AACA;AACD,KAVD;;;AAFJ,sDAA2B;AAAA;AAa1B;;;;;;;AAAA;AAEDL,KAAK,CAACK,IAAN,CAAW,OAAX,EAAoBe,kBAApB,EAA8B,UAACC,GAAD,EAAMP,GAAN,EAAc;AACxC,MAAMQ,YAAY,GAAG,EAArB;;AACA,OAAK,IAAIC,CAAC,GAAG,CAAb,EAAgBA,CAAC,GAAG,CAApB,EAAuBA,CAAC,EAAxB;AAA4BD,IAAAA,YAAY,CAACH,IAAb,CAAkBhB,KAAK,CAACoB,CAAD,CAAvB;AAA5B;;AAEA,MAAI;AACAhB,6BAAIiB,MAAJ,CAAWH,GAAG,CAACR,KAAf,EAAsBJ,OAAO,CAACC,GAAR,CAAYC,UAAlC,EAA8C,UAACC,GAAD,EAAMa,QAAN,EAAmB;AAC7D,UAAIb,GAAJ,EACI,OAAOE,GAAG,CAACC,MAAJ,CAAW,GAAX,EAAgBC,IAAhB,CAAqB;AAC3BD,QAAAA,MAAM,EAAE,8BADmB;AAE3BW,QAAAA,IAAI,EAAE,MAFqB;AAG3BC,QAAAA,SAAS,EAAE,IAHgB;AAIxBxB,QAAAA,KAAK,EAALA;AAJwB,OAArB,CAAP;AAMJ,UAAIsB,QAAQ,CAACC,IAAT,KAAkB,OAAtB,EACI,OAAOZ,GAAG,CAACC,MAAJ,CAAW,GAAX,EAAgBC,IAAhB,CAAqB;AAC3BD,QAAAA,MAAM,EAAE,SADmB;AAExBW,QAAAA,IAAI,EAAE,OAFkB;AAGxBC,QAAAA,SAAS,EAAEN,GAAG,CAACR,KAAJ,IAAa,IAHA;AAIxBV,QAAAA,KAAK,EAALA;AAJwB,OAArB,CAAP;AAOJ,UAAIsB,QAAQ,CAACC,IAAT,KAAkB,MAAtB,EACI,OAAOZ,GAAG,CAACC,MAAJ,CAAW,GAAX,EAAgBC,IAAhB,CAAqB;AAC3BD,QAAAA,MAAM,EAAE,SADmB;AAExBW,QAAAA,IAAI,EAAE,MAFkB;AAGxBC,QAAAA,SAAS,EAAEN,GAAG,CAACR,KAAJ,IAAa,IAHA;AAIxBV,QAAAA,KAAK,EAALA;AAJwB,OAArB,CAAP;AAMP,KAvBD;AAwBH,GAzBD,CAyBE,OAAMS,GAAN,EAAW;AACT,WAAOE,GAAG,CAACC,MAAJ,CAAW,GAAX,EAAgBC,IAAhB,CAAqB;AACxBD,MAAAA,MAAM,EAAE,8BADgB;AAExBW,MAAAA,IAAI,EAAE,MAFkB;AAGxBC,MAAAA,SAAS,EAAE,IAHa;AAIxBxB,MAAAA,KAAK,EAALA;AAJwB,KAArB,CAAP;AAMH;;AAAA;AACJ,CArCD;eAuCeH,K","sourceRoot":"/home/ishmax/backend-blog-api/src/routes/","sourcesContent":["import jwt from 'jsonwebtoken';\nimport dotEnv from 'dotenv';\nimport express from 'express';\nimport postData from '../models/post-data.json';\nimport uniqid from 'uniqid';\n// import { getPostsByCount } from '../controllers/blog.controller';\nimport { getToken } from '../middlewares/getToken';\n\n\ndotEnv.config();\n\n\nconst route = express.Router();\n\n// Assign each post a unique id\n\nlet posts = [];\n\nfor (let post of postData) {\n    post = { id: uniqid('postid-'), ...post };\n    jwt.sign(post, process.env.SECRET_KEY, (err, token) => {\n    \tif (err)\n    \t\treturn res.status(501).json({\n    \t\t\tstatus: 'Internal Server Error',\n    \t\t\tmessage: 'Cannot generate token for each post'\n    \t\t});\n    \tif (token) {\n    \t\tpost = {postToken: token, ...post};\n    \t\tposts.push(post);\n    \t}\n    });\n};\n\nroute.post('/blog', getToken, (req, res) => {\n    const previewPosts = [];\n    for (let i = 0; i < 3; i++) previewPosts.push(posts[i]);\n    \n    try {\n        jwt.verify(req.token, process.env.SECRET_KEY, (err, authUser) => {\n            if (err)\n                return res.status(200).json({\n                \tstatus: 'Success - user not logged in',\n                \trole: 'user',\n                \tuserToken: null,\n                    posts\n                });\n            if (authUser.role === 'admin')\n                return res.status(200).json({\n                \tstatus: 'Success',\n                    role: 'admin',\n                    userToken: req.token || null,\n                    posts\n                });\n            \n            if (authUser.role === 'user')\n                return res.status(200).json({\n                \tstatus: 'Success',\n                    role: 'user',\n                    userToken: req.token || null,\n                    posts\n                });\n        });\n    } catch(err) {\n        return res.status(200).json({\n            status: 'Success - user not logged in',\n            role: 'user',\n            userToken: null,\n            posts\n        });\n    };\n});\n\nexport default route;"]},"_coverageSchema":"1a1c01bbd47fc00a2c39e90264f33305004495a9","hash":"cc20eb5ada68efd416068cc34064089561504516","contentHash":"217d3a85d64aeb902b66345b1e51c419fcfdffb6ef03017c174bc615b36497e9"}}