{"/home/ishmax/backend-blog-api/src/index.js":{"path":"/home/ishmax/backend-blog-api/src/index.js","statementMap":{"0":{"start":{"line":3,"column":30},"end":{"line":3,"column":86}},"1":{"start":{"line":5,"column":29},"end":{"line":5,"column":84}},"2":{"start":{"line":7,"column":0},"end":{"line":9,"column":3}},"3":{"start":{"line":10,"column":0},"end":{"line":10,"column":28}},"4":{"start":{"line":12,"column":15},"end":{"line":12,"column":57}},"5":{"start":{"line":14,"column":17},"end":{"line":14,"column":64}},"6":{"start":{"line":16,"column":18},"end":{"line":16,"column":64}},"7":{"start":{"line":18,"column":13},"end":{"line":18,"column":68}},"8":{"start":{"line":20,"column":13},"end":{"line":20,"column":68}},"9":{"start":{"line":22,"column":16},"end":{"line":22,"column":74}},"10":{"start":{"line":24,"column":20},"end":{"line":24,"column":83}},"11":{"start":{"line":26,"column":12},"end":{"line":26,"column":66}},"12":{"start":{"line":28,"column":12},"end":{"line":28,"column":66}},"13":{"start":{"line":30,"column":10},"end":{"line":30,"column":36}},"14":{"start":{"line":31,"column":11},"end":{"line":31,"column":35}},"15":{"start":{"line":33,"column":0},"end":{"line":33,"column":27}},"16":{"start":{"line":35,"column":0},"end":{"line":37,"column":4}},"17":{"start":{"line":38,"column":0},"end":{"line":43,"column":3}},"18":{"start":{"line":39,"column":2},"end":{"line":42,"column":5}},"19":{"start":{"line":44,"column":0},"end":{"line":44,"column":32}},"20":{"start":{"line":45,"column":0},"end":{"line":45,"column":32}},"21":{"start":{"line":46,"column":0},"end":{"line":46,"column":31}},"22":{"start":{"line":47,"column":0},"end":{"line":47,"column":35}},"23":{"start":{"line":48,"column":0},"end":{"line":48,"column":39}},"24":{"start":{"line":49,"column":0},"end":{"line":49,"column":31}},"25":{"start":{"line":50,"column":0},"end":{"line":52,"column":3}},"26":{"start":{"line":51,"column":2},"end":{"line":51,"column":63}},"27":{"start":{"line":53,"column":0},"end":{"line":57,"column":3}},"28":{"start":{"line":54,"column":2},"end":{"line":56,"column":5}},"29":{"start":{"line":58,"column":0},"end":{"line":60,"column":3}},"30":{"start":{"line":59,"column":2},"end":{"line":59,"column":68}},"31":{"start":{"line":61,"column":15},"end":{"line":61,"column":18}},"32":{"start":{"line":62,"column":0},"end":{"line":62,"column":30}}},"fnMap":{"0":{"name":"(anonymous_0)","decl":{"start":{"line":38,"column":13},"end":{"line":38,"column":14}},"loc":{"start":{"line":38,"column":33},"end":{"line":43,"column":1}},"line":38},"1":{"name":"(anonymous_1)","decl":{"start":{"line":50,"column":8},"end":{"line":50,"column":9}},"loc":{"start":{"line":50,"column":34},"end":{"line":52,"column":1}},"line":50},"2":{"name":"(anonymous_2)","decl":{"start":{"line":53,"column":8},"end":{"line":53,"column":9}},"loc":{"start":{"line":53,"column":39},"end":{"line":57,"column":1}},"line":53},"3":{"name":"(anonymous_3)","decl":{"start":{"line":58,"column":17},"end":{"line":58,"column":18}},"loc":{"start":{"line":58,"column":29},"end":{"line":60,"column":1}},"line":58}},"branchMap":{"0":{"loc":{"start":{"line":31,"column":11},"end":{"line":31,"column":35}},"type":"binary-expr","locations":[{"start":{"line":31,"column":11},"end":{"line":31,"column":27}},{"start":{"line":31,"column":31},"end":{"line":31,"column":35}}],"line":31},"1":{"loc":{"start":{"line":54,"column":13},"end":{"line":54,"column":30}},"type":"binary-expr","locations":[{"start":{"line":54,"column":13},"end":{"line":54,"column":23}},{"start":{"line":54,"column":27},"end":{"line":54,"column":30}}],"line":54}},"s":{"0":1,"1":1,"2":1,"3":1,"4":1,"5":1,"6":1,"7":1,"8":1,"9":1,"10":1,"11":1,"12":1,"13":1,"14":1,"15":1,"16":1,"17":1,"18":1,"19":1,"20":1,"21":1,"22":1,"23":1,"24":1,"25":1,"26":1,"27":1,"28":1,"29":1,"30":1,"31":1,"32":1},"f":{"0":1,"1":1,"2":1,"3":1},"b":{"0":[1,1],"1":[1,0]},"inputSourceMap":{"version":3,"sources":["index.js"],"names":["app","port","process","env","PORT","use","bodyParser","json","urlencoded","extended","get","req","res","status","message","users","posts","blog","messages","postComments","auth","next","err","listen","console","log"],"mappings":";;;;;;;;;;;AAAA;;AACA;;AACA;;AACA;;AACA;;AACA;;AACA;;AACA;;AACA;;AAEA,IAAMA,GAAG,GAAG,0BAAZ;AACA,IAAMC,IAAI,GAAGC,OAAO,CAACC,GAAR,CAAYC,IAAZ,IAAoB,IAAjC,C,CAEA;;AACAJ,GAAG,CAACK,GAAJ,CAAQC,UAAU,CAACC,IAAX,EAAR,E,CAEA;;AACAP,GAAG,CAACK,GAAJ,CAAQC,UAAU,CAACE,UAAX,CAAsB;AAAEC,EAAAA,QAAQ,EAAE;AAAZ,CAAtB,CAAR;AAEAT,GAAG,CAACU,GAAJ,CAAQ,GAAR,EAAa,UAACC,GAAD,EAAMC,GAAN,EAAc;AACvBA,EAAAA,GAAG,CAACC,MAAJ,CAAW,GAAX,EAAgBN,IAAhB,CAAqB;AACpBM,IAAAA,MAAM,EAAE,SADY;AAEjBC,IAAAA,OAAO,EAAE;AAFQ,GAArB;AAIH,CALD;AAOAd,GAAG,CAACK,GAAJ,CAAQ,GAAR,EAAaU,iBAAb;AACAf,GAAG,CAACK,GAAJ,CAAQ,GAAR,EAAaW,iBAAb;AACAhB,GAAG,CAACK,GAAJ,CAAQ,GAAR,EAAaY,gBAAb;AACAjB,GAAG,CAACK,GAAJ,CAAQ,GAAR,EAAaa,oBAAb;AACAlB,GAAG,CAACK,GAAJ,CAAQ,GAAR,EAAac,wBAAb;AACAnB,GAAG,CAACK,GAAJ,CAAQ,GAAR,EAAae,gBAAb;AAEApB,GAAG,CAACK,GAAJ,CAAQ,UAACM,GAAD,EAAMC,GAAN,EAAWS,IAAX,EAAoB;AACxBA,EAAAA,IAAI,CAAC,4BAAY,GAAZ,EAAiB,oBAAjB,CAAD,CAAJ;AACH,CAFD;AAIArB,GAAG,CAACK,GAAJ,CAAQ,UAACiB,GAAD,EAAMX,GAAN,EAAWC,GAAX,EAAgBS,IAAhB,EAAyB;AAC7BT,EAAAA,GAAG,CAACC,MAAJ,CAAWS,GAAG,CAACT,MAAJ,IAAc,GAAzB,EAA8BN,IAA9B,CAAmC;AAC/BO,IAAAA,OAAO,EAAEQ,GAAG,CAACR;AADkB,GAAnC;AAGH,CAJD;AAMAd,GAAG,CAACuB,MAAJ,CAAWtB,IAAX,EAAiB,YAAM;AACnBuB,EAAAA,OAAO,CAACC,GAAR,gDAAoDxB,IAApD;AACH,CAFD;eAIeD,G","sourceRoot":"/home/ishmax/backend-blog-api/src/","sourcesContent":["import express from 'express';\nimport * as bodyParser from 'body-parser';\nimport createError from 'http-errors';\nimport users from './routes/users.route';\nimport posts from './routes/posts.route';\nimport messages from './routes/messages.route';\nimport postComments from './routes/post-comments.route';\nimport auth from './routes/auth.route';\nimport blog from './routes/blog.route';\n\nconst app = express();\nconst port = process.env.PORT || 3000;\n\n// support parsing of application/json type post data\napp.use(bodyParser.json());\n\n//support parsing of application/x-www-form-urlencoded post data\napp.use(bodyParser.urlencoded({ extended: true }));\n\napp.get('/', (req, res) => {\n    res.status(200).json({\n    \tstatus: 'success',\n        message: \"Welcome to my blog's backend API\"\n    });\n});\n\napp.use('/', users);\napp.use('/', posts);\napp.use('/', blog);\napp.use('/', messages);\napp.use('/', postComments);\napp.use('/', auth);\n\napp.use((req, res, next) => {\n    next(createError(404, \"Resource Not Found\"));\n});\n\napp.use((err, req, res, next) => {\n    res.status(err.status || 404).json({\n        message: err.message\n    });\n});\n\napp.listen(port, () => {\n    console.log(`Server listening on http://localhost:${port}`);\n});\n\nexport default app;"]},"_coverageSchema":"1a1c01bbd47fc00a2c39e90264f33305004495a9","hash":"963648a53b6b076e02134af6468e195a50b422d6","contentHash":"75ddcc8f0863ccc0cdc1e9fa10cffe5450db397d8717bf7bcac38436ba47a4bb"},"/home/ishmax/backend-blog-api/src/routes/users.route.js":{"path":"/home/ishmax/backend-blog-api/src/routes/users.route.js","statementMap":{"0":{"start":{"line":3,"column":29},"end":{"line":3,"column":84}},"1":{"start":{"line":5,"column":0},"end":{"line":7,"column":3}},"2":{"start":{"line":8,"column":0},"end":{"line":8,"column":28}},"3":{"start":{"line":10,"column":15},"end":{"line":10,"column":57}},"4":{"start":{"line":12,"column":13},"end":{"line":12,"column":55}},"5":{"start":{"line":14,"column":12},"end":{"line":14,"column":40}},"6":{"start":{"line":16,"column":0},"end":{"line":18,"column":3}},"7":{"start":{"line":17,"column":2},"end":{"line":17,"column":43}},"8":{"start":{"line":19,"column":0},"end":{"line":21,"column":3}},"9":{"start":{"line":20,"column":2},"end":{"line":20,"column":40}},"10":{"start":{"line":22,"column":0},"end":{"line":24,"column":3}},"11":{"start":{"line":23,"column":2},"end":{"line":23,"column":42}},"12":{"start":{"line":25,"column":0},"end":{"line":27,"column":3}},"13":{"start":{"line":26,"column":2},"end":{"line":26,"column":39}},"14":{"start":{"line":28,"column":0},"end":{"line":30,"column":3}},"15":{"start":{"line":29,"column":2},"end":{"line":29,"column":42}},"16":{"start":{"line":31,"column":15},"end":{"line":31,"column":20}},"17":{"start":{"line":32,"column":0},"end":{"line":32,"column":30}}},"fnMap":{"0":{"name":"(anonymous_0)","decl":{"start":{"line":16,"column":22},"end":{"line":16,"column":23}},"loc":{"start":{"line":16,"column":42},"end":{"line":18,"column":1}},"line":16},"1":{"name":"(anonymous_1)","decl":{"start":{"line":19,"column":23},"end":{"line":19,"column":24}},"loc":{"start":{"line":19,"column":43},"end":{"line":21,"column":1}},"line":19},"2":{"name":"(anonymous_2)","decl":{"start":{"line":22,"column":25},"end":{"line":22,"column":26}},"loc":{"start":{"line":22,"column":45},"end":{"line":24,"column":1}},"line":22},"3":{"name":"(anonymous_3)","decl":{"start":{"line":25,"column":23},"end":{"line":25,"column":24}},"loc":{"start":{"line":25,"column":43},"end":{"line":27,"column":1}},"line":25},"4":{"name":"(anonymous_4)","decl":{"start":{"line":28,"column":31},"end":{"line":28,"column":32}},"loc":{"start":{"line":28,"column":51},"end":{"line":30,"column":1}},"line":28}},"branchMap":{},"s":{"0":1,"1":1,"2":1,"3":1,"4":1,"5":1,"6":1,"7":0,"8":1,"9":4,"10":1,"11":0,"12":1,"13":0,"14":1,"15":0,"16":1,"17":1},"f":{"0":0,"1":4,"2":0,"3":0,"4":0},"b":{},"inputSourceMap":{"version":3,"sources":["users.route.js"],"names":["route","express","Router","get","req","res","put","post"],"mappings":";;;;;;;;;AAAA;;AACA;;AAGA,IAAMA,KAAK,GAAGC,oBAAQC,MAAR,EAAd;;AAGAF,KAAK,CAACG,GAAN,CAAU,UAAV,EAAsB,UAACC,GAAD,EAAMC,GAAN;AAAA,SAAc,wBAAYD,GAAZ,EAAiBC,GAAjB,CAAd;AAAA,CAAtB;AAEAL,KAAK,CAACG,GAAN,CAAU,WAAV,EAAuB,UAACC,GAAD,EAAMC,GAAN;AAAA,SAAc,qBAASD,GAAT,EAAcC,GAAd,CAAd;AAAA,CAAvB;AAEAL,KAAK,CAACM,GAAN,CAAU,aAAV,EAAyB,UAACF,GAAD,EAAMC,GAAN;AAAA,SAAc,uBAAWD,GAAX,EAAgBC,GAAhB,CAAd;AAAA,CAAzB;AAEAL,KAAK,CAACO,IAAN,CAAW,UAAX,EAAuB,UAACH,GAAD,EAAMC,GAAN;AAAA,SAAc,oBAAQD,GAAR,EAAaC,GAAb,CAAd;AAAA,CAAvB;AAEAL,KAAK,UAAL,CAAa,aAAb,EAA4B,UAACI,GAAD,EAAMC,GAAN;AAAA,SAAc,uBAAWD,GAAX,EAAgBC,GAAhB,CAAd;AAAA,CAA5B;eAGeL,K","sourceRoot":"/home/ishmax/backend-blog-api/src/routes/","sourcesContent":["import express from 'express';\nimport { getUsers, getUserById, addUser, deleteUser, updateUser } from '../controllers/users.controller';\n\n\nconst route = express.Router();\n\n\nroute.get('/getUser', (req, res) => getUserById(req, res));\n\nroute.get('/getUsers', (req, res) => getUsers(req, res));\n\nroute.put('/updateUser', (req, res) => updateUser(req, res));\n\nroute.post('/addUser', (req, res) => addUser(req, res));\n\nroute.delete('/deleteUser', (req, res) => deleteUser(req, res));\n\n\nexport default route;\n\n\n"]},"_coverageSchema":"1a1c01bbd47fc00a2c39e90264f33305004495a9","hash":"2477af8ed77a178d13ee9af3682b08af0e2ab095","contentHash":"e64b663000d08b432a849ca490f7ea36b576e9b290a1cbb7a682b7066c5f25e9"},"/home/ishmax/backend-blog-api/src/controllers/users.controller.js":{"path":"/home/ishmax/backend-blog-api/src/controllers/users.controller.js","statementMap":{"0":{"start":{"line":3,"column":29},"end":{"line":3,"column":84}},"1":{"start":{"line":5,"column":0},"end":{"line":7,"column":3}},"2":{"start":{"line":8,"column":0},"end":{"line":8,"column":90}},"3":{"start":{"line":10,"column":15},"end":{"line":10,"column":79}},"4":{"start":{"line":12,"column":22},"end":{"line":12,"column":93}},"5":{"start":{"line":14,"column":16},"end":{"line":14,"column":75}},"6":{"start":{"line":16,"column":20},"end":{"line":16,"column":67}},"7":{"start":{"line":18,"column":14},"end":{"line":18,"column":55}},"8":{"start":{"line":20,"column":65},"end":{"line":20,"column":623}},"9":{"start":{"line":20,"column":132},"end":{"line":20,"column":463}},"10":{"start":{"line":20,"column":252},"end":{"line":20,"column":267}},"11":{"start":{"line":20,"column":260},"end":{"line":20,"column":267}},"12":{"start":{"line":20,"column":276},"end":{"line":20,"column":277}},"13":{"start":{"line":20,"column":287},"end":{"line":20,"column":302}},"14":{"start":{"line":20,"column":304},"end":{"line":20,"column":461}},"15":{"start":{"line":20,"column":337},"end":{"line":20,"column":378}},"16":{"start":{"line":20,"column":356},"end":{"line":20,"column":378}},"17":{"start":{"line":20,"column":379},"end":{"line":20,"column":417}},"18":{"start":{"line":20,"column":441},"end":{"line":20,"column":450}},"19":{"start":{"line":20,"column":464},"end":{"line":20,"column":621}},"20":{"start":{"line":20,"column":647},"end":{"line":20,"column":651}},"21":{"start":{"line":20,"column":662},"end":{"line":20,"column":667}},"22":{"start":{"line":20,"column":674},"end":{"line":20,"column":995}},"23":{"start":{"line":20,"column":701},"end":{"line":20,"column":727}},"24":{"start":{"line":20,"column":760},"end":{"line":20,"column":769}},"25":{"start":{"line":20,"column":771},"end":{"line":20,"column":800}},"26":{"start":{"line":20,"column":801},"end":{"line":20,"column":813}},"27":{"start":{"line":20,"column":838},"end":{"line":20,"column":852}},"28":{"start":{"line":20,"column":853},"end":{"line":20,"column":863}},"29":{"start":{"line":20,"column":885},"end":{"line":20,"column":990}},"30":{"start":{"line":20,"column":891},"end":{"line":20,"column":953}},"31":{"start":{"line":20,"column":938},"end":{"line":20,"column":953}},"32":{"start":{"line":20,"column":966},"end":{"line":20,"column":988}},"33":{"start":{"line":20,"column":978},"end":{"line":20,"column":988}},"34":{"start":{"line":22,"column":50},"end":{"line":22,"column":65}},"35":{"start":{"line":22,"column":58},"end":{"line":22,"column":65}},"36":{"start":{"line":22,"column":66},"end":{"line":22,"column":129}},"37":{"start":{"line":22,"column":93},"end":{"line":22,"column":129}},"38":{"start":{"line":22,"column":138},"end":{"line":22,"column":184}},"39":{"start":{"line":22,"column":186},"end":{"line":22,"column":246}},"40":{"start":{"line":22,"column":223},"end":{"line":22,"column":246}},"41":{"start":{"line":22,"column":247},"end":{"line":22,"column":300}},"42":{"start":{"line":22,"column":279},"end":{"line":22,"column":300}},"43":{"start":{"line":22,"column":301},"end":{"line":22,"column":414}},"44":{"start":{"line":22,"column":378},"end":{"line":22,"column":414}},"45":{"start":{"line":24,"column":39},"end":{"line":24,"column":93}},"46":{"start":{"line":24,"column":76},"end":{"line":24,"column":93}},"47":{"start":{"line":24,"column":94},"end":{"line":24,"column":168}},"48":{"start":{"line":24,"column":107},"end":{"line":24,"column":108}},"49":{"start":{"line":24,"column":117},"end":{"line":24,"column":131}},"50":{"start":{"line":24,"column":149},"end":{"line":24,"column":166}},"51":{"start":{"line":24,"column":169},"end":{"line":24,"column":181}},"52":{"start":{"line":26,"column":0},"end":{"line":26,"column":28}},"53":{"start":{"line":29,"column":12},"end":{"line":29,"column":14}},"54":{"start":{"line":31,"column":16},"end":{"line":31,"column":64}},"55":{"start":{"line":34,"column":0},"end":{"line":43,"column":1}},"56":{"start":{"line":35,"column":2},"end":{"line":38,"column":3}},"57":{"start":{"line":36,"column":15},"end":{"line":36,"column":26}},"58":{"start":{"line":37,"column":4},"end":{"line":37,"column":21}},"59":{"start":{"line":40,"column":2},"end":{"line":40,"column":19}},"60":{"start":{"line":42,"column":2},"end":{"line":42,"column":16}},"61":{"start":{"line":45,"column":15},"end":{"line":90,"column":1}},"62":{"start":{"line":46,"column":18},"end":{"line":46,"column":39}},"63":{"start":{"line":48,"column":2},"end":{"line":87,"column":3}},"64":{"start":{"line":49,"column":4},"end":{"line":81,"column":7}},"65":{"start":{"line":50,"column":6},"end":{"line":55,"column":7}},"66":{"start":{"line":51,"column":8},"end":{"line":54,"column":11}},"67":{"start":{"line":59,"column":6},"end":{"line":78,"column":7}},"68":{"start":{"line":60,"column":8},"end":{"line":65,"column":9}},"69":{"start":{"line":61,"column":10},"end":{"line":64,"column":13}},"70":{"start":{"line":69,"column":8},"end":{"line":75,"column":9}},"71":{"start":{"line":70,"column":10},"end":{"line":74,"column":13}},"72":{"start":{"line":83,"column":4},"end":{"line":86,"column":7}},"73":{"start":{"line":92,"column":0},"end":{"line":92,"column":28}},"74":{"start":{"line":94,"column":18},"end":{"line":188,"column":1}},"75":{"start":{"line":95,"column":16},"end":{"line":95,"column":21}},"76":{"start":{"line":96,"column":21},"end":{"line":96,"column":32}},"77":{"start":{"line":97,"column":18},"end":{"line":97,"column":40}},"78":{"start":{"line":98,"column":19},"end":{"line":98,"column":42}},"79":{"start":{"line":100,"column":2},"end":{"line":185,"column":3}},"80":{"start":{"line":101,"column":4},"end":{"line":179,"column":7}},"81":{"start":{"line":102,"column":6},"end":{"line":107,"column":7}},"82":{"start":{"line":103,"column":8},"end":{"line":106,"column":11}},"83":{"start":{"line":109,"column":6},"end":{"line":176,"column":7}},"84":{"start":{"line":110,"column":8},"end":{"line":115,"column":9}},"85":{"start":{"line":111,"column":10},"end":{"line":114,"column":13}},"86":{"start":{"line":117,"column":8},"end":{"line":173,"column":9}},"87":{"start":{"line":118,"column":10},"end":{"line":118,"column":53}},"88":{"start":{"line":120,"column":10},"end":{"line":170,"column":11}},"89":{"start":{"line":121,"column":12},"end":{"line":159,"column":15}},"90":{"start":{"line":122,"column":14},"end":{"line":127,"column":15}},"91":{"start":{"line":123,"column":16},"end":{"line":126,"column":19}},"92":{"start":{"line":129,"column":14},"end":{"line":156,"column":15}},"93":{"start":{"line":130,"column":16},"end":{"line":130,"column":58}},"94":{"start":{"line":132,"column":33},"end":{"line":132,"column":66}},"95":{"start":{"line":135,"column":16},"end":{"line":155,"column":17}},"96":{"start":{"line":136,"column":18},"end":{"line":150,"column":19}},"97":{"start":{"line":137,"column":31},"end":{"line":137,"column":43}},"98":{"start":{"line":139,"column":20},"end":{"line":147,"column":21}},"99":{"start":{"line":140,"column":22},"end":{"line":140,"column":49}},"100":{"start":{"line":141,"column":22},"end":{"line":144,"column":25}},"101":{"start":{"line":145,"column":22},"end":{"line":145,"column":37}},"102":{"start":{"line":146,"column":22},"end":{"line":146,"column":28}},"103":{"start":{"line":152,"column":18},"end":{"line":152,"column":36}},"104":{"start":{"line":154,"column":18},"end":{"line":154,"column":33}},"105":{"start":{"line":161,"column":12},"end":{"line":164,"column":15}},"106":{"start":{"line":161,"column":26},"end":{"line":164,"column":15}},"107":{"start":{"line":166,"column":12},"end":{"line":169,"column":15}},"108":{"start":{"line":181,"column":4},"end":{"line":184,"column":7}},"109":{"start":{"line":190,"column":0},"end":{"line":190,"column":34}},"110":{"start":{"line":192,"column":17},"end":{"line":284,"column":1}},"111":{"start":{"line":193,"column":16},"end":{"line":193,"column":21}},"112":{"start":{"line":194,"column":22},"end":{"line":194,"column":33}},"113":{"start":{"line":195,"column":18},"end":{"line":195,"column":41}},"114":{"start":{"line":196,"column":19},"end":{"line":196,"column":43}},"115":{"start":{"line":198,"column":2},"end":{"line":281,"column":3}},"116":{"start":{"line":199,"column":4},"end":{"line":275,"column":7}},"117":{"start":{"line":200,"column":6},"end":{"line":205,"column":7}},"118":{"start":{"line":201,"column":8},"end":{"line":204,"column":11}},"119":{"start":{"line":207,"column":6},"end":{"line":272,"column":7}},"120":{"start":{"line":208,"column":8},"end":{"line":213,"column":9}},"121":{"start":{"line":209,"column":10},"end":{"line":212,"column":13}},"122":{"start":{"line":215,"column":8},"end":{"line":269,"column":9}},"123":{"start":{"line":216,"column":10},"end":{"line":266,"column":11}},"124":{"start":{"line":217,"column":12},"end":{"line":260,"column":15}},"125":{"start":{"line":218,"column":14},"end":{"line":223,"column":15}},"126":{"start":{"line":219,"column":16},"end":{"line":222,"column":19}},"127":{"start":{"line":225,"column":14},"end":{"line":257,"column":15}},"128":{"start":{"line":226,"column":33},"end":{"line":226,"column":66}},"129":{"start":{"line":229,"column":16},"end":{"line":251,"column":17}},"130":{"start":{"line":230,"column":18},"end":{"line":246,"column":19}},"131":{"start":{"line":231,"column":39},"end":{"line":231,"column":87}},"132":{"start":{"line":232,"column":32},"end":{"line":232,"column":47}},"133":{"start":{"line":233,"column":31},"end":{"line":233,"column":46}},"134":{"start":{"line":235,"column":20},"end":{"line":245,"column":21}},"135":{"start":{"line":236,"column":22},"end":{"line":236,"column":45}},"136":{"start":{"line":237,"column":22},"end":{"line":237,"column":37}},"137":{"start":{"line":238,"column":22},"end":{"line":243,"column":25}},"138":{"start":{"line":244,"column":22},"end":{"line":244,"column":28}},"139":{"start":{"line":248,"column":18},"end":{"line":248,"column":36}},"140":{"start":{"line":250,"column":18},"end":{"line":250,"column":33}},"141":{"start":{"line":253,"column":16},"end":{"line":256,"column":19}},"142":{"start":{"line":253,"column":30},"end":{"line":256,"column":19}},"143":{"start":{"line":262,"column":12},"end":{"line":265,"column":15}},"144":{"start":{"line":277,"column":4},"end":{"line":280,"column":7}},"145":{"start":{"line":286,"column":0},"end":{"line":286,"column":32}},"146":{"start":{"line":288,"column":17},"end":{"line":404,"column":1}},"147":{"start":{"line":289,"column":16},"end":{"line":289,"column":21}},"148":{"start":{"line":290,"column":22},"end":{"line":290,"column":33}},"149":{"start":{"line":291,"column":18},"end":{"line":291,"column":41}},"150":{"start":{"line":292,"column":19},"end":{"line":292,"column":43}},"151":{"start":{"line":293,"column":17},"end":{"line":293,"column":39}},"152":{"start":{"line":294,"column":14},"end":{"line":294,"column":33}},"153":{"start":{"line":295,"column":17},"end":{"line":295,"column":39}},"154":{"start":{"line":297,"column":2},"end":{"line":403,"column":3}},"155":{"start":{"line":298,"column":4},"end":{"line":402,"column":7}},"156":{"start":{"line":299,"column":6},"end":{"line":304,"column":7}},"157":{"start":{"line":300,"column":8},"end":{"line":303,"column":11}},"158":{"start":{"line":306,"column":6},"end":{"line":401,"column":7}},"159":{"start":{"line":307,"column":8},"end":{"line":312,"column":9}},"160":{"start":{"line":308,"column":10},"end":{"line":311,"column":13}},"161":{"start":{"line":314,"column":8},"end":{"line":400,"column":9}},"162":{"start":{"line":315,"column":10},"end":{"line":399,"column":11}},"163":{"start":{"line":316,"column":12},"end":{"line":393,"column":13}},"164":{"start":{"line":317,"column":14},"end":{"line":387,"column":17}},"165":{"start":{"line":318,"column":16},"end":{"line":323,"column":17}},"166":{"start":{"line":319,"column":18},"end":{"line":322,"column":21}},"167":{"start":{"line":325,"column":16},"end":{"line":386,"column":17}},"168":{"start":{"line":326,"column":35},"end":{"line":326,"column":68}},"169":{"start":{"line":329,"column":18},"end":{"line":378,"column":19}},"170":{"start":{"line":330,"column":32},"end":{"line":366,"column":21}},"171":{"start":{"line":331,"column":41},"end":{"line":331,"column":89}},"172":{"start":{"line":332,"column":34},"end":{"line":332,"column":49}},"173":{"start":{"line":333,"column":33},"end":{"line":333,"column":48}},"174":{"start":{"line":335,"column":22},"end":{"line":365,"column":23}},"175":{"start":{"line":336,"column":24},"end":{"line":336,"column":74}},"176":{"start":{"line":337,"column":24},"end":{"line":337,"column":65}},"177":{"start":{"line":339,"column":24},"end":{"line":352,"column":25}},"178":{"start":{"line":340,"column":26},"end":{"line":351,"column":29}},"179":{"start":{"line":341,"column":28},"end":{"line":346,"column":29}},"180":{"start":{"line":342,"column":30},"end":{"line":345,"column":33}},"181":{"start":{"line":348,"column":28},"end":{"line":350,"column":29}},"182":{"start":{"line":349,"column":30},"end":{"line":349,"column":77}},"183":{"start":{"line":355,"column":24},"end":{"line":355,"column":39}},"184":{"start":{"line":356,"column":24},"end":{"line":363,"column":26}},"185":{"start":{"line":364,"column":24},"end":{"line":364,"column":39}},"186":{"start":{"line":368,"column":20},"end":{"line":373,"column":21}},"187":{"start":{"line":369,"column":33},"end":{"line":369,"column":40}},"188":{"start":{"line":371,"column":22},"end":{"line":371,"column":50}},"189":{"start":{"line":371,"column":44},"end":{"line":371,"column":50}},"190":{"start":{"line":372,"column":22},"end":{"line":372,"column":85}},"191":{"start":{"line":372,"column":71},"end":{"line":372,"column":85}},"192":{"start":{"line":375,"column":20},"end":{"line":375,"column":38}},"193":{"start":{"line":377,"column":20},"end":{"line":377,"column":35}},"194":{"start":{"line":380,"column":18},"end":{"line":385,"column":19}},"195":{"start":{"line":381,"column":20},"end":{"line":384,"column":23}},"196":{"start":{"line":389,"column":14},"end":{"line":392,"column":17}},"197":{"start":{"line":395,"column":12},"end":{"line":398,"column":15}},"198":{"start":{"line":406,"column":0},"end":{"line":406,"column":32}}},"fnMap":{"0":{"name":"_createForOfIteratorHelper","decl":{"start":{"line":20,"column":9},"end":{"line":20,"column":35}},"loc":{"start":{"line":20,"column":55},"end":{"line":20,"column":997}},"line":20},"1":{"name":"F","decl":{"start":{"line":20,"column":296},"end":{"line":20,"column":297}},"loc":{"start":{"line":20,"column":300},"end":{"line":20,"column":302}},"line":20},"2":{"name":"n","decl":{"start":{"line":20,"column":331},"end":{"line":20,"column":332}},"loc":{"start":{"line":20,"column":335},"end":{"line":20,"column":419}},"line":20},"3":{"name":"e","decl":{"start":{"line":20,"column":433},"end":{"line":20,"column":434}},"loc":{"start":{"line":20,"column":439},"end":{"line":20,"column":452}},"line":20},"4":{"name":"s","decl":{"start":{"line":20,"column":695},"end":{"line":20,"column":696}},"loc":{"start":{"line":20,"column":699},"end":{"line":20,"column":729}},"line":20},"5":{"name":"n","decl":{"start":{"line":20,"column":743},"end":{"line":20,"column":744}},"loc":{"start":{"line":20,"column":747},"end":{"line":20,"column":815}},"line":20},"6":{"name":"e","decl":{"start":{"line":20,"column":829},"end":{"line":20,"column":830}},"loc":{"start":{"line":20,"column":836},"end":{"line":20,"column":865}},"line":20},"7":{"name":"f","decl":{"start":{"line":20,"column":879},"end":{"line":20,"column":880}},"loc":{"start":{"line":20,"column":883},"end":{"line":20,"column":992}},"line":20},"8":{"name":"_unsupportedIterableToArray","decl":{"start":{"line":22,"column":9},"end":{"line":22,"column":36}},"loc":{"start":{"line":22,"column":48},"end":{"line":22,"column":416}},"line":22},"9":{"name":"_arrayLikeToArray","decl":{"start":{"line":24,"column":9},"end":{"line":24,"column":26}},"loc":{"start":{"line":24,"column":37},"end":{"line":24,"column":183}},"line":24},"10":{"name":"getUsers","decl":{"start":{"line":45,"column":24},"end":{"line":45,"column":32}},"loc":{"start":{"line":45,"column":43},"end":{"line":90,"column":1}},"line":45},"11":{"name":"(anonymous_11)","decl":{"start":{"line":49,"column":71},"end":{"line":49,"column":72}},"loc":{"start":{"line":49,"column":96},"end":{"line":81,"column":5}},"line":49},"12":{"name":"getUserById","decl":{"start":{"line":94,"column":27},"end":{"line":94,"column":38}},"loc":{"start":{"line":94,"column":49},"end":{"line":188,"column":1}},"line":94},"13":{"name":"(anonymous_13)","decl":{"start":{"line":101,"column":72},"end":{"line":101,"column":73}},"loc":{"start":{"line":101,"column":97},"end":{"line":179,"column":5}},"line":101},"14":{"name":"(anonymous_14)","decl":{"start":{"line":121,"column":79},"end":{"line":121,"column":80}},"loc":{"start":{"line":121,"column":104},"end":{"line":159,"column":13}},"line":121},"15":{"name":"deleteUser","decl":{"start":{"line":192,"column":26},"end":{"line":192,"column":36}},"loc":{"start":{"line":192,"column":47},"end":{"line":284,"column":1}},"line":192},"16":{"name":"(anonymous_16)","decl":{"start":{"line":199,"column":72},"end":{"line":199,"column":73}},"loc":{"start":{"line":199,"column":97},"end":{"line":275,"column":5}},"line":199},"17":{"name":"(anonymous_17)","decl":{"start":{"line":217,"column":79},"end":{"line":217,"column":80}},"loc":{"start":{"line":217,"column":104},"end":{"line":260,"column":13}},"line":217},"18":{"name":"updateUser","decl":{"start":{"line":288,"column":26},"end":{"line":288,"column":36}},"loc":{"start":{"line":288,"column":47},"end":{"line":404,"column":1}},"line":288},"19":{"name":"(anonymous_19)","decl":{"start":{"line":298,"column":72},"end":{"line":298,"column":73}},"loc":{"start":{"line":298,"column":97},"end":{"line":402,"column":5}},"line":298},"20":{"name":"(anonymous_20)","decl":{"start":{"line":317,"column":81},"end":{"line":317,"column":82}},"loc":{"start":{"line":317,"column":106},"end":{"line":387,"column":15}},"line":317},"21":{"name":"_loop","decl":{"start":{"line":330,"column":41},"end":{"line":330,"column":46}},"loc":{"start":{"line":330,"column":49},"end":{"line":366,"column":21}},"line":330},"22":{"name":"(anonymous_22)","decl":{"start":{"line":340,"column":90},"end":{"line":340,"column":91}},"loc":{"start":{"line":340,"column":112},"end":{"line":351,"column":27}},"line":340}},"branchMap":{"0":{"loc":{"start":{"line":20,"column":65},"end":{"line":20,"column":623}},"type":"if","locations":[{"start":{"line":20,"column":65},"end":{"line":20,"column":623}},{"start":{"line":20,"column":65},"end":{"line":20,"column":623}}],"line":20},"1":{"loc":{"start":{"line":20,"column":69},"end":{"line":20,"column":128}},"type":"binary-expr","locations":[{"start":{"line":20,"column":69},"end":{"line":20,"column":98}},{"start":{"line":20,"column":102},"end":{"line":20,"column":128}}],"line":20},"2":{"loc":{"start":{"line":20,"column":132},"end":{"line":20,"column":463}},"type":"if","locations":[{"start":{"line":20,"column":132},"end":{"line":20,"column":463}},{"start":{"line":20,"column":132},"end":{"line":20,"column":463}}],"line":20},"3":{"loc":{"start":{"line":20,"column":136},"end":{"line":20,"column":248}},"type":"binary-expr","locations":[{"start":{"line":20,"column":136},"end":{"line":20,"column":152}},{"start":{"line":20,"column":157},"end":{"line":20,"column":192}},{"start":{"line":20,"column":197},"end":{"line":20,"column":211}},{"start":{"line":20,"column":215},"end":{"line":20,"column":216}},{"start":{"line":20,"column":220},"end":{"line":20,"column":248}}],"line":20},"4":{"loc":{"start":{"line":20,"column":252},"end":{"line":20,"column":267}},"type":"if","locations":[{"start":{"line":20,"column":252},"end":{"line":20,"column":267}},{"start":{"line":20,"column":252},"end":{"line":20,"column":267}}],"line":20},"5":{"loc":{"start":{"line":20,"column":337},"end":{"line":20,"column":378}},"type":"if","locations":[{"start":{"line":20,"column":337},"end":{"line":20,"column":378}},{"start":{"line":20,"column":337},"end":{"line":20,"column":378}}],"line":20},"6":{"loc":{"start":{"line":20,"column":891},"end":{"line":20,"column":953}},"type":"if","locations":[{"start":{"line":20,"column":891},"end":{"line":20,"column":953}},{"start":{"line":20,"column":891},"end":{"line":20,"column":953}}],"line":20},"7":{"loc":{"start":{"line":20,"column":895},"end":{"line":20,"column":936}},"type":"binary-expr","locations":[{"start":{"line":20,"column":895},"end":{"line":20,"column":912}},{"start":{"line":20,"column":916},"end":{"line":20,"column":936}}],"line":20},"8":{"loc":{"start":{"line":20,"column":966},"end":{"line":20,"column":988}},"type":"if","locations":[{"start":{"line":20,"column":966},"end":{"line":20,"column":988}},{"start":{"line":20,"column":966},"end":{"line":20,"column":988}}],"line":20},"9":{"loc":{"start":{"line":22,"column":50},"end":{"line":22,"column":65}},"type":"if","locations":[{"start":{"line":22,"column":50},"end":{"line":22,"column":65}},{"start":{"line":22,"column":50},"end":{"line":22,"column":65}}],"line":22},"10":{"loc":{"start":{"line":22,"column":66},"end":{"line":22,"column":129}},"type":"if","locations":[{"start":{"line":22,"column":66},"end":{"line":22,"column":129}},{"start":{"line":22,"column":66},"end":{"line":22,"column":129}}],"line":22},"11":{"loc":{"start":{"line":22,"column":186},"end":{"line":22,"column":246}},"type":"if","locations":[{"start":{"line":22,"column":186},"end":{"line":22,"column":246}},{"start":{"line":22,"column":186},"end":{"line":22,"column":246}}],"line":22},"12":{"loc":{"start":{"line":22,"column":190},"end":{"line":22,"column":221}},"type":"binary-expr","locations":[{"start":{"line":22,"column":190},"end":{"line":22,"column":204}},{"start":{"line":22,"column":208},"end":{"line":22,"column":221}}],"line":22},"13":{"loc":{"start":{"line":22,"column":247},"end":{"line":22,"column":300}},"type":"if","locations":[{"start":{"line":22,"column":247},"end":{"line":22,"column":300}},{"start":{"line":22,"column":247},"end":{"line":22,"column":300}}],"line":22},"14":{"loc":{"start":{"line":22,"column":251},"end":{"line":22,"column":277}},"type":"binary-expr","locations":[{"start":{"line":22,"column":251},"end":{"line":22,"column":262}},{"start":{"line":22,"column":266},"end":{"line":22,"column":277}}],"line":22},"15":{"loc":{"start":{"line":22,"column":301},"end":{"line":22,"column":414}},"type":"if","locations":[{"start":{"line":22,"column":301},"end":{"line":22,"column":414}},{"start":{"line":22,"column":301},"end":{"line":22,"column":414}}],"line":22},"16":{"loc":{"start":{"line":22,"column":305},"end":{"line":22,"column":376}},"type":"binary-expr","locations":[{"start":{"line":22,"column":305},"end":{"line":22,"column":322}},{"start":{"line":22,"column":326},"end":{"line":22,"column":376}}],"line":22},"17":{"loc":{"start":{"line":24,"column":39},"end":{"line":24,"column":93}},"type":"if","locations":[{"start":{"line":24,"column":39},"end":{"line":24,"column":93}},{"start":{"line":24,"column":39},"end":{"line":24,"column":93}}],"line":24},"18":{"loc":{"start":{"line":24,"column":43},"end":{"line":24,"column":74}},"type":"binary-expr","locations":[{"start":{"line":24,"column":43},"end":{"line":24,"column":54}},{"start":{"line":24,"column":58},"end":{"line":24,"column":74}}],"line":24},"19":{"loc":{"start":{"line":48,"column":2},"end":{"line":87,"column":3}},"type":"if","locations":[{"start":{"line":48,"column":2},"end":{"line":87,"column":3}},{"start":{"line":48,"column":2},"end":{"line":87,"column":3}}],"line":48},"20":{"loc":{"start":{"line":50,"column":6},"end":{"line":55,"column":7}},"type":"if","locations":[{"start":{"line":50,"column":6},"end":{"line":55,"column":7}},{"start":{"line":50,"column":6},"end":{"line":55,"column":7}}],"line":50},"21":{"loc":{"start":{"line":59,"column":6},"end":{"line":78,"column":7}},"type":"if","locations":[{"start":{"line":59,"column":6},"end":{"line":78,"column":7}},{"start":{"line":59,"column":6},"end":{"line":78,"column":7}}],"line":59},"22":{"loc":{"start":{"line":60,"column":8},"end":{"line":65,"column":9}},"type":"if","locations":[{"start":{"line":60,"column":8},"end":{"line":65,"column":9}},{"start":{"line":60,"column":8},"end":{"line":65,"column":9}}],"line":60},"23":{"loc":{"start":{"line":69,"column":8},"end":{"line":75,"column":9}},"type":"if","locations":[{"start":{"line":69,"column":8},"end":{"line":75,"column":9}},{"start":{"line":69,"column":8},"end":{"line":75,"column":9}}],"line":69},"24":{"loc":{"start":{"line":100,"column":2},"end":{"line":185,"column":3}},"type":"if","locations":[{"start":{"line":100,"column":2},"end":{"line":185,"column":3}},{"start":{"line":100,"column":2},"end":{"line":185,"column":3}}],"line":100},"25":{"loc":{"start":{"line":102,"column":6},"end":{"line":107,"column":7}},"type":"if","locations":[{"start":{"line":102,"column":6},"end":{"line":107,"column":7}},{"start":{"line":102,"column":6},"end":{"line":107,"column":7}}],"line":102},"26":{"loc":{"start":{"line":109,"column":6},"end":{"line":176,"column":7}},"type":"if","locations":[{"start":{"line":109,"column":6},"end":{"line":176,"column":7}},{"start":{"line":109,"column":6},"end":{"line":176,"column":7}}],"line":109},"27":{"loc":{"start":{"line":110,"column":8},"end":{"line":115,"column":9}},"type":"if","locations":[{"start":{"line":110,"column":8},"end":{"line":115,"column":9}},{"start":{"line":110,"column":8},"end":{"line":115,"column":9}}],"line":110},"28":{"loc":{"start":{"line":117,"column":8},"end":{"line":173,"column":9}},"type":"if","locations":[{"start":{"line":117,"column":8},"end":{"line":173,"column":9}},{"start":{"line":117,"column":8},"end":{"line":173,"column":9}}],"line":117},"29":{"loc":{"start":{"line":120,"column":10},"end":{"line":170,"column":11}},"type":"if","locations":[{"start":{"line":120,"column":10},"end":{"line":170,"column":11}},{"start":{"line":120,"column":10},"end":{"line":170,"column":11}}],"line":120},"30":{"loc":{"start":{"line":122,"column":14},"end":{"line":127,"column":15}},"type":"if","locations":[{"start":{"line":122,"column":14},"end":{"line":127,"column":15}},{"start":{"line":122,"column":14},"end":{"line":127,"column":15}}],"line":122},"31":{"loc":{"start":{"line":129,"column":14},"end":{"line":156,"column":15}},"type":"if","locations":[{"start":{"line":129,"column":14},"end":{"line":156,"column":15}},{"start":{"line":129,"column":14},"end":{"line":156,"column":15}}],"line":129},"32":{"loc":{"start":{"line":139,"column":20},"end":{"line":147,"column":21}},"type":"if","locations":[{"start":{"line":139,"column":20},"end":{"line":147,"column":21}},{"start":{"line":139,"column":20},"end":{"line":147,"column":21}}],"line":139},"33":{"loc":{"start":{"line":161,"column":12},"end":{"line":164,"column":15}},"type":"if","locations":[{"start":{"line":161,"column":12},"end":{"line":164,"column":15}},{"start":{"line":161,"column":12},"end":{"line":164,"column":15}}],"line":161},"34":{"loc":{"start":{"line":198,"column":2},"end":{"line":281,"column":3}},"type":"if","locations":[{"start":{"line":198,"column":2},"end":{"line":281,"column":3}},{"start":{"line":198,"column":2},"end":{"line":281,"column":3}}],"line":198},"35":{"loc":{"start":{"line":200,"column":6},"end":{"line":205,"column":7}},"type":"if","locations":[{"start":{"line":200,"column":6},"end":{"line":205,"column":7}},{"start":{"line":200,"column":6},"end":{"line":205,"column":7}}],"line":200},"36":{"loc":{"start":{"line":207,"column":6},"end":{"line":272,"column":7}},"type":"if","locations":[{"start":{"line":207,"column":6},"end":{"line":272,"column":7}},{"start":{"line":207,"column":6},"end":{"line":272,"column":7}}],"line":207},"37":{"loc":{"start":{"line":208,"column":8},"end":{"line":213,"column":9}},"type":"if","locations":[{"start":{"line":208,"column":8},"end":{"line":213,"column":9}},{"start":{"line":208,"column":8},"end":{"line":213,"column":9}}],"line":208},"38":{"loc":{"start":{"line":215,"column":8},"end":{"line":269,"column":9}},"type":"if","locations":[{"start":{"line":215,"column":8},"end":{"line":269,"column":9}},{"start":{"line":215,"column":8},"end":{"line":269,"column":9}}],"line":215},"39":{"loc":{"start":{"line":216,"column":10},"end":{"line":266,"column":11}},"type":"if","locations":[{"start":{"line":216,"column":10},"end":{"line":266,"column":11}},{"start":{"line":216,"column":10},"end":{"line":266,"column":11}}],"line":216},"40":{"loc":{"start":{"line":218,"column":14},"end":{"line":223,"column":15}},"type":"if","locations":[{"start":{"line":218,"column":14},"end":{"line":223,"column":15}},{"start":{"line":218,"column":14},"end":{"line":223,"column":15}}],"line":218},"41":{"loc":{"start":{"line":225,"column":14},"end":{"line":257,"column":15}},"type":"if","locations":[{"start":{"line":225,"column":14},"end":{"line":257,"column":15}},{"start":{"line":225,"column":14},"end":{"line":257,"column":15}}],"line":225},"42":{"loc":{"start":{"line":235,"column":20},"end":{"line":245,"column":21}},"type":"if","locations":[{"start":{"line":235,"column":20},"end":{"line":245,"column":21}},{"start":{"line":235,"column":20},"end":{"line":245,"column":21}}],"line":235},"43":{"loc":{"start":{"line":253,"column":16},"end":{"line":256,"column":19}},"type":"if","locations":[{"start":{"line":253,"column":16},"end":{"line":256,"column":19}},{"start":{"line":253,"column":16},"end":{"line":256,"column":19}}],"line":253},"44":{"loc":{"start":{"line":297,"column":2},"end":{"line":403,"column":3}},"type":"if","locations":[{"start":{"line":297,"column":2},"end":{"line":403,"column":3}},{"start":{"line":297,"column":2},"end":{"line":403,"column":3}}],"line":297},"45":{"loc":{"start":{"line":299,"column":6},"end":{"line":304,"column":7}},"type":"if","locations":[{"start":{"line":299,"column":6},"end":{"line":304,"column":7}},{"start":{"line":299,"column":6},"end":{"line":304,"column":7}}],"line":299},"46":{"loc":{"start":{"line":306,"column":6},"end":{"line":401,"column":7}},"type":"if","locations":[{"start":{"line":306,"column":6},"end":{"line":401,"column":7}},{"start":{"line":306,"column":6},"end":{"line":401,"column":7}}],"line":306},"47":{"loc":{"start":{"line":307,"column":8},"end":{"line":312,"column":9}},"type":"if","locations":[{"start":{"line":307,"column":8},"end":{"line":312,"column":9}},{"start":{"line":307,"column":8},"end":{"line":312,"column":9}}],"line":307},"48":{"loc":{"start":{"line":314,"column":8},"end":{"line":400,"column":9}},"type":"if","locations":[{"start":{"line":314,"column":8},"end":{"line":400,"column":9}},{"start":{"line":314,"column":8},"end":{"line":400,"column":9}}],"line":314},"49":{"loc":{"start":{"line":315,"column":10},"end":{"line":399,"column":11}},"type":"if","locations":[{"start":{"line":315,"column":10},"end":{"line":399,"column":11}},{"start":{"line":315,"column":10},"end":{"line":399,"column":11}}],"line":315},"50":{"loc":{"start":{"line":316,"column":12},"end":{"line":393,"column":13}},"type":"if","locations":[{"start":{"line":316,"column":12},"end":{"line":393,"column":13}},{"start":{"line":316,"column":12},"end":{"line":393,"column":13}}],"line":316},"51":{"loc":{"start":{"line":316,"column":16},"end":{"line":316,"column":45}},"type":"binary-expr","locations":[{"start":{"line":316,"column":16},"end":{"line":316,"column":24}},{"start":{"line":316,"column":28},"end":{"line":316,"column":33}},{"start":{"line":316,"column":37},"end":{"line":316,"column":45}}],"line":316},"52":{"loc":{"start":{"line":318,"column":16},"end":{"line":323,"column":17}},"type":"if","locations":[{"start":{"line":318,"column":16},"end":{"line":323,"column":17}},{"start":{"line":318,"column":16},"end":{"line":323,"column":17}}],"line":318},"53":{"loc":{"start":{"line":325,"column":16},"end":{"line":386,"column":17}},"type":"if","locations":[{"start":{"line":325,"column":16},"end":{"line":386,"column":17}},{"start":{"line":325,"column":16},"end":{"line":386,"column":17}}],"line":325},"54":{"loc":{"start":{"line":335,"column":22},"end":{"line":365,"column":23}},"type":"if","locations":[{"start":{"line":335,"column":22},"end":{"line":365,"column":23}},{"start":{"line":335,"column":22},"end":{"line":365,"column":23}}],"line":335},"55":{"loc":{"start":{"line":336,"column":48},"end":{"line":336,"column":73}},"type":"binary-expr","locations":[{"start":{"line":336,"column":48},"end":{"line":336,"column":56}},{"start":{"line":336,"column":60},"end":{"line":336,"column":73}}],"line":336},"56":{"loc":{"start":{"line":337,"column":45},"end":{"line":337,"column":64}},"type":"binary-expr","locations":[{"start":{"line":337,"column":45},"end":{"line":337,"column":50}},{"start":{"line":337,"column":54},"end":{"line":337,"column":64}}],"line":337},"57":{"loc":{"start":{"line":339,"column":24},"end":{"line":352,"column":25}},"type":"if","locations":[{"start":{"line":339,"column":24},"end":{"line":352,"column":25}},{"start":{"line":339,"column":24},"end":{"line":352,"column":25}}],"line":339},"58":{"loc":{"start":{"line":341,"column":28},"end":{"line":346,"column":29}},"type":"if","locations":[{"start":{"line":341,"column":28},"end":{"line":346,"column":29}},{"start":{"line":341,"column":28},"end":{"line":346,"column":29}}],"line":341},"59":{"loc":{"start":{"line":348,"column":28},"end":{"line":350,"column":29}},"type":"if","locations":[{"start":{"line":348,"column":28},"end":{"line":350,"column":29}},{"start":{"line":348,"column":28},"end":{"line":350,"column":29}}],"line":348},"60":{"loc":{"start":{"line":349,"column":54},"end":{"line":349,"column":76}},"type":"binary-expr","locations":[{"start":{"line":349,"column":54},"end":{"line":349,"column":59}},{"start":{"line":349,"column":63},"end":{"line":349,"column":76}}],"line":349},"61":{"loc":{"start":{"line":371,"column":22},"end":{"line":371,"column":50}},"type":"if","locations":[{"start":{"line":371,"column":22},"end":{"line":371,"column":50}},{"start":{"line":371,"column":22},"end":{"line":371,"column":50}}],"line":371},"62":{"loc":{"start":{"line":372,"column":22},"end":{"line":372,"column":85}},"type":"if","locations":[{"start":{"line":372,"column":22},"end":{"line":372,"column":85}},{"start":{"line":372,"column":22},"end":{"line":372,"column":85}}],"line":372},"63":{"loc":{"start":{"line":380,"column":18},"end":{"line":385,"column":19}},"type":"if","locations":[{"start":{"line":380,"column":18},"end":{"line":385,"column":19}},{"start":{"line":380,"column":18},"end":{"line":385,"column":19}}],"line":380}},"s":{"0":1,"1":1,"2":1,"3":1,"4":1,"5":1,"6":1,"7":1,"8":1,"9":0,"10":0,"11":0,"12":0,"13":0,"14":0,"15":0,"16":0,"17":0,"18":0,"19":0,"20":1,"21":1,"22":1,"23":1,"24":4,"25":4,"26":4,"27":0,"28":0,"29":1,"30":1,"31":0,"32":1,"33":0,"34":0,"35":0,"36":0,"37":0,"38":0,"39":0,"40":0,"41":0,"42":0,"43":0,"44":0,"45":0,"46":0,"47":0,"48":0,"49":0,"50":0,"51":0,"52":1,"53":1,"54":1,"55":1,"56":1,"57":3,"58":3,"59":0,"60":1,"61":1,"62":4,"63":4,"64":3,"65":3,"66":1,"67":2,"68":2,"69":1,"70":1,"71":1,"72":1,"73":1,"74":1,"75":0,"76":0,"77":0,"78":0,"79":0,"80":0,"81":0,"82":0,"83":0,"84":0,"85":0,"86":0,"87":0,"88":0,"89":0,"90":0,"91":0,"92":0,"93":0,"94":0,"95":0,"96":0,"97":0,"98":0,"99":0,"100":0,"101":0,"102":0,"103":0,"104":0,"105":0,"106":0,"107":0,"108":0,"109":1,"110":1,"111":0,"112":0,"113":0,"114":0,"115":0,"116":0,"117":0,"118":0,"119":0,"120":0,"121":0,"122":0,"123":0,"124":0,"125":0,"126":0,"127":0,"128":0,"129":0,"130":0,"131":0,"132":0,"133":0,"134":0,"135":0,"136":0,"137":0,"138":0,"139":0,"140":0,"141":0,"142":0,"143":0,"144":0,"145":1,"146":1,"147":0,"148":0,"149":0,"150":0,"151":0,"152":0,"153":0,"154":0,"155":0,"156":0,"157":0,"158":0,"159":0,"160":0,"161":0,"162":0,"163":0,"164":0,"165":0,"166":0,"167":0,"168":0,"169":0,"170":0,"171":0,"172":0,"173":0,"174":0,"175":0,"176":0,"177":0,"178":0,"179":0,"180":0,"181":0,"182":0,"183":0,"184":0,"185":0,"186":0,"187":0,"188":0,"189":0,"190":0,"191":0,"192":0,"193":0,"194":0,"195":0,"196":0,"197":0,"198":1},"f":{"0":1,"1":0,"2":0,"3":0,"4":1,"5":4,"6":0,"7":1,"8":0,"9":0,"10":4,"11":3,"12":0,"13":0,"14":0,"15":0,"16":0,"17":0,"18":0,"19":0,"20":0,"21":0,"22":0},"b":{"0":[0,1],"1":[1,1],"2":[0,0],"3":[0,0,0,0,0],"4":[0,0],"5":[0,0],"6":[0,1],"7":[1,0],"8":[0,1],"9":[0,0],"10":[0,0],"11":[0,0],"12":[0,0],"13":[0,0],"14":[0,0],"15":[0,0],"16":[0,0],"17":[0,0],"18":[0,0],"19":[3,1],"20":[1,2],"21":[2,0],"22":[1,1],"23":[1,0],"24":[0,0],"25":[0,0],"26":[0,0],"27":[0,0],"28":[0,0],"29":[0,0],"30":[0,0],"31":[0,0],"32":[0,0],"33":[0,0],"34":[0,0],"35":[0,0],"36":[0,0],"37":[0,0],"38":[0,0],"39":[0,0],"40":[0,0],"41":[0,0],"42":[0,0],"43":[0,0],"44":[0,0],"45":[0,0],"46":[0,0],"47":[0,0],"48":[0,0],"49":[0,0],"50":[0,0],"51":[0,0,0],"52":[0,0],"53":[0,0],"54":[0,0],"55":[0,0],"56":[0,0],"57":[0,0],"58":[0,0],"59":[0,0],"60":[0,0],"61":[0,0],"62":[0,0],"63":[0,0]},"inputSourceMap":{"version":3,"sources":["users.controller.js"],"names":["dotEnv","config","users","userData","user","push","getUsers","req","res","usertoken","headers","jwt","verify","process","env","SECRET_KEY","err","authUser","status","json","message","role","ADMIN_USER_ROLE","usersCount","length","getUserById","reqUser","admintoken","console","log","id","deleteUser","deleted","index","splice","updateUser","updated","username","email","password","sign","token"],"mappings":";;;;;;;;;;;;;AAAA;;AACA;;AACA;;;;;;;;AAEAA,mBAAOC,MAAP,G,CAEA;;;AAEA,IAAIC,KAAK,GAAG,EAAZ;;2CAEiBC,oB;;;;AAAjB,sDAA2B;AAAA,QAAlBC,IAAkB;AACvBF,IAAAA,KAAK,CAACG,IAAN,CAAWD,IAAX;AACH;;;;;;;AAEM,IAAME,QAAQ,GAAG,SAAXA,QAAW,CAACC,GAAD,EAAMC,GAAN,EAAc;AAAA,MAC1BC,SAD0B,GACZF,GAAG,CAACG,OADQ,CAC1BD,SAD0B;;AAGlC,MAAIA,SAAJ,EAAe;AACXE,6BAAIC,MAAJ,CAAWH,SAAX,EAAsBI,OAAO,CAACC,GAAR,CAAYC,UAAlC,EAA8C,UAACC,GAAD,EAAMC,QAAN,EAAmB;AAC7D,UAAID,GAAJ,EAAS;AACL,eAAOR,GAAG,CAACU,MAAJ,CAAW,GAAX,EAAgBC,IAAhB,CAAqB;AACxBD,UAAAA,MAAM,EAAE,cADgB;AAExBE,UAAAA,OAAO,EAAE;AAFe,SAArB,CAAP;AAIH;;AAAA;;AAED,UAAIH,QAAJ,EAAc;AACV,YAAIA,QAAQ,CAACI,IAAT,KAAkBR,OAAO,CAACC,GAAR,CAAYQ,eAAlC,EAAmD;AAC/C,iBAAOd,GAAG,CAACU,MAAJ,CAAW,GAAX,EAAgBC,IAAhB,CAAqB;AACxBD,YAAAA,MAAM,EAAE,cADgB;AAExBE,YAAAA,OAAO,EAAE;AAFe,WAArB,CAAP;AAIH;;AAAA;;AAED,YAAIH,QAAQ,CAACI,IAAT,KAAkBR,OAAO,CAACC,GAAR,CAAYQ,eAAlC,EAAmD;AAC/C,iBAAOd,GAAG,CAACU,MAAJ,CAAW,GAAX,EAAgBC,IAAhB,CAAqB;AACxBD,YAAAA,MAAM,EAAE,SADgB;AAExBK,YAAAA,UAAU,EAAErB,KAAK,CAACsB,MAFM;AAGxBtB,YAAAA,KAAK,EAALA;AAHwB,WAArB,CAAP;AAKH;;AAAA;AACJ;;AAAA;AACJ,KAxBD;AAyBH,GA1BD,MA4BK;AACD,WAAOM,GAAG,CAACU,MAAJ,CAAW,GAAX,EAAgBC,IAAhB,CAAqB;AACxBD,MAAAA,MAAM,EAAE,cADgB;AAExBE,MAAAA,OAAO,EAAE;AAFe,KAArB,CAAP;AAIH;;AAAA;AACJ,CArCM;;;;AAuCA,IAAMK,WAAW,GAAG,SAAdA,WAAc,CAAClB,GAAD,EAAMC,GAAN,EAAc;AACrC,MAAIkB,OAAO,GAAG,KAAd;AADqC,qBAGHnB,GAAG,CAACG,OAHD;AAAA,MAG7BD,SAH6B,gBAG7BA,SAH6B;AAAA,MAGlBkB,UAHkB,gBAGlBA,UAHkB;;AAKrC,MAAIA,UAAJ,EAAgB;AACZhB,6BAAIC,MAAJ,CAAWe,UAAX,EAAuBd,OAAO,CAACC,GAAR,CAAYC,UAAnC,EAA+C,UAACC,GAAD,EAAMC,QAAN,EAAmB;AAC9D,UAAID,GAAJ,EAAS;AACL,eAAOR,GAAG,CAACU,MAAJ,CAAW,GAAX,EAAgBC,IAAhB,CAAqB;AACxBD,UAAAA,MAAM,EAAE,cADgB;AAExBE,UAAAA,OAAO,EAAE;AAFe,SAArB,CAAP;AAIH;;AAED,UAAIH,QAAJ,EAAc;AACV,YAAIA,QAAQ,CAACI,IAAT,KAAkBR,OAAO,CAACC,GAAR,CAAYQ,eAAlC,EAAmD;AAC/C,iBAAOd,GAAG,CAACU,MAAJ,CAAW,GAAX,EAAgBC,IAAhB,CAAqB;AACxBD,YAAAA,MAAM,EAAE,cADgB;AAExBE,YAAAA,OAAO,EAAE;AAFe,WAArB,CAAP;AAIH;;AAED,YAAIH,QAAQ,CAACI,IAAT,KAAkBR,OAAO,CAACC,GAAR,CAAYQ,eAAlC,EAAmD;AAC/CM,UAAAA,OAAO,CAACC,GAAR,CAAY,mBAAZ,EAAiCZ,QAAjC;;AACA,cAAIR,SAAJ,EAAe;AACXE,qCAAIC,MAAJ,CAAWH,SAAX,EAAsBI,OAAO,CAACC,GAAR,CAAYC,UAAlC,EAA8C,UAACC,GAAD,EAAMb,QAAN,EAAmB;AAC7D,kBAAIa,GAAJ,EAAS;AACL,uBAAOR,GAAG,CAACU,MAAJ,CAAW,GAAX,EAAgBC,IAAhB,CAAqB;AACxBD,kBAAAA,MAAM,EAAE,cADgB;AAExBE,kBAAAA,OAAO,EAAE;AAFe,iBAArB,CAAP;AAIH;;AAED,kBAAIjB,QAAJ,EAAc;AACVyB,gBAAAA,OAAO,CAACC,GAAR,CAAY,kBAAZ,EAAgC1B,QAAhC;;AADU,4DAEOD,KAFP;AAAA;;AAAA;AAEV,yEAAwB;AAAA,wBAAfE,IAAe;;AACpB,wBAAGA,IAAI,CAAC0B,EAAL,KAAY3B,QAAQ,CAAC2B,EAAxB,EAA4B;AACxBF,sBAAAA,OAAO,CAACC,GAAR,CAAY,aAAZ;AACA,6BAAOrB,GAAG,CAACU,MAAJ,CAAW,GAAX,EAAgBC,IAAhB,CAAqB;AACxBD,wBAAAA,MAAM,EAAE,SADgB;AAExBd,wBAAAA,IAAI,EAAJA;AAFwB,uBAArB,CAAP;AAKAsB,sBAAAA,OAAO,GAAG,IAAV;AAEA;AACH;;AAAA;AACJ;AAdS;AAAA;AAAA;AAAA;AAAA;AAeb;;AAAA;AACJ,aAxBD;;AA0BA,gBAAI,CAACA,OAAL,EACI,OAAOlB,GAAG,CAACU,MAAJ,CAAW,GAAX,EAAgBC,IAAhB,CAAqB;AACxBD,cAAAA,MAAM,EAAE,WADgB;AAExBE,cAAAA,OAAO,EAAE;AAFe,aAArB,CAAP;AAIP,WAhCD,MAgCO;AACH,mBAAOZ,GAAG,CAACU,MAAJ,CAAW,GAAX,EAAgBC,IAAhB,CAAqB;AACxBD,cAAAA,MAAM,EAAE,aADgB;AAExBE,cAAAA,OAAO,EAAE;AAFe,aAArB,CAAP;AAIH;;AAAA;AACJ;;AAAA;AACJ;;AAAA;AACJ,KA1DD;AA2DH,GA5DD,MA8DK;AACD,WAAOZ,GAAG,CAACU,MAAJ,CAAW,GAAX,EAAgBC,IAAhB,CAAqB;AACxBD,MAAAA,MAAM,EAAE,cADgB;AAExBE,MAAAA,OAAO,EAAE;AAFe,KAArB,CAAP;AAIH;;AAAA;AACJ,CAzEM;;;;AA2EA,IAAMW,UAAU,GAAG,SAAbA,UAAa,CAACxB,GAAD,EAAMC,GAAN,EAAc;AACpC,MAAIwB,OAAO,GAAG,KAAd;AADoC,sBAGFzB,GAAG,CAACG,OAHF;AAAA,MAG5BD,SAH4B,iBAG5BA,SAH4B;AAAA,MAGjBkB,UAHiB,iBAGjBA,UAHiB;;AAKpC,MAAIA,UAAJ,EAAgB;AACZhB,6BAAIC,MAAJ,CAAWe,UAAX,EAAuBd,OAAO,CAACC,GAAR,CAAYC,UAAnC,EAA+C,UAACC,GAAD,EAAMC,QAAN,EAAmB;AAC9D,UAAID,GAAJ,EAAS;AACL,eAAOR,GAAG,CAACU,MAAJ,CAAW,GAAX,EAAgBC,IAAhB,CAAqB;AACxBD,UAAAA,MAAM,EAAE,cADgB;AAExBE,UAAAA,OAAO,EAAE;AAFe,SAArB,CAAP;AAIH;;AAED,UAAIH,QAAJ,EAAc;AACV,YAAIA,QAAQ,CAACI,IAAT,KAAkBR,OAAO,CAACC,GAAR,CAAYQ,eAAlC,EAAmD;AAC/C,iBAAOd,GAAG,CAACU,MAAJ,CAAW,GAAX,EAAgBC,IAAhB,CAAqB;AACxBD,YAAAA,MAAM,EAAE,cADgB;AAExBE,YAAAA,OAAO,EAAE;AAFe,WAArB,CAAP;AAIH;;AAED,YAAIH,QAAQ,CAACI,IAAT,KAAkBR,OAAO,CAACC,GAAR,CAAYQ,eAAlC,EAAmD;AAC/C,cAAIb,SAAJ,EAAe;AACXE,qCAAIC,MAAJ,CAAWH,SAAX,EAAsBI,OAAO,CAACC,GAAR,CAAYC,UAAlC,EAA8C,UAACC,GAAD,EAAMb,QAAN,EAAmB;AAC7D,kBAAIa,GAAJ,EAAS;AACL,uBAAOR,GAAG,CAACU,MAAJ,CAAW,GAAX,EAAgBC,IAAhB,CAAqB;AACxBD,kBAAAA,MAAM,EAAE,cADgB;AAExBE,kBAAAA,OAAO,EAAE;AAFe,iBAArB,CAAP;AAIH;;AAED,kBAAIjB,QAAJ,EAAc;AAAA,4DAEgBD,KAFhB;AAAA;;AAAA;AAEV,yEAAiC;AAAA;AAAA,wBAAvB+B,KAAuB;AAAA,wBAAhB7B,IAAgB;;AAC7B,wBAAIA,IAAI,CAAC0B,EAAL,KAAY3B,QAAQ,CAAC2B,EAAzB,EAA6B;AACzB5B,sBAAAA,KAAK,CAACgC,MAAN,CAAaD,KAAb,EAAoB,CAApB;AAEAD,sBAAAA,OAAO,GAAG,IAAV;AAEA,6BAAOxB,GAAG,CAACU,MAAJ,CAAW,GAAX,EAAgBC,IAAhB,CAAqB;AACxBD,wBAAAA,MAAM,EAAE,SADgB;AAExBE,wBAAAA,OAAO,EAAE,2BAFe;AAGxBG,wBAAAA,UAAU,EAAErB,KAAK,CAACsB,MAHM;AAIxBtB,wBAAAA,KAAK,EAALA;AAJwB,uBAArB,CAAP;AAOA;AACH;AACJ;AAjBS;AAAA;AAAA;AAAA;AAAA;;AAmBV,oBAAI,CAAC8B,OAAL,EAAcxB,GAAG,CAACU,MAAJ,CAAW,GAAX,EAAgBC,IAAhB,CAAqB;AAC/BD,kBAAAA,MAAM,EAAE,WADuB;AAE/BE,kBAAAA,OAAO,EAAE;AAFsB,iBAArB;AAIjB;;AAAA;AACJ,aAhCD;AAiCH,WAlCD,MAkCO;AACH,mBAAOZ,GAAG,CAACU,MAAJ,CAAW,GAAX,EAAgBC,IAAhB,CAAqB;AACxBD,cAAAA,MAAM,EAAE,aADgB;AAExBE,cAAAA,OAAO,EAAE;AAFe,aAArB,CAAP;AAIH;;AAAA;AACJ;;AAAA;AACJ;;AAAA;AACJ,KA3DD;AA4DH,GA7DD,MA+DK;AACD,WAAOZ,GAAG,CAACU,MAAJ,CAAW,GAAX,EAAgBC,IAAhB,CAAqB;AACxBD,MAAAA,MAAM,EAAE,cADgB;AAExBE,MAAAA,OAAO,EAAE;AAFe,KAArB,CAAP;AAIH;;AAAA;AACJ,CA1EM;;;;AA4EA,IAAMe,UAAU,GAAG,SAAbA,UAAa,CAAC5B,GAAD,EAAMC,GAAN,EAAc;AACpC,MAAI4B,OAAO,GAAG,KAAd;AADoC,sBAEuB7B,GAAG,CAACG,OAF3B;AAAA,MAE7BD,SAF6B,iBAE7BA,SAF6B;AAAA,MAElBkB,UAFkB,iBAElBA,UAFkB;AAAA,MAENU,QAFM,iBAENA,QAFM;AAAA,MAEIC,KAFJ,iBAEIA,KAFJ;AAAA,MAEWC,QAFX,iBAEWA,QAFX;;AAGpC,MAAIZ,UAAJ,EAAgB;AACZhB,6BAAIC,MAAJ,CAAWe,UAAX,EAAuBd,OAAO,CAACC,GAAR,CAAYC,UAAnC,EAA+C,UAACC,GAAD,EAAMC,QAAN,EAAmB;AAC9D,UAAID,GAAJ,EAAS;AACL,eAAOR,GAAG,CAACU,MAAJ,CAAW,GAAX,EAAgBC,IAAhB,CAAqB;AACxBD,UAAAA,MAAM,EAAE,cADgB;AAExBE,UAAAA,OAAO,EAAE;AAFe,SAArB,CAAP;AAIH;;AAED,UAAIH,QAAJ,EAAc;AACV,YAAIA,QAAQ,CAACI,IAAT,KAAkBR,OAAO,CAACC,GAAR,CAAYQ,eAAlC,EAAmD;AAC/C,iBAAOd,GAAG,CAACU,MAAJ,CAAW,GAAX,EAAgBC,IAAhB,CAAqB;AACxBD,YAAAA,MAAM,EAAE,cADgB;AAExBE,YAAAA,OAAO,EAAE;AAFe,WAArB,CAAP;AAIH;;AAED,YAAIH,QAAQ,CAACI,IAAT,KAAkBR,OAAO,CAACC,GAAR,CAAYQ,eAAlC,EAAmD;AAC/C,cAAIb,SAAJ,EAAe;AACX,gBAAI4B,QAAQ,IAAIC,KAAZ,IAAqBC,QAAzB,EAAmC;AAC/B5B,uCAAIC,MAAJ,CAAWH,SAAX,EAAsBI,OAAO,CAACC,GAAR,CAAYC,UAAlC,EAA8C,UAACC,GAAD,EAAMb,QAAN,EAAmB;AAC7D,oBAAIa,GAAJ,EAAS;AACL,yBAAOR,GAAG,CAACU,MAAJ,CAAW,GAAX,EAAgBC,IAAhB,CAAqB;AACxBD,oBAAAA,MAAM,EAAE,WADgB;AAExBE,oBAAAA,OAAO,EAAE;AAFe,mBAArB,CAAP;AAIH;;AAED,oBAAIjB,QAAJ,EAAc;AAAA,8DACgBD,KADhB;AAAA;;AAAA;AAAA;AAAA;AAAA,0BACA+B,KADA;AAAA,0BACO7B,IADP;;AAEN,0BAAIA,IAAI,CAAC0B,EAAL,KAAY3B,QAAQ,CAAC2B,EAAzB,EAA6B;AACzB5B,wBAAAA,KAAK,CAAC+B,KAAD,CAAL,CAAaI,QAAb,GAAwBA,QAAQ,IAAIjC,IAAI,CAACiC,QAAzC;AACAnC,wBAAAA,KAAK,CAAC+B,KAAD,CAAL,CAAaK,KAAb,GAAqBA,KAAK,IAAIlC,IAAI,CAACkC,KAAnC;;AACA,4BAAIC,QAAJ,EAAc;AACV5B,mDAAI6B,IAAJ,CAASD,QAAT,EAAmB1B,OAAO,CAACC,GAAR,CAAYC,UAA/B,EAA2C,UAACC,GAAD,EAAMyB,KAAN,EAAgB;AACvD,gCAAIzB,GAAJ,EAAS;AACL,qCAAOR,GAAG,CAACU,MAAJ,CAAW,GAAX,EAAgBC,IAAhB,CAAqB;AACxBD,gCAAAA,MAAM,EAAE,uBADgB;AAExBE,gCAAAA,OAAO,EAAE;AAFe,+BAArB,CAAP;AAIH;;AAED,gCAAIqB,KAAJ,EAAW;AACPvC,8BAAAA,KAAK,CAAC+B,KAAD,CAAL,CAAaM,QAAb,GAAwBE,KAAK,IAAIrC,IAAI,CAACmC,QAAtC;AACH;AACJ,2BAXD;AAYH;;AAAA;AAEDH,wBAAAA,OAAO,GAAG,IAAV;AAEA;AAAA,6BAAO5B,GAAG,CAACU,MAAJ,CAAW,GAAX,EAAgBC,IAAhB,CAAqB;AACxBD,4BAAAA,MAAM,EAAE,SADgB;AAExBE,4BAAAA,OAAO,EAAE,2BAFe;AAGxBG,4BAAAA,UAAU,EAAErB,KAAK,CAACsB,MAHM;AAIxBtB,4BAAAA,KAAK,EAALA;AAJwB,2BAArB;AAAP;AAOA;AACH;AA9BK;;AACV,2EAAiC;AAAA;;AAAA,4CA4BzB;AA5ByB;AA8BhC;AA/BS;AAAA;AAAA;AAAA;AAAA;;AAiCV,sBAAI,CAACkC,OAAL,EAAc;AACV,2BAAO5B,GAAG,CAACU,MAAJ,CAAW,GAAX,EAAgBC,IAAhB,CAAqB;AACxBD,sBAAAA,MAAM,EAAE,gBADgB;AAExBE,sBAAAA,OAAO,EAAE;AAFe,qBAArB,CAAP;AAIH;AACJ;AACJ,eAhDD;AAmDH,aApDD,MAoDO;AACH,qBAAOZ,GAAG,CAACU,MAAJ,CAAW,GAAX,EAAgBC,IAAhB,CAAqB;AACxBD,gBAAAA,MAAM,EAAE,aADgB;AAExBE,gBAAAA,OAAO,EAAE;AAFe,eAArB,CAAP;AAIH;AACJ,WA3DD,MA2DO;AACH,mBAAOZ,GAAG,CAACU,MAAJ,CAAW,GAAX,EAAgBC,IAAhB,CAAqB;AACxBD,cAAAA,MAAM,EAAE,aADgB;AAExBE,cAAAA,OAAO,EAAE;AAFe,aAArB,CAAP;AAIH;AACJ;AACJ;AACJ,KApFD;AAqFH;AACJ,CA1FM","sourceRoot":"/home/ishmax/backend-blog-api/src/controllers/","sourcesContent":["import userData from '../models/user-data.json';\nimport jwt from 'jsonwebtoken';\nimport dotEnv from 'dotenv';\n\ndotEnv.config();\n\n// Assign each user a unique id\n\nlet users = [];\n\nfor (let user of userData) {\n    users.push(user);\n}\n\nexport const getUsers = (req, res) => {\n    const { usertoken } = req.headers;\n    \n    if (usertoken) {\n        jwt.verify(usertoken, process.env.SECRET_KEY, (err, authUser) => {\n            if (err) {\n                return res.status(403).json({\n                    status: \"Unauthorized\",\n                    message: \"You are not allowed to use this feature due to invalid token\"\n                });\n            };\n\n            if (authUser) {\n                if (authUser.role !== process.env.ADMIN_USER_ROLE) {\n                    return res.status(403).json({\n                        status: \"Unauthorized\",\n                        message: \"You are not allowed to use this feature\"\n                    });\n                };\n\n                if (authUser.role === process.env.ADMIN_USER_ROLE) {\n                    return res.status(200).json({\n                        status: \"Success\",\n                        usersCount: users.length,\n                        users\n                    });\n                };\n            };\n        });\n    }\n\n    else {\n        return res.status(403).json({\n            status: \"Unauthorized\",\n            message: \"You are not allowed to use this feature\"\n        });\n    };\n};\n\nexport const getUserById = (req, res) => {\n    let reqUser = false;\n\n    const { usertoken, admintoken } = req.headers;\n    \n    if (admintoken) {\n        jwt.verify(admintoken, process.env.SECRET_KEY, (err, authUser) => {\n            if (err) {\n                return res.status(403).json({\n                    status: \"Unauthorized\",\n                    message: \"You are not allowed to use this feature due to invalid token\"\n                });\n            }\n\n            if (authUser) {\n                if (authUser.role !== process.env.ADMIN_USER_ROLE) {\n                    return res.status(403).json({\n                        status: \"Unauthorized\",\n                        message: \"You are not allowed to use this feature\"\n                    });\n                }\n\n                if (authUser.role === process.env.ADMIN_USER_ROLE) {\n                    console.log('admin token legit', authUser);\n                    if (usertoken) {\n                        jwt.verify(usertoken, process.env.SECRET_KEY, (err, userData) => {\n                            if (err) {\n                                return res.status(403).json({\n                                    status: \"Unauthorized\",\n                                    message: \"You are not allowed to use this feature due to invalid token\"\n                                });\n                            }\n\n                            if (userData) {\n                                console.log('user token legit', userData)\n                                for (let user of users) {\n                                    if(user.id === userData.id) {\n                                        console.log('we found em')\n                                        return res.status(200).json({\n                                            status: \"Success\",\n                                            user\n                                        });\n                                        \n                                        reqUser = true;\n\n                                        break;\n                                    };  \n                                }             \n                            };\n                        });\n                        \n                        if (!reqUser) \n                            return res.status(404).json({\n                                status: \"Not Found\",\n                                message: \"User with the provided id not found\"\n                            });\n                    } else {\n                        return res.status(400).json({\n                            status: \"Bad Request\",\n                            message: \"You need to provide a user token\"\n                        });\n                    };\n                };\n            };\n        });\n    }\n\n    else {\n        return res.status(403).json({\n            status: \"Unauthorized\",\n            message: \"You are not allowed to use this feature\"\n        });\n    };\n};\n\nexport const deleteUser = (req, res) => {\n    let deleted = false;\n\n    const { usertoken, admintoken } = req.headers;\n    \n    if (admintoken) {\n        jwt.verify(admintoken, process.env.SECRET_KEY, (err, authUser) => {\n            if (err) {\n                return res.status(403).json({\n                    status: \"Unauthorized\",\n                    message: \"You are not allowed to use this feature due to invalid token\"\n                });\n            }\n\n            if (authUser) {\n                if (authUser.role !== process.env.ADMIN_USER_ROLE) {\n                    return res.status(403).json({\n                        status: \"Unauthorized\",\n                        message: \"You are not allowed to use this feature\"\n                    });\n                }\n\n                if (authUser.role === process.env.ADMIN_USER_ROLE) {\n                    if (usertoken) {\n                        jwt.verify(usertoken, process.env.SECRET_KEY, (err, userData) => {\n                            if (err) {\n                                return res.status(403).json({\n                                    status: \"Unauthorized\",\n                                    message: \"You are not allowed to use this feature due to invalid token\"\n                                });\n                            }\n\n                            if (userData) {\n\n                                for (let [index, user] of users) {\n                                    if (user.id === userData.id) {\n                                        users.splice(index, 1);\n                                        \n                                        deleted = true;\n                                        \n                                        return res.status(200).json({\n                                            status: \"Success\",\n                                            message: \"User successfully deleted\",\n                                            usersCount: users.length,\n                                            users\n                                        });\n\n                                        break;\n                                    }    \n                                }\n                                \n                                if (!deleted) res.status(404).json({\n                                    status: \"Not Found\",\n                                    message: \"User with the provided id not found\"\n                                });\n                            };\n                        });\n                    } else {\n                        return res.status(400).json({\n                            status: \"Bad Request\",\n                            message: \"You need to provide a user token\"\n                        });\n                    };\n                };\n            };\n        });\n    }\n\n    else {\n        return res.status(403).json({\n            status: \"Unauthorized\",\n            message: \"You are not allowed to use this feature\"\n        });\n    };\n}\n\nexport const updateUser = (req, res) => {\n    let updated = false;\n    const {usertoken, admintoken, username, email, password} = req.headers;\n    if (admintoken) {\n        jwt.verify(admintoken, process.env.SECRET_KEY, (err, authUser) => {\n            if (err) {\n                return res.status(403).json({\n                    status: \"Unauthorized\",\n                    message: \"You are not allowed to use this feature due to invalid token\"\n                });\n            }\n\n            if (authUser) {\n                if (authUser.role !== process.env.ADMIN_USER_ROLE) {\n                    return res.status(403).json({\n                        status: \"Unauthorized\",\n                        message: \"You are not allowed to use this feature\"\n                    });\n                }\n\n                if (authUser.role === process.env.ADMIN_USER_ROLE) {\n                    if (usertoken) {\n                        if (username || email || password) {\n                            jwt.verify(usertoken, process.env.SECRET_KEY, (err, userData) => {\n                                if (err) {\n                                    return res.status(404).json({\n                                        status: \"Not Found\",\n                                        message: \"User with the provided token not found\"\n                                    });\n                                }\n\n                                if (userData) {\n                                    for (let [index, user] of users) {\n                                        if (user.id === userData.id) {\n                                            users[index].username = username || user.username;   \n                                            users[index].email = email || user.email;   \n                                            if (password) {\n                                                jwt.sign(password, process.env.SECRET_KEY, (err, token) => {\n                                                    if (err) {\n                                                        return res.status(501).json({\n                                                            status: \"Internal Server Error\",\n                                                            message: \"Cannot update user password\"\n                                                        });\n                                                    }\n\n                                                    if (token) {\n                                                        users[index].password = token || user.password;   \n                                                    }\n                                                });\n                                            };\n\n                                            updated = true;\n\n                                            return res.status(200).json({\n                                                status: \"Success\",\n                                                message: \"User updated successfully\",\n                                                usersCount: users.length,\n                                                users\n                                            });\n\n                                            break;\n                                        }\n                                    }\n\n                                    if (!updated) {\n                                        return res.status(404).json({\n                                            status: \"User Not Found\",\n                                            message: \"Cannot find the user with the provided token\"\n                                        });\n                                    }\n                                }\n                            });\n\n\n                        } else {\n                            return res.status(400).json({\n                                status: \"Bad Request\",\n                                message: \"Please update either one of these (username, email, password) or all of them\"\n                            });\n                        }\n                    } else {\n                        return res.status(400).json({\n                            status: \"Bad Request\",\n                            message: \"Please provide the usertoken\"\n                        });\n                    }\n                }\n            }\n        });\n    }\n}"]},"_coverageSchema":"1a1c01bbd47fc00a2c39e90264f33305004495a9","hash":"796c0d05d7c25087af1d557fe69bec246c8f89d1","contentHash":"5d5138e6006e102723c76f67b18b434e0b3a2928d7feeadc286802609435e8c8"},"/home/ishmax/backend-blog-api/src/routes/posts.route.js":{"path":"/home/ishmax/backend-blog-api/src/routes/posts.route.js","statementMap":{"0":{"start":{"line":3,"column":29},"end":{"line":3,"column":84}},"1":{"start":{"line":5,"column":0},"end":{"line":7,"column":3}},"2":{"start":{"line":8,"column":0},"end":{"line":8,"column":28}},"3":{"start":{"line":10,"column":15},"end":{"line":10,"column":57}},"4":{"start":{"line":12,"column":13},"end":{"line":12,"column":55}},"5":{"start":{"line":14,"column":12},"end":{"line":14,"column":40}},"6":{"start":{"line":16,"column":0},"end":{"line":18,"column":3}},"7":{"start":{"line":17,"column":2},"end":{"line":17,"column":40}},"8":{"start":{"line":19,"column":0},"end":{"line":21,"column":3}},"9":{"start":{"line":20,"column":2},"end":{"line":20,"column":42}},"10":{"start":{"line":22,"column":0},"end":{"line":24,"column":3}},"11":{"start":{"line":23,"column":2},"end":{"line":23,"column":43}},"12":{"start":{"line":25,"column":0},"end":{"line":27,"column":3}},"13":{"start":{"line":26,"column":2},"end":{"line":26,"column":39}},"14":{"start":{"line":28,"column":0},"end":{"line":30,"column":3}},"15":{"start":{"line":29,"column":2},"end":{"line":29,"column":42}},"16":{"start":{"line":31,"column":15},"end":{"line":31,"column":20}},"17":{"start":{"line":32,"column":0},"end":{"line":32,"column":30}}},"fnMap":{"0":{"name":"(anonymous_0)","decl":{"start":{"line":16,"column":23},"end":{"line":16,"column":24}},"loc":{"start":{"line":16,"column":43},"end":{"line":18,"column":1}},"line":16},"1":{"name":"(anonymous_1)","decl":{"start":{"line":19,"column":25},"end":{"line":19,"column":26}},"loc":{"start":{"line":19,"column":45},"end":{"line":21,"column":1}},"line":19},"2":{"name":"(anonymous_2)","decl":{"start":{"line":22,"column":23},"end":{"line":22,"column":24}},"loc":{"start":{"line":22,"column":43},"end":{"line":24,"column":1}},"line":22},"3":{"name":"(anonymous_3)","decl":{"start":{"line":25,"column":23},"end":{"line":25,"column":24}},"loc":{"start":{"line":25,"column":43},"end":{"line":27,"column":1}},"line":25},"4":{"name":"(anonymous_4)","decl":{"start":{"line":28,"column":31},"end":{"line":28,"column":32}},"loc":{"start":{"line":28,"column":51},"end":{"line":30,"column":1}},"line":28}},"branchMap":{},"s":{"0":1,"1":1,"2":1,"3":1,"4":1,"5":1,"6":1,"7":5,"8":1,"9":0,"10":1,"11":8,"12":1,"13":7,"14":1,"15":0,"16":1,"17":1},"f":{"0":5,"1":0,"2":8,"3":7,"4":0},"b":{},"inputSourceMap":{"version":3,"sources":["posts.route.js"],"names":["route","express","Router","get","req","res","put","post"],"mappings":";;;;;;;;;AAAA;;AACA;;AAGA,IAAMA,KAAK,GAAGC,oBAAQC,MAAR,EAAd;;AAGAF,KAAK,CAACG,GAAN,CAAU,WAAV,EAAuB,UAACC,GAAD,EAAMC,GAAN;AAAA,SAAc,qBAASD,GAAT,EAAcC,GAAd,CAAd;AAAA,CAAvB;AAEAL,KAAK,CAACM,GAAN,CAAU,aAAV,EAAyB,UAACF,GAAD,EAAMC,GAAN;AAAA,SAAc,uBAAWD,GAAX,EAAgBC,GAAhB,CAAd;AAAA,CAAzB;AAEAL,KAAK,CAACG,GAAN,CAAU,WAAV,EAAuB,UAACC,GAAD,EAAMC,GAAN;AAAA,SAAc,wBAAYD,GAAZ,EAAiBC,GAAjB,CAAd;AAAA,CAAvB;AAEAL,KAAK,CAACO,IAAN,CAAW,UAAX,EAAuB,UAACH,GAAD,EAAMC,GAAN;AAAA,SAAc,oBAAQD,GAAR,EAAaC,GAAb,CAAd;AAAA,CAAvB;AAEAL,KAAK,UAAL,CAAa,aAAb,EAA4B,UAACI,GAAD,EAAMC,GAAN;AAAA,SAAc,uBAAWD,GAAX,EAAgBC,GAAhB,CAAd;AAAA,CAA5B;eAGeL,K","sourceRoot":"/home/ishmax/backend-blog-api/src/routes/","sourcesContent":["import express from 'express';\nimport {getPosts, getPostById, addPost, deletePost, updatePost} from '../controllers/posts.controller';\n\n\nconst route = express.Router();\n\n\nroute.get('/getPosts', (req, res) => getPosts(req, res));\n\nroute.put('/updatePost', (req, res) => updatePost(req, res));\n\nroute.get('/blogPost', (req, res) => getPostById(req, res));\n\nroute.post('/addPost', (req, res) => addPost(req, res));\n\nroute.delete('/deletePost', (req, res) => deletePost(req, res));\n\n\nexport default route;"]},"_coverageSchema":"1a1c01bbd47fc00a2c39e90264f33305004495a9","hash":"e15dc23ad02331f8f34ebba32f210f30c8077ff5","contentHash":"c280feab78a80ade326dcaf9073ec607215d6df3544606b13dc55f16e8777f16"},"/home/ishmax/backend-blog-api/src/controllers/posts.controller.js":{"path":"/home/ishmax/backend-blog-api/src/controllers/posts.controller.js","statementMap":{"0":{"start":{"line":3,"column":29},"end":{"line":3,"column":84}},"1":{"start":{"line":5,"column":0},"end":{"line":7,"column":3}},"2":{"start":{"line":8,"column":0},"end":{"line":8,"column":108}},"3":{"start":{"line":10,"column":23},"end":{"line":10,"column":95}},"4":{"start":{"line":12,"column":15},"end":{"line":12,"column":79}},"5":{"start":{"line":14,"column":16},"end":{"line":14,"column":75}},"6":{"start":{"line":16,"column":16},"end":{"line":16,"column":75}},"7":{"start":{"line":18,"column":19},"end":{"line":18,"column":81}},"8":{"start":{"line":20,"column":20},"end":{"line":20,"column":67}},"9":{"start":{"line":22,"column":14},"end":{"line":22,"column":55}},"10":{"start":{"line":24,"column":54},"end":{"line":24,"column":73}},"11":{"start":{"line":24,"column":75},"end":{"line":24,"column":326}},"12":{"start":{"line":24,"column":125},"end":{"line":24,"column":161}},"13":{"start":{"line":24,"column":163},"end":{"line":24,"column":292}},"14":{"start":{"line":24,"column":183},"end":{"line":24,"column":292}},"15":{"start":{"line":24,"column":225},"end":{"line":24,"column":288}},"16":{"start":{"line":24,"column":293},"end":{"line":24,"column":324}},"17":{"start":{"line":24,"column":327},"end":{"line":24,"column":339}},"18":{"start":{"line":26,"column":33},"end":{"line":26,"column":534}},"19":{"start":{"line":26,"column":46},"end":{"line":26,"column":47}},"20":{"start":{"line":26,"column":91},"end":{"line":26,"column":131}},"21":{"start":{"line":26,"column":133},"end":{"line":26,"column":532}},"22":{"start":{"line":26,"column":146},"end":{"line":26,"column":264}},"23":{"start":{"line":26,"column":201},"end":{"line":26,"column":260}},"24":{"start":{"line":26,"column":272},"end":{"line":26,"column":532}},"25":{"start":{"line":26,"column":312},"end":{"line":26,"column":386}},"26":{"start":{"line":26,"column":396},"end":{"line":26,"column":530}},"27":{"start":{"line":26,"column":445},"end":{"line":26,"column":526}},"28":{"start":{"line":26,"column":535},"end":{"line":26,"column":549}},"29":{"start":{"line":28,"column":65},"end":{"line":28,"column":623}},"30":{"start":{"line":28,"column":132},"end":{"line":28,"column":463}},"31":{"start":{"line":28,"column":252},"end":{"line":28,"column":267}},"32":{"start":{"line":28,"column":260},"end":{"line":28,"column":267}},"33":{"start":{"line":28,"column":276},"end":{"line":28,"column":277}},"34":{"start":{"line":28,"column":287},"end":{"line":28,"column":302}},"35":{"start":{"line":28,"column":304},"end":{"line":28,"column":461}},"36":{"start":{"line":28,"column":337},"end":{"line":28,"column":378}},"37":{"start":{"line":28,"column":356},"end":{"line":28,"column":378}},"38":{"start":{"line":28,"column":379},"end":{"line":28,"column":417}},"39":{"start":{"line":28,"column":441},"end":{"line":28,"column":450}},"40":{"start":{"line":28,"column":464},"end":{"line":28,"column":621}},"41":{"start":{"line":28,"column":647},"end":{"line":28,"column":651}},"42":{"start":{"line":28,"column":662},"end":{"line":28,"column":667}},"43":{"start":{"line":28,"column":674},"end":{"line":28,"column":995}},"44":{"start":{"line":28,"column":701},"end":{"line":28,"column":727}},"45":{"start":{"line":28,"column":760},"end":{"line":28,"column":769}},"46":{"start":{"line":28,"column":771},"end":{"line":28,"column":800}},"47":{"start":{"line":28,"column":801},"end":{"line":28,"column":813}},"48":{"start":{"line":28,"column":838},"end":{"line":28,"column":852}},"49":{"start":{"line":28,"column":853},"end":{"line":28,"column":863}},"50":{"start":{"line":28,"column":885},"end":{"line":28,"column":990}},"51":{"start":{"line":28,"column":891},"end":{"line":28,"column":953}},"52":{"start":{"line":28,"column":938},"end":{"line":28,"column":953}},"53":{"start":{"line":28,"column":966},"end":{"line":28,"column":988}},"54":{"start":{"line":28,"column":978},"end":{"line":28,"column":988}},"55":{"start":{"line":30,"column":50},"end":{"line":30,"column":65}},"56":{"start":{"line":30,"column":58},"end":{"line":30,"column":65}},"57":{"start":{"line":30,"column":66},"end":{"line":30,"column":129}},"58":{"start":{"line":30,"column":93},"end":{"line":30,"column":129}},"59":{"start":{"line":30,"column":138},"end":{"line":30,"column":184}},"60":{"start":{"line":30,"column":186},"end":{"line":30,"column":246}},"61":{"start":{"line":30,"column":223},"end":{"line":30,"column":246}},"62":{"start":{"line":30,"column":247},"end":{"line":30,"column":300}},"63":{"start":{"line":30,"column":279},"end":{"line":30,"column":300}},"64":{"start":{"line":30,"column":301},"end":{"line":30,"column":414}},"65":{"start":{"line":30,"column":378},"end":{"line":30,"column":414}},"66":{"start":{"line":32,"column":39},"end":{"line":32,"column":93}},"67":{"start":{"line":32,"column":76},"end":{"line":32,"column":93}},"68":{"start":{"line":32,"column":94},"end":{"line":32,"column":168}},"69":{"start":{"line":32,"column":107},"end":{"line":32,"column":108}},"70":{"start":{"line":32,"column":117},"end":{"line":32,"column":131}},"71":{"start":{"line":32,"column":149},"end":{"line":32,"column":166}},"72":{"start":{"line":32,"column":169},"end":{"line":32,"column":181}},"73":{"start":{"line":34,"column":0},"end":{"line":34,"column":28}},"74":{"start":{"line":36,"column":12},"end":{"line":36,"column":14}},"75":{"start":{"line":37,"column":12},"end":{"line":37,"column":14}},"76":{"start":{"line":39,"column":16},"end":{"line":39,"column":64}},"77":{"start":{"line":42,"column":0},"end":{"line":81,"column":1}},"78":{"start":{"line":43,"column":15},"end":{"line":71,"column":3}},"79":{"start":{"line":44,"column":15},"end":{"line":44,"column":26}},"80":{"start":{"line":46,"column":4},"end":{"line":58,"column":7}},"81":{"start":{"line":47,"column":6},"end":{"line":50,"column":9}},"82":{"start":{"line":47,"column":15},"end":{"line":50,"column":9}},"83":{"start":{"line":52,"column":6},"end":{"line":57,"column":7}},"84":{"start":{"line":53,"column":8},"end":{"line":55,"column":17}},"85":{"start":{"line":56,"column":8},"end":{"line":56,"column":25}},"86":{"start":{"line":62,"column":4},"end":{"line":70,"column":7}},"87":{"start":{"line":63,"column":6},"end":{"line":69,"column":9}},"88":{"start":{"line":64,"column":8},"end":{"line":66,"column":9}},"89":{"start":{"line":65,"column":10},"end":{"line":65,"column":29}},"90":{"start":{"line":73,"column":2},"end":{"line":75,"column":3}},"91":{"start":{"line":74,"column":4},"end":{"line":74,"column":13}},"92":{"start":{"line":78,"column":2},"end":{"line":78,"column":19}},"93":{"start":{"line":80,"column":2},"end":{"line":80,"column":16}},"94":{"start":{"line":83,"column":17},"end":{"line":83,"column":65}},"95":{"start":{"line":86,"column":0},"end":{"line":112,"column":1}},"96":{"start":{"line":87,"column":15},"end":{"line":103,"column":3}},"97":{"start":{"line":88,"column":15},"end":{"line":88,"column":27}},"98":{"start":{"line":90,"column":4},"end":{"line":102,"column":7}},"99":{"start":{"line":91,"column":6},"end":{"line":94,"column":9}},"100":{"start":{"line":91,"column":15},"end":{"line":94,"column":9}},"101":{"start":{"line":96,"column":6},"end":{"line":10
[...]
{"line":32,"column":39},"end":{"line":32,"column":93}},"67":{"start":{"line":32,"column":76},"end":{"line":32,"column":93}},"68":{"start":{"line":32,"column":94},"end":{"line":32,"column":168}},"69":{"start":{"line":32,"column":107},"end":{"line":32,"column":108}},"70":{"start":{"line":32,"column":117},"end":{"line":32,"column":131}},"71":{"start":{"line":32,"column":149},"end":{"line":32,"column":166}},"72":{"start":{"line":32,"column":169},"end":{"line":32,"column":181}},"73":{"start":{"line":34,"column":0},"end":{"line":34,"column":28}},"74":{"start":{"line":36,"column":12},"end":{"line":36,"column":40}},"75":{"start":{"line":39,"column":12},"end":{"line":39,"column":14}},"76":{"start":{"line":41,"column":16},"end":{"line":41,"column":64}},"77":{"start":{"line":44,"column":0},"end":{"line":73,"column":1}},"78":{"start":{"line":45,"column":14},"end":{"line":64,"column":3}},"79":{"start":{"line":46,"column":15},"end":{"line":46,"column":26}},"80":{"start":{"line":47,"column":4},"end":{"line":49,"column":13}},"81":{"start":{"line":51,"column":4},"end":{"line":63,"column":7}},"82":{"start":{"line":52,"column":6},"end":{"line":55,"column":9}},"83":{"start":{"line":52,"column":15},"end":{"line":55,"column":9}},"84":{"start":{"line":57,"column":6},"end":{"line":62,"column":7}},"85":{"start":{"line":58,"column":8},"end":{"line":60,"column":17}},"86":{"start":{"line":61,"column":8},"end":{"line":61,"column":25}},"87":{"start":{"line":66,"column":2},"end":{"line":68,"column":3}},"88":{"start":{"line":67,"column":4},"end":{"line":67,"column":12}},"89":{"start":{"line":70,"column":2},"end":{"line":70,"column":19}},"90":{"start":{"line":72,"column":2},"end":{"line":72,"column":16}},"91":{"start":{"line":76,"column":0},"end":{"line":114,"column":3}},"92":{"start":{"line":77,"column":21},"end":{"line":77,"column":23}},"93":{"start":{"line":79,"column":2},"end":{"line":81,"column":3}},"94":{"start":{"line":79,"column":15},"end":{"line":79,"column":16}},"95":{"start":{"line":80,"column":4},"end":{"line":80,"column":32}},"96":{"start":{"line":83,"column":2},"end":{"line":111,"column":3}},"97":{"start":{"line":84,"column":4},"end":{"line":103,"column":7}},"98":{"start":{"line":85,"column":6},"end":{"line":90,"column":9}},"99":{"start":{"line":85,"column":15},"end":{"line":90,"column":9}},"100":{"start":{"line":91,"column":6},"end":{"line":96,"column":9}},"101":{"start":{"line":91,"column":37},"end":{"line":96,"column":9}},"102":{"start":{"line":97,"column":6},"end":{"line":102,"column":9}},"103":{"start":{"line":97,"column":36},"end":{"line":102,"column":9}},"104":{"start":{"line":105,"column":4},"end":{"line":110,"column":7}},"105":{"start":{"line":115,"column":15},"end":{"line":115,"column":20}},"106":{"start":{"line":116,"column":0},"end":{"line":116,"column":30}}},"fnMap":{"0":{"name":"ownKeys","decl":{"start":{"line":24,"column":9},"end":{"line":24,"column":16}},"loc":{"start":{"line":24,"column":41},"end":{"line":24,"column":341}},"line":24},"1":{"name":"(anonymous_1)","decl":{"start":{"line":24,"column":208},"end":{"line":24,"column":209}},"loc":{"start":{"line":24,"column":223},"end":{"line":24,"column":290}},"line":24},"2":{"name":"_objectSpread","decl":{"start":{"line":26,"column":9},"end":{"line":26,"column":22}},"loc":{"start":{"line":26,"column":31},"end":{"line":26,"column":551}},"line":26},"3":{"name":"(anonymous_3)","decl":{"start":{"line":26,"column":184},"end":{"line":26,"column":185}},"loc":{"start":{"line":26,"column":199},"end":{"line":26,"column":262}},"line":26},"4":{"name":"(anonymous_4)","decl":{"start":{"line":26,"column":428},"end":{"line":26,"column":429}},"loc":{"start":{"line":26,"column":443},"end":{"line":26,"column":528}},"line":26},"5":{"name":"_createForOfIteratorHelper","decl":{"start":{"line":28,"column":9},"end":{"line":28,"column":35}},"loc":{"start":{"line":28,"column":55},"end":{"line":28,"column":997}},"line":28},"6":{"name":"F","decl":{"start":{"line":28,"column":296},"end":{"line":28,"column":297}},"loc":{"start":{"line":28,"column":300},"end":{"line":28,"column":302}},"line":28},"7":{"name":"n","decl":{"start":{"line":28,"column":331},"end":{"line":28,"column":332}},"loc":{"start":{"line":28,"column":335},"end":{"line":28,"column":419}},"line":28},"8":{"name":"e","decl":{"start":{"line":28,"column":433},"end":{"line":28,"column":434}},"loc":{"start":{"line":28,"column":439},"end":{"line":28,"column":452}},"line":28},"9":{"name":"s","decl":{"start":{"line":28,"column":695},"end":{"line":28,"column":696}},"loc":{"start":{"line":28,"column":699},"end":{"line":28,"column":729}},"line":28},"10":{"name":"n","decl":{"start":{"line":28,"column":743},"end":{"line":28,"column":744}},"loc":{"start":{"line":28,"column":747},"end":{"line":28,"column":815}},"line":28},"11":{"name":"e","decl":{"start":{"line":28,"column":829},"end":{"line":28,"column":830}},"loc":{"start":{"line":28,"column":836},"end":{"line":28,"column":865}},"line":28},"12":{"name":"f","decl":{"start":{"line":28,"column":879},"end":{"line":28,"column":880}},"loc":{"start":{"line":28,"column":883},"end":{"line":28,"column":992}},"line":28},"13":{"name":"_unsupportedIterableToArray","decl":{"start":{"line":30,"column":9},"end":{"line":30,"column":36}},"loc":{"start":{"line":30,"column":48},"end":{"line":30,"column":416}},"line":30},"14":{"name":"_arrayLikeToArray","decl":{"start":{"line":32,"column":9},"end":{"line":32,"column":26}},"loc":{"start":{"line":32,"column":37},"end":{"line":32,"column":183}},"line":32},"15":{"name":"_loop","decl":{"start":{"line":45,"column":23},"end":{"line":45,"column":28}},"loc":{"start":{"line":45,"column":31},"end":{"line":64,"column":3}},"line":45},"16":{"name":"(anonymous_16)","decl":{"start":{"line":51,"column":64},"end":{"line":51,"column":65}},"loc":{"start":{"line":51,"column":86},"end":{"line":63,"column":5}},"line":51},"17":{"name":"(anonymous_17)","decl":{"start":{"line":76,"column":40},"end":{"line":76,"column":41}},"loc":{"start":{"line":76,"column":60},"end":{"line":114,"column":1}},"line":76},"18":{"name":"(anonymous_18)","decl":{"start":{"line":84,"column":71},"end":{"line":84,"column":72}},"loc":{"start":{"line":84,"column":96},"end":{"line":103,"column":5}},"line":84}},"branchMap":{"0":{"loc":{"start":{"line":24,"column":75},"end":{"line":24,"column":326}},"type":"if","locations":[{"start":{"line":24,"column":75},"end":{"line":24,"column":326}},{"start":{"line":24,"column":75},"end":{"line":24,"column":326}}],"line":24},"1":{"loc":{"start":{"line":24,"column":163},"end":{"line":24,"column":292}},"type":"if","locations":[{"start":{"line":24,"column":163},"end":{"line":24,"column":292}},{"start":{"line":24,"column":163},"end":{"line":24,"column":292}}],"line":24},"2":{"loc":{"start":{"line":26,"column":91},"end":{"line":26,"column":131}},"type":"cond-expr","locations":[{"start":{"line":26,"column":114},"end":{"line":26,"column":126}},{"start":{"line":26,"column":129},"end":{"line":26,"column":131}}],"line":26},"3":{"loc":{"start":{"line":26,"column":133},"end":{"line":26,"column":532}},"type":"if","locations":[{"start":{"line":26,"column":133},"end":{"line":26,"column":532}},{"start":{"line":26,"column":133},"end":{"line":26,"column":532}}],"line":26},"4":{"loc":{"start":{"line":26,"column":272},"end":{"line":26,"column":532}},"type":"if","locations":[{"start":{"line":26,"column":272},"end":{"line":26,"column":532}},{"start":{"line":26,"column":272},"end":{"line":26,"column":532}}],"line":26},"5":{"loc":{"start":{"line":28,"column":65},"end":{"line":28,"column":623}},"type":"if","locations":[{"start":{"line":28,"column":65},"end":{"line":28,"column":623}},{"start":{"line":28,"column":65},"end":{"line":28,"column":623}}],"line":28},"6":{"loc":{"start":{"line":28,"column":69},"end":{"line":28,"column":128}},"type":"binary-expr","locations":[{"start":{"line":28,"column":69},"end":{"line":28,"column":98}},{"start":{"line":28,"column":102},"end":{"line":28,"column":128}}],"line":28},"7":{"loc":{"start":{"line":28,"column":132},"end":{"line":28,"column":463}},"type":"if","locations":[{"start":{"line":28,"column":132},"end":{"line":28,"column":463}},{"start":{"line":28,"column":132},"end":{"line":28,"column":463}}],"line":28},"8":{"loc":{"start":{"line":28,"column":136},"end":{"line":28,"column":248}},"type":"binary-expr","locations":[{"start":{"line":28,"column":136},"end":{"line":28,"column":152}},{"start":{"line":28,"column":157},"end":{"line":28,"column":192}},{"start":{"line":28,"column":197},"end":{"line":28,"column":211}},{"start":{"line":28,"column":215},"end":{"line":28,"column":216}},{"start":{"line":28,"column":220},"end":{"line":28,"column":248}}],"line":28},"9":{"loc":{"start":{"line":28,"column":252},"end":{"line":28,"column":267}},"type":"if","locations":[{"start":{"line":28,"column":252},"end":{"line":28,"column":267}},{"start":{"line":28,"column":252},"end":{"line":28,"column":267}}],"line":28},"10":{"loc":{"start":{"line":28,"column":337},"end":{"line":28,"column":378}},"type":"if","locations":[{"start":{"line":28,"column":337},"end":{"line":28,"column":378}},{"start":{"line":28,"column":337},"end":{"line":28,"column":378}}],"line":28},"11":{"loc":{"start":{"line":28,"column":891},"end":{"line":28,"column":953}},"type":"if","locations":[{"start":{"line":28,"column":891},"end":{"line":28,"column":953}},{"start":{"line":28,"column":891},"end":{"line":28,"column":953}}],"line":28},"12":{"loc":{"start":{"line":28,"column":895},"end":{"line":28,"column":936}},"type":"binary-expr","locations":[{"start":{"line":28,"column":895},"end":{"line":28,"column":912}},{"start":{"line":28,"column":916},"end":{"line":28,"column":936}}],"line":28},"13":{"loc":{"start":{"line":28,"column":966},"end":{"line":28,"column":988}},"type":"if","locations":[{"start":{"line":28,"column":966},"end":{"line":28,"column":988}},{"start":{"line":28,"column":966},"end":{"line":28,"column":988}}],"line":28},"14":{"loc":{"start":{"line":30,"column":50},"end":{"line":30,"column":65}},"type":"if","locations":[{"start":{"line":30,"column":50},"end":{"line":30,"column":65}},{"start":{"line":30,"column":50},"end":{"line":30,"column":65}}],"line":30},"15":{"loc":{"start":{"line":30,"column":66},"end":{"line":30,"column":129}},"type":"if","locations":[{"start":{"line":30,"column":66},"end":{"line":30,"column":129}},{"start":{"line":30,"column":66},"end":{"line":30,"column":129}}],"line":30},"16":{"loc":{"start":{"line":30,"column":186},"end":{"line":30,"column":246}},"type":"if","locations":[{"start":{"line":30,"column":186},"end":{"line":30,"column":246}},{"start":{"line":30,"column":186},"end":{"line":30,"column":246}}],"line":30},"17":{"loc":{"start":{"line":30,"column":190},"end":{"line":30,"column":221}},"type":"binary-expr","locations":[{"start":{"line":30,"column":190},"end":{"line":30,"column":204}},{"start":{"line":30,"column":208},"end":{"line":30,"column":221}}],"line":30},"18":{"loc":{"start":{"line":30,"column":247},"end":{"line":30,"column":300}},"type":"if","locations":[{"start":{"line":30,"column":247},"end":{"line":30,"column":300}},{"start":{"line":30,"column":247},"end":{"line":30,"column":300}}],"line":30},"19":{"loc":{"start":{"line":30,"column":251},"end":{"line":30,"column":277}},"type":"binary-expr","locations":[{"start":{"line":30,"column":251},"end":{"line":30,"column":262}},{"start":{"line":30,"column":266},"end":{"line":30,"column":277}}],"line":30},"20":{"loc":{"start":{"line":30,"column":301},"end":{"line":30,"column":414}},"type":"if","locations":[{"start":{"line":30,"column":301},"end":{"line":30,"column":414}},{"start":{"line":30,"column":301},"end":{"line":30,"column":414}}],"line":30},"21":{"loc":{"start":{"line":30,"column":305},"end":{"line":30,"column":376}},"type":"binary-expr","locations":[{"start":{"line":30,"column":305},"end":{"line":30,"column":322}},{"start":{"line":30,"column":326},"end":{"line":30,"column":376}}],"line":30},"22":{"loc":{"start":{"line":32,"column":39},"end":{"line":32,"column":93}},"type":"if","locations":[{"start":{"line":32,"column":39},"end":{"line":32,"column":93}},{"start":{"line":32,"column":39},"end":{"line":32,"column":93}}],"line":32},"23":{"loc":{"start":{"line":32,"column":43},"end":{"line":32,"column":74}},"type":"binary-expr","locations":[{"start":{"line":32,"column":43},"end":{"line":32,"column":54}},{"start":{"line":32,"column":58},"end":{"line":32,"column":74}}],"line":32},"24":{"loc":{"start":{"line":52,"column":6},"end":{"line":55,"column":9}},"type":"if","locations":[{"start":{"line":52,"column":6},"end":{"line":55,"column":9}},{"start":{"line":52,"column":6},"end":{"line":55,"column":9}}],"line":52},"25":{"loc":{"start":{"line":57,"column":6},"end":{"line":62,"column":7}},"type":"if","locations":[{"start":{"line":57,"column":6},"end":{"line":62,"column":7}},{"start":{"line":57,"column":6},"end":{"line":62,"column":7}}],"line":57},"26":{"loc":{"start":{"line":85,"column":6},"end":{"line":90,"column":9}},"type":"if","locations":[{"start":{"line":85,"column":6},"end":{"line":90,"column":9}},{"start":{"line":85,"column":6},"end":{"line":90,"column":9}}],"line":85},"27":{"loc":{"start":{"line":91,"column":6},"end":{"line":96,"column":9}},"type":"if","locations":[{"start":{"line":91,"column":6},"end":{"line":96,"column":9}},{"start":{"line":91,"column":6},"end":{"line":96,"column":9}}],"line":91},"28":{"loc":{"start":{"line":94,"column":19},"end":{"line":94,"column":36}},"type":"binary-expr","locations":[{"start":{"line":94,"column":19},"end":{"line":94,"column":28}},{"start":{"line":94,"column":32},"end":{"line":94,"column":36}}],"line":94},"29":{"loc":{"start":{"line":97,"column":6},"end":{"line":102,"column":9}},"type":"if","locations":[{"start":{"line":97,"column":6},"end":{"line":102,"column":9}},{"start":{"line":97,"column":6},"end":{"line":102,"column":9}}],"line":97},"30":{"loc":{"start":{"line":100,"column":19},"end":{"line":100,"column":36}},"type":"binary-expr","locations":[{"start":{"line":100,"column":19},"end":{"line":100,"column":28}},{"start":{"line":100,"column":32},"end":{"line":100,"column":36}}],"line":100}},"s":{"0":1,"1":1,"2":1,"3":1,"4":1,"5":1,"6":1,"7":1,"8":1,"9":1,"10":6,"11":6,"12":6,"13":6,"14":6,"15":0,"16":6,"17":6,"18":6,"19":6,"20":6,"21":6,"22":6,"23":30,"24":0,"25":0,"26":0,"27":0,"28":6,"29":1,"30":0,"31":0,"32":0,"33":0,"34":0,"35":0,"36":0,"37":0,"38":0,"39":0,"40":0,"41":1,"42":1,"43":1,"44":1,"45":4,"46":4,"47":4,"48":0,"49":0,"50":1,"51":1,"52":0,"53":1,"54":0,"55":0,"56":0,"57":0,"58":0,"59":0,"60":0,"61":0,"62":0,"63":0,"64":0,"65":0,"66":0,"67":0,"68":0,"69":0,"70":0,"71":0,"72":0,"73":1,"74":1,"75":1,"76":1,"77":1,"78":1,"79":3,"80":3,"81":3,"82":3,"83":0,"84":3,"85":3,"86":3,"87":1,"88":3,"89":0,"90":1,"91":1,"92":0,"93":0,"94":0,"95":0,"96":0,"97":0,"98":0,"99":0,"100":0,"101":0,"102":0,"103":0,"104":0,"105":1,"106":1},"f":{"0":6,"1":0,"2":6,"3":30,"4":0,"5":1,"6":0,"7":0,"8":0,"9":1,"10":4,"11":0,"12":1,"13":0,"14":0,"15":3,"16":3,"17":0,"18":0},"b":{"0":[6,0],"1":[6,0],"2":[6,0],"3":[6,0],"4":[0,0],"5":[0,1],"6":[1,1],"7":[0,0],"8":[0,0,0,0,0],"9":[0,0],"10":[0,0],"11":[0,1],"12":[1,0],"13":[0,1],"14":[0,0],"15":[0,0],"16":[0,0],"17":[0,0],"18":[0,0],"19":[0,0],"20":[0,0],"21":[0,0],"22":[0,0],"23":[0,0],"24":[0,3],"25":[3,0],"26":[0,0],"27":[0,0],"28":[0,0],"29":[0,0],"30":[0,0]},"inputSourceMap":{"version":3,"sources":["blog.route.js"],"names":["dotEnv","config","route","express","Router","posts","postData","post","id","jwt","sign","process","env","SECRET_KEY","err","token","res","status","json","message","postToken","push","getToken","req","previewPosts","i","verify","authUser","role","userToken"],"mappings":";;;;;;;;;;;AAAA;;AACA;;AACA;;AACA;;AACA;;AAEA;;;;;;;;;;;;AAGAA,mBAAOC,MAAP;;AAGA,IAAMC,KAAK,GAAGC,oBAAQC,MAAR,EAAd,C,CAEA;;;AAEA,IAAIC,KAAK,GAAG,EAAZ;;2CAEiBC,oB;;;;;QAARC,I;AACLA,IAAAA,IAAI;AAAKC,MAAAA,EAAE,EAAE,wBAAO,SAAP;AAAT,OAA+BD,IAA/B,CAAJ;;AACAE,6BAAIC,IAAJ,CAASH,IAAT,EAAeI,OAAO,CAACC,GAAR,CAAYC,UAA3B,EAAuC,UAACC,GAAD,EAAMC,KAAN,EAAgB;AACtD,UAAID,GAAJ,EACC,OAAOE,GAAG,CAACC,MAAJ,CAAW,GAAX,EAAgBC,IAAhB,CAAqB;AAC3BD,QAAAA,MAAM,EAAE,uBADmB;AAE3BE,QAAAA,OAAO,EAAE;AAFkB,OAArB,CAAP;;AAID,UAAIJ,KAAJ,EAAW;AACVR,QAAAA,IAAI;AAAIa,UAAAA,SAAS,EAAEL;AAAf,WAAyBR,IAAzB,CAAJ;AACAF,QAAAA,KAAK,CAACgB,IAAN,CAAWd,IAAX;AACA;AACD,KAVD;;;AAFJ,sDAA2B;AAAA;AAa1B;;;;;;;AAAA;AAEDL,KAAK,CAACK,IAAN,CAAW,OAAX,EAAoBe,kBAApB,EAA8B,UAACC,GAAD,EAAMP,GAAN,EAAc;AACxC,MAAMQ,YAAY,GAAG,EAArB;;AACA,OAAK,IAAIC,CAAC,GAAG,CAAb,EAAgBA,CAAC,GAAG,CAApB,EAAuBA,CAAC,EAAxB;AAA4BD,IAAAA,YAAY,CAACH,IAAb,CAAkBhB,KAAK,CAACoB,CAAD,CAAvB;AAA5B;;AAEA,MAAI;AACAhB,6BAAIiB,MAAJ,CAAWH,GAAG,CAACR,KAAf,EAAsBJ,OAAO,CAACC,GAAR,CAAYC,UAAlC,EAA8C,UAACC,GAAD,EAAMa,QAAN,EAAmB;AAC7D,UAAIb,GAAJ,EACI,OAAOE,GAAG,CAACC,MAAJ,CAAW,GAAX,EAAgBC,IAAhB,CAAqB;AAC3BD,QAAAA,MAAM,EAAE,8BADmB;AAE3BW,QAAAA,IAAI,EAAE,MAFqB;AAG3BC,QAAAA,SAAS,EAAE,IAHgB;AAIxBxB,QAAAA,KAAK,EAALA;AAJwB,OAArB,CAAP;AAMJ,UAAIsB,QAAQ,CAACC,IAAT,KAAkB,OAAtB,EACI,OAAOZ,GAAG,CAACC,MAAJ,CAAW,GAAX,EAAgBC,IAAhB,CAAqB;AAC3BD,QAAAA,MAAM,EAAE,SADmB;AAExBW,QAAAA,IAAI,EAAE,OAFkB;AAGxBC,QAAAA,SAAS,EAAEN,GAAG,CAACR,KAAJ,IAAa,IAHA;AAIxBV,QAAAA,KAAK,EAALA;AAJwB,OAArB,CAAP;AAOJ,UAAIsB,QAAQ,CAACC,IAAT,KAAkB,MAAtB,EACI,OAAOZ,GAAG,CAACC,MAAJ,CAAW,GAAX,EAAgBC,IAAhB,CAAqB;AAC3BD,QAAAA,MAAM,EAAE,SADmB;AAExBW,QAAAA,IAAI,EAAE,MAFkB;AAGxBC,QAAAA,SAAS,EAAEN,GAAG,CAACR,KAAJ,IAAa,IAHA;AAIxBV,QAAAA,KAAK,EAALA;AAJwB,OAArB,CAAP;AAMP,KAvBD;AAwBH,GAzBD,CAyBE,OAAMS,GAAN,EAAW;AACT,WAAOE,GAAG,CAACC,MAAJ,CAAW,GAAX,EAAgBC,IAAhB,CAAqB;AACxBD,MAAAA,MAAM,EAAE,8BADgB;AAExBW,MAAAA,IAAI,EAAE,MAFkB;AAGxBC,MAAAA,SAAS,EAAE,IAHa;AAIxBxB,MAAAA,KAAK,EAALA;AAJwB,KAArB,CAAP;AAMH;;AAAA;AACJ,CArCD;eAuCeH,K","sourceRoot":"/home/ishmax/backend-blog-api/src/routes/","sourcesContent":["import jwt from 'jsonwebtoken';\nimport dotEnv from 'dotenv';\nimport express from 'express';\nimport postData from '../models/post-data.json';\nimport uniqid from 'uniqid';\n// import { getPostsByCount } from '../controllers/blog.controller';\nimport { getToken } from '../middlewares/getToken';\n\n\ndotEnv.config();\n\n\nconst route = express.Router();\n\n// Assign each post a unique id\n\nlet posts = [];\n\nfor (let post of postData) {\n    post = { id: uniqid('postid-'), ...post };\n    jwt.sign(post, process.env.SECRET_KEY, (err, token) => {\n    \tif (err)\n    \t\treturn res.status(501).json({\n    \t\t\tstatus: 'Internal Server Error',\n    \t\t\tmessage: 'Cannot generate token for each post'\n    \t\t});\n    \tif (token) {\n    \t\tpost = {postToken: token, ...post};\n    \t\tposts.push(post);\n    \t}\n    });\n};\n\nroute.post('/blog', getToken, (req, res) => {\n    const previewPosts = [];\n    for (let i = 0; i < 3; i++) previewPosts.push(posts[i]);\n    \n    try {\n        jwt.verify(req.token, process.env.SECRET_KEY, (err, authUser) => {\n            if (err)\n                return res.status(200).json({\n                \tstatus: 'Success - user not logged in',\n                \trole: 'user',\n                \tuserToken: null,\n                    posts\n                });\n            if (authUser.role === 'admin')\n                return res.status(200).json({\n                \tstatus: 'Success',\n                    role: 'admin',\n                    userToken: req.token || null,\n                    posts\n                });\n            \n            if (authUser.role === 'user')\n                return res.status(200).json({\n                \tstatus: 'Success',\n                    role: 'user',\n                    userToken: req.token || null,\n                    posts\n                });\n        });\n    } catch(err) {\n        return res.status(200).json({\n            status: 'Success - user not logged in',\n            role: 'user',\n            userToken: null,\n            posts\n        });\n    };\n});\n\nexport default route;"]},"_coverageSchema":"1a1c01bbd47fc00a2c39e90264f33305004495a9","hash":"cc20eb5ada68efd416068cc34064089561504516","contentHash":"217d3a85d64aeb902b66345b1e51c419fcfdffb6ef03017c174bc615b36497e9"}}